





                                  ****
                                *      *
                               *        *
                               *  N A S T R A N
                               *        *
                                *      *
                                  ****


                             SUN COMPUTER SYSTEMS    
                                SOLARIS VERSION

                          SYSTEM RELEASE -  1995 ED.

                                DISTRIBUTED BY

         COMPUTER SOFTWARE MANAGEMENT AND INFORMATION CENTER (COSMIC)
                 UNIVERSITY OF GEORGIA, ATHENS, GEORGIA 30602
                 PHONE: (706)542-3265      FAX: (706)542-4807
1                                                                           /    95 SUN SOLARIS NASTRAN    / MAY 17, 95 / PAGE     2
                                                                                                                                    
0                                                                                                                                   
                                                                                                         
                                                                                                         
                         INSTALLATION CENTER USER INFORMATION GIVEN IN THIS SECTION                      
                                                                                                         
                                     *********************************************                       
                                     *                                           *                       
                                     *  PLEASE READ THE COMMENT IN DEMO PROBLEM  *                       
                                     *  D01002A ABOUT SYSTEM TIMING CONSTANTS    *                       
                                     *                                           *                       
                                     *********************************************                       
                                                                                                         
                         ===X=    TOP OF PAGE REQUEST IF 'X' IS REPLACED BY '='                          
                                                                                                         
1                                                                           /    95 SUN SOLARIS NASTRAN    / MAY 17, 95 / PAGE     3
                                                                                                                                    
0                                                                                                                                   
0*** USER INFORMATION MESSAGE 225, GINO TIME CONSTANTS ARE BEING COMPUTED
     (SEE NASINFO FILE FOR ELIMINATION OF THESE COMPUTATIONS)
1                                                                           /    95 SUN SOLARIS NASTRAN    / MAY 17, 95 / PAGE     4
                                                                                                                                    
0        N A S T R A N    E X E C U T I V E    C O N T R O L    D E C K    E C H O                                                  
0                                                                                                                                   
                                                                                                                                    
                                                                                                                                    
     ID    D01061A,NASTRAN                                                           
     APP   DISP                                                                      
     SOL   1,1                                                                       
     TIME  5                                                                         
     CEND                                                                            


0*** USER INFORMATION MESSAGE, TURN DIAG 48 ON FOR NASTRAN RELEASE NEWS, DIAG DEFINITION, NEW DMAP
         MODULES AND NEW BULKDATA CARDS INFORMATION
1     SOLID DISC WITH RADIALLY VARYING THERMAL LOAD                         /    95 SUN SOLARIS NASTRAN    / MAY 17, 95 / PAGE     5
      NASTRAN DEMONSTRATION PROBLEM NO. D01-06-1A                                                                                   
0     TRAPEZOIDAL RING ELEMENTS                                                                                                     
0                                        C A S E    C O N T R O L   D E C K   E C H O                                               
                 CARD                                                                                                               
                 COUNT                                                                                                              
                  1      TITLE    = SOLID DISC WITH RADIALLY VARYING THERMAL LOAD                        
                  2      SUBTITLE = NASTRAN DEMONSTRATION PROBLEM NO. D01-06-1A                          
                  3      LABEL    = TRAPEZOIDAL RING ELEMENTS                                            
                  4      SPC = 16                                                                        
                  5      TEMPERATURE(LOAD) = 16                                                          
                  6          OUTPUT                                                                      
                  7             SET 1 = 1,3,5,7,9,11,13,15,17,19,21,23,25,26                             
                  8             DISP  = 1                                                                
                  9             ELSTRESS = ALL                                                           
                 10      BEGIN BULK                                                                      


                        (NO. OF UNSORTED BULK DATA CARDS READ =    50, INCLUDING   0 COMMENT CARDS)
0*** USER INFORMATION MESSAGE 207, BULK DATA DECK IS NOT SORTED. NASTRAN WILL RE-ORDER THE INPUT DECK.
1     SOLID DISC WITH RADIALLY VARYING THERMAL LOAD                         /    95 SUN SOLARIS NASTRAN    / MAY 17, 95 / PAGE     6
      NASTRAN DEMONSTRATION PROBLEM NO. D01-06-1A                                                                                   
0     TRAPEZOIDAL RING ELEMENTS                                                                                                     
0                                                 S O R T E D   B U L K    D A T A    E C H O                                       
                     CARD                                                                                                           
                     COUNT        ---1--- +++2+++ ---3--- +++4+++ ---5--- +++6+++ ---7--- +++8+++ ---9--- +++10+++                  
                    1-        CTRAPRG 1       1       3       4       2       .0      12                      
                    2-        CTRAPRG 2       3       5       6       4       .0      12                      
                    3-        CTRAPRG 3       5       7       8       6       .0      12                      
                    4-        CTRAPRG 4       7       9       10      8       .0      12                      
                    5-        CTRAPRG 5       9       11      12      10      .0      12                      
                    6-        CTRAPRG 6       11      13      14      12      .0      12                      
                    7-        CTRAPRG 7       13      15      16      14      .0      12                      
                    8-        CTRAPRG 8       15      17      18      16      .0      12                      
                    9-        CTRAPRG 9       17      19      20      18      .0      12                      
                   10-        CTRAPRG 10      19      21      22      20      .0      12                      
                   11-        CTRAPRG 11      21      23      24      22      .0      12                      
                   12-        CTRAPRG 12      23      25      26      24      .0      12                      
                   13-        GRDSET                                                  2456                    
                   14-        GRID    1               .0                                                      
                   15-        GRID    2               .0              .01                                     
                   16-        GRID    3               .005                                                    
                   17-        GRID    4               .005            .01                                     
                   18-        GRID    5               .01                                                     
                   19-        GRID    6               .01             .01                                     
                   20-        GRID    7               .015                                                    
                   21-        GRID    8               .015            .01                                     
                   22-        GRID    9               .02                                                     
                   23-        GRID    10              .02             .01                                     
                   24-        GRID    11              .03                                                     
                   25-        GRID    12              .03             .01                                     
                   26-        GRID    13              .04                                                     
                   27-        GRID    14              .04             .01                                     
                   28-        GRID    15              .05                                                     
                   29-        GRID    16              .05             .01                                     
                   30-        GRID    17              .06                                                     
                   31-        GRID    18              .06             .01                                     
                   32-        GRID    19              .07                                                     
                   33-        GRID    20              .07             .01                                     
                   34-        GRID    21              .08                                                     
                   35-        GRID    22              .08             .01                                     
                   36-        GRID    23              .09                                                     
                   37-        GRID    24              .09             .01                                     
                   38-        GRID    25              .10                                                     
                   39-        GRID    26              .10             .01                                     
                   40-        MAT1    12      1.0+7           .3      .2587-3 1.0-7   .0                      
                   41-        SPC     16      1       13      .0      2       1       .0                      
                   42-        TEMP    16      1       100.    2       100.    3       99.75                   
                   43-        TEMP    16      4       99.75   5       99.0    6       99.0                    
                   44-        TEMP    16      7       97.75   8       97.75   9       96.0                    
                   45-        TEMP    16      10      96.0    11      91.0    12      91.0                    
                   46-        TEMP    16      13      84.0    14      84.0    15      75.0                    
                   47-        TEMP    16      16      75.0    17      64.0    18      64.0                    
1     SOLID DISC WITH RADIALLY VARYING THERMAL LOAD                         /    95 SUN SOLARIS NASTRAN    / MAY 17, 95 / PAGE     7
      NASTRAN DEMONSTRATION PROBLEM NO. D01-06-1A                                                                                   

      TRAPEZOIDAL RING ELEMENTS                                                                                                     

                                                  S O R T E D   B U L K    D A T A    E C H O                                       
                     CARD                                                                                                           
                     COUNT        ---1--- +++2+++ ---3--- +++4+++ ---5--- +++6+++ ---7--- +++8+++ ---9--- +++10+++                  
                   48-        TEMP    16      19      51.0    20      51.0    21      36.0                    
                   49-        TEMP    16      22      36.0    23      19.0    24      19.0                    
                   50-        TEMP    16      25      .0      26      .0                                      
                              ENDDATA
1     SOLID DISC WITH RADIALLY VARYING THERMAL LOAD                         /    95 SUN SOLARIS NASTRAN    / MAY 17, 95 / PAGE     8
      NASTRAN DEMONSTRATION PROBLEM NO. D01-06-1A                                                                                   
0     TRAPEZOIDAL RING ELEMENTS                                                                                                     
0*** USER INFORMATION MESSAGES FROM RESEQUENCING PROCESSOR - BANDIT     (CRI= 1,  MTH= 3,  MPC= 0,  DEP=-1,  PCH=-1)

                               BEFORE RESEQUENCING - - -
                                        BANDWIDTH            4
                                        PROFILE             87
                                        MAX WAVEFRONT        4
                                        AVG WAVEFRONT    3.346
                                        RMS WAVEFRONT    3.425
                                        RMS BANDWIDTH    3.425

                               AFTER RESEQUENCING BY GIBBS-POOLE-STOCKMEYER (GPS) ALGORITHM - - -
                                        BANDWIDTH            4
                                        PROFILE             87
                                        MAX WAVEFRONT        4
                                        AVG WAVEFRONT    3.346
                                        RMS WAVEFRONT    3.425
                                        RMS BANDWIDTH    3.425


                                                     *** BANDIT SUMMARY ***

                                                                        BEFORE     AFTER
                                        BANDWIDTH (B)                        4         4
                                        PROFILE (P)                         87        87
                                        MAXIMUM WAVEFRONT (C-MAX)            4         4
                                        AVERAGE WAVEFRONT (C-AVG)        3.346     3.346
                                        RMS WAVEFRONT (C-RMS)            3.425     3.425
                                        RMS BANDWITCH (B-RMS)            3.425     3.425
                                        NUMBER OF GRID POINTS (N)                     26
                                        NUMBER OF ELEMENTS (NON-RIGID)                12
                                        NUMBER OF RIGID ELEMENTS PROCESSED*            0
                                        NUMBER OF MPC  EQUATIONS PROCESSED*            0
                                        NUMBER OF COMPONENTS                           1
                                        MAXIMUM NODAL DEGREE                           5
                                        MINIMUM NODAL DEGREE                           3
                                        NUMBER OF UNIQUE EDGES                        61
                                        MATRIX DENSITY, PERCENT                   21.893
                                        NUMBER OF POINTS OF ZERO DEGREE                0
                                        BANDIT OPEN CORE                         1998969
                                        CRITERION*                         RMS WAVEFRONT
                                        METHOD USED*                                 GPS

                               (* THESE DEFAULT OPTIONS CAN BE OVERRIDDEN BY THE NASTRAN CARD)


                               BANDIT FINDS GRID POINT RE-SEQUENCING NOT NECESSARY
0         **NO ERRORS FOUND - EXECUTE NASTRAN PROGRAM**
0*** USER INFORMATION MESSAGE 238, TURN DIAG 38 ON FOR ADDITIONAL ELEMENT PROCESSING INFORMATION

0*** USER INFORMATION MESSAGE 3113,
     EMG MODULE PROCESSING DOUBLE PRECISION TRAPRG   ELEMENTS (ELEMENT TYPE  37) STARTING WITH ID        1
0*** USER INFORMATION MESSAGE 3035
     FOR SUBCASE NUMBER     1, EPSILON SUB E =  -9.8344422E-16
0*** SYSTEM WARNING MESSAGE 3022
+                                 (SEE PROG. MANUAL SEC. 4.9.7, OR USERS' MANUAL P. 6.5-3)
     DATA BLOCK ONRGY1   MAY BE REQUIRED AS INPUT AND IS NOT OUTPUT BY A PREVIOUS MODULE IN THE CURRENT DMAP ROUTE.
1     SOLID DISC WITH RADIALLY VARYING THERMAL LOAD                         /    95 SUN SOLARIS NASTRAN    / MAY 17, 95 / PAGE     9
      NASTRAN DEMONSTRATION PROBLEM NO. D01-06-1A                                                                                   
0     TRAPEZOIDAL RING ELEMENTS                                                                                                     
 
                                             D I S P L A C E M E N T   V E C T O R
 
      POINT ID.   TYPE          T1             T2             T3             R1             R2             R3
             1      G      0.0            0.0            0.0            0.0            0.0            0.0                           
             3      G      4.137375E-08   0.0            1.617766E-10   0.0            0.0            0.0                           
             5      G      8.247069E-08   0.0            6.340573E-10   0.0            0.0            0.0                           
             7      G      1.230682E-07   0.0            1.444846E-09   0.0            0.0            0.0                           
             9      G      1.628908E-07   0.0            2.402843E-09   0.0            0.0            0.0                           
            11      G      2.390447E-07   0.0            5.696864E-09   0.0            0.0            0.0                           
            13      G      3.093366E-07   0.0            1.021249E-08   0.0            0.0            0.0                           
            15      G      3.717856E-07   0.0            1.604569E-08   0.0            0.0            0.0                           
            17      G      4.244503E-07   0.0            2.318027E-08   0.0            0.0            0.0                           
            19      G      4.653845E-07   0.0            3.161578E-08   0.0            0.0            0.0                           
            21      G      4.926447E-07   0.0            4.136025E-08   0.0            0.0            0.0                           
            23      G      5.042713E-07   0.0            5.237228E-08   0.0            0.0            0.0                           
            25      G      4.983839E-07   0.0            6.487542E-08   0.0            0.0            0.0                           
            26      G      4.983834E-07   0.0            4.975312E-08   0.0            0.0            0.0                           
1     SOLID DISC WITH RADIALLY VARYING THERMAL LOAD                         /    95 SUN SOLARIS NASTRAN    / MAY 17, 95 / PAGE    10
      NASTRAN DEMONSTRATION PROBLEM NO. D01-06-1A                                                                                   
0     TRAPEZOIDAL RING ELEMENTS                                                                                                     
 
                  S T R E S S E S   F O R   T H E   T R A P E Z O I D A L   R I N G S     ( C T R A P R G )
     EL      STRESS               RADIAL                CIRCUMFERENTIAL                AXIAL                     SHEAR
     ID       POINT                 (X)                     (THETA)                     (Z)                       (ZX)
0       1       1              -2.474039E+01             -2.474039E+01             -2.192230E-01              1.244435E-01          
                2              -2.430206E+01             -2.430206E+01             -2.976990E-02              1.244488E-01          
                3              -2.430200E+01             -2.430200E+01             -2.973938E-02             -1.244354E-01          
                4              -2.474033E+01             -2.474033E+01             -2.191925E-01             -1.244431E-01          
                5              -2.452119E+01             -2.452119E+01             -1.244965E-01              3.814697E-06          
0       2       1              -2.504733E+01             -2.462146E+01             -3.491821E-01              3.632984E-01          
                2              -2.387700E+01             -2.366411E+01              9.443665E-02              3.633709E-01          
                3              -2.387636E+01             -2.366364E+01              9.475708E-02             -3.633118E-01          
                4              -2.504681E+01             -2.462119E+01             -3.489532E-01             -3.633804E-01          
                5              -2.448849E+01             -2.420467E+01             -1.538391E-01             -3.814697E-06          
0       3       1              -2.522168E+01             -2.424036E+01             -4.818726E-01              6.237621E-01          
                2              -2.327759E+01             -2.262338E+01              2.147980E-01              6.236801E-01          
                3              -2.327820E+01             -2.262361E+01              2.145233E-01             -6.237564E-01          
                4              -2.522218E+01             -2.424033E+01             -4.819946E-01             -6.236725E-01          
                5              -2.427440E+01             -2.348918E+01             -1.581879E-01              0.0                   
0       4       1              -2.536394E+01             -2.351753E+01             -6.793671E-01              7.369156E-01          
                2              -2.244048E+01             -2.105571E+01              7.702179E-01              7.369189E-01          
                3              -2.244044E+01             -2.105569E+01              7.702332E-01             -7.369156E-01          
                4              -2.536391E+01             -2.351753E+01             -6.793365E-01             -7.369156E-01          
                5              -2.392694E+01             -2.234435E+01              2.070618E-02              3.814697E-06          
0       5       1              -2.714015E+01             -2.306981E+01             -1.243896E+00              1.266930E+00          
                2              -1.945836E+01             -1.674481E+01              1.370407E+00              1.266830E+00          
                3              -1.945874E+01             -1.674504E+01              1.370193E+00             -1.266918E+00          
                4              -2.714052E+01             -2.306996E+01             -1.244034E+00             -1.266819E+00          
                5              -2.340117E+01             -2.014485E+01             -3.858948E-02              1.907349E-06          
0       6       1              -2.734969E+01             -2.012682E+01             -2.011597E+00              1.736679E+00          
                2              -1.641396E+01             -1.099689E+01              1.977310E+00              1.736687E+00          
                3              -1.641402E+01             -1.099698E+01              1.977295E+00             -1.736675E+00          
                4              -2.734969E+01             -2.012691E+01             -2.011642E+00             -1.736683E+00          
                5              -2.197858E+01             -1.578760E+01             -1.138763E-01              1.907349E-06          
0       7       1              -2.697171E+01             -1.552158E+01             -2.547363E+00              2.243439E+00          
                2              -1.291940E+01             -3.759308E+00              2.531219E+00              2.243369E+00          
                3              -1.291965E+01             -3.759552E+00              2.531067E+00             -2.243446E+00          
                4              -2.697198E+01             -1.552176E+01             -2.547516E+00             -2.243385E+00          
                5              -2.004103E+01             -9.863220E+00             -1.035309E-01             -1.525879E-05          
1     SOLID DISC WITH RADIALLY VARYING THERMAL LOAD                         /    95 SUN SOLARIS NASTRAN    / MAY 17, 95 / PAGE    11
      NASTRAN DEMONSTRATION PROBLEM NO. D01-06-1A                                                                                   
0     TRAPEZOIDAL RING ELEMENTS                                                                                                     
 
                  S T R E S S E S   F O R   T H E   T R A P E Z O I D A L   R I N G S     ( C T R A P R G )
     EL      STRESS               RADIAL                CIRCUMFERENTIAL                AXIAL                     SHEAR
     ID       POINT                 (X)                     (THETA)                     (Z)                       (ZX)
0       8       1              -2.609064E+01             -9.404114E+00             -3.113571E+00              2.743912E+00          
                2              -8.908356E+00              4.996979E+00              3.092590E+00              2.744110E+00          
                3              -8.907654E+00              4.997299E+00              3.092926E+00             -2.743912E+00          
                4              -2.608997E+01             -9.403931E+00             -3.113312E+00             -2.744110E+00          
                5              -1.759395E+01             -2.424667E+00             -1.051636E-01              0.0                   
0       9       1              -2.469951E+01             -1.770630E+00             -3.675034E+00              3.244461E+00          
                2              -4.389656E+00              1.526368E+01              3.656883E+00              3.244522E+00          
                3              -4.389366E+00              1.526380E+01              3.656990E+00             -3.244459E+00          
                4              -2.469925E+01             -1.770493E+00             -3.674927E+00             -3.244526E+00          
                5              -1.463896E+01              6.526123E+00             -1.034851E-01             -9.536743E-06          
0      10       1              -2.279702E+01              7.374870E+00             -4.231956E+00              3.747971E+00          
                2               6.308899E-01              2.703125E+01              4.204369E+00              3.747760E+00          
                3               6.300659E-01              2.703085E+01              4.204033E+00             -3.747963E+00          
                4              -2.279765E+01              7.374596E+00             -4.232201E+00             -3.747763E+00          
                5              -1.117762E+01              1.698296E+01             -1.082077E-01             -2.861023E-06          
0      11       1              -2.041447E+01              1.801181E+01             -4.815056E+00              4.235291E+00          
                2               6.177742E+00              4.033441E+01              4.836357E+00              4.235104E+00          
                3               6.177078E+00              4.033403E+01              4.836037E+00             -4.235292E+00          
                4              -2.041515E+01              1.801149E+01             -4.815300E+00             -4.235102E+00          
                5              -7.212791E+00              2.895321E+01             -8.361816E-02              1.811981E-05          
0      12       1              -1.739876E+01              3.023016E+01             -5.267845E+00              4.808609E+00          
                2               1.210323E+01              5.496916E+01              4.999410E+00              4.808709E+00          
                3               1.210345E+01              5.496924E+01              4.999448E+00             -4.808615E+00          
                4              -1.739862E+01              3.023019E+01             -5.267723E+00             -4.808710E+00          
                5              -2.741669E+00              4.238035E+01             -2.281456E-01             -1.239777E-05          
1     SOLID DISC WITH RADIALLY VARYING THERMAL LOAD                         /    95 SUN SOLARIS NASTRAN    / MAY 17, 95 / PAGE    12
      NASTRAN DEMONSTRATION PROBLEM NO. D01-06-1A                                                                                   

      TRAPEZOIDAL RING ELEMENTS                                                                                                     




0*** SYSTEM WARNING MESSAGE 3022
+                                 (SEE PROG. MANUAL SEC. 4.9.7, OR USERS' MANUAL P. 6.5-3)
     DATA BLOCK ONRGY1   MAY BE REQUIRED AS INPUT AND IS NOT OUTPUT BY A PREVIOUS MODULE IN THE CURRENT DMAP ROUTE.




                                        * * * END OF JOB * * *
1
 JOB TITLE =  SOLID DISC WITH RADIALLY VARYING THERMAL LOAD                      
 DATE:  5/17/95
 END TIME: 14:55:39
 TOTAL WALL CLOCK TIME      2 SEC.
 
