





                                  ****
                                *      *
                               *        *
                               *  N A S T R A N
                               *        *
                                *      *
                                  ****


                             SUN COMPUTER SYSTEMS    
                                SOLARIS VERSION

                          SYSTEM RELEASE -  1995 ED.

                                DISTRIBUTED BY

         COMPUTER SOFTWARE MANAGEMENT AND INFORMATION CENTER (COSMIC)
                 UNIVERSITY OF GEORGIA, ATHENS, GEORGIA 30602
                 PHONE: (706)542-3265      FAX: (706)542-4807
1                                                                           /    95 SUN SOLARIS NASTRAN    / MAY 17, 95 / PAGE     2
                                                                                                                                    
0                                                                                                                                   
                                                                                                         
                                                                                                         
                         INSTALLATION CENTER USER INFORMATION GIVEN IN THIS SECTION                      
                                                                                                         
                                     *********************************************                       
                                     *                                           *                       
                                     *  PLEASE READ THE COMMENT IN DEMO PROBLEM  *                       
                                     *  D01002A ABOUT SYSTEM TIMING CONSTANTS    *                       
                                     *                                           *                       
                                     *********************************************                       
                                                                                                         
                         ===X=    TOP OF PAGE REQUEST IF 'X' IS REPLACED BY '='                          
                                                                                                         
1                                                                           /    95 SUN SOLARIS NASTRAN    / MAY 17, 95 / PAGE     3
                                                                                                                                    
0                                                                                                                                   
0*** USER INFORMATION MESSAGE 225, GINO TIME CONSTANTS ARE BEING COMPUTED
     (SEE NASINFO FILE FOR ELIMINATION OF THESE COMPUTATIONS)
1                                                                           /    95 SUN SOLARIS NASTRAN    / MAY 17, 95 / PAGE     4
                                                                                                                                    
0        N A S T R A N    E X E C U T I V E    C O N T R O L    D E C K    E C H O                                                  
0                                                                                                                                   
                                                                                                                                    
                                                                                                                                    
     ID    D01081A,NASTRAN                                                           
     APP   DISPLACEMENT                                                              
     SOL   1,3                                                                       
     TIME  15                                                                        
     CEND                                                                            


0*** USER INFORMATION MESSAGE, TURN DIAG 48 ON FOR NASTRAN RELEASE NEWS, DIAG DEFINITION, NEW DMAP
         MODULES AND NEW BULKDATA CARDS INFORMATION
1     1 X 4 X 10  CANTILEVER BEAM USING CUBIC CHEXA1 ELEMENTS.              /    95 SUN SOLARIS NASTRAN    / MAY 17, 95 / PAGE     5
      NASTRAN DEMONSTRATION PROBLEM NO. D01-08-1A                                                                                   
0     TWO PLANES OF SYMMETRY, PURE BENDING MOMENT                                                                                   
0                                        C A S E    C O N T R O L   D E C K   E C H O                                               
                 CARD                                                                                                               
                 COUNT                                                                                                              
                  1      TITLE    = 1 X 4 X 10  CANTILEVER BEAM USING CUBIC CHEXA1 ELEMENTS.             
                  2      SUBTITLE = NASTRAN DEMONSTRATION PROBLEM NO. D01-08-1A                          
                  3      LABEL    = TWO PLANES OF SYMMETRY, PURE BENDING MOMENT                          
                  4           SPC = 10                                                                   
                  5          LOAD = 10                                                                   
                  6      OUTPUT                                                                          
                  7            DISPLACEMENT = ALL                                                        
                  8            SPCFORCE = ALL                                                            
                  9            OLOAD  = ALL                                                              
                 10            STRESS = ALL                                                              
                 11      BEGIN BULK                                                                      


                        (NO. OF UNSORTED BULK DATA CARDS READ =   217, INCLUDING   0 COMMENT CARDS)
0*** USER INFORMATION MESSAGE 207, BULK DATA DECK IS NOT SORTED. NASTRAN WILL RE-ORDER THE INPUT DECK.
1     1 X 4 X 10  CANTILEVER BEAM USING CUBIC CHEXA1 ELEMENTS.              /    95 SUN SOLARIS NASTRAN    / MAY 17, 95 / PAGE     6
      NASTRAN DEMONSTRATION PROBLEM NO. D01-08-1A                                                                                   
0     TWO PLANES OF SYMMETRY, PURE BENDING MOMENT                                                                                   
0                                                 S O R T E D   B U L K    D A T A    E C H O                                       
                     CARD                                                                                                           
                     COUNT        ---1--- +++2+++ ---3--- +++4+++ ---5--- +++6+++ ---7--- +++8+++ ---9--- +++10+++                  
                    1-        CHEXA1  1       1       2       1       3       4       12      11      +HEX   1
                    2-        +HEX   113      14                                                              
                    3-        CHEXA1  2       1       4       3       5       6       14      13      +HEX   2
                    4-        +HEX   215      16                                                              
                    5-        CHEXA1  3       1       6       5       7       8       16      15      +HEX   3
                    6-        +HEX   317      18                                                              
                    7-        CHEXA1  4       1       8       7       9       10      18      17      +HEX   4
                    8-        +HEX   419      20                                                              
                    9-        CHEXA1  5       1       12      11      13      14      22      21      +HEX   5
                   10-        +HEX   523      24                                                              
                   11-        CHEXA1  6       1       14      13      15      16      24      23      +HEX   6
                   12-        +HEX   625      26                                                              
                   13-        CHEXA1  7       1       16      15      17      18      26      25      +HEX   7
                   14-        +HEX   727      28                                                              
                   15-        CHEXA1  8       1       18      17      19      20      28      27      +HEX   8
                   16-        +HEX   829      30                                                              
                   17-        CHEXA1  9       1       22      21      23      24      32      31      +HEX   9
                   18-        +HEX   933      34                                                              
                   19-        CHEXA1  10      1       24      23      25      26      34      33      +HEX  10
                   20-        +HEX  1035      36                                                              
                   21-        CHEXA1  11      1       26      25      27      28      36      35      +HEX  11
                   22-        +HEX  1137      38                                                              
                   23-        CHEXA1  12      1       28      27      29      30      38      37      +HEX  12
                   24-        +HEX  1239      40                                                              
                   25-        CHEXA1  13      1       32      31      33      34      42      41      +HEX  13
                   26-        +HEX  1343      44                                                              
                   27-        CHEXA1  14      1       34      33      35      36      44      43      +HEX  14
                   28-        +HEX  1445      46                                                              
                   29-        CHEXA1  15      1       36      35      37      38      46      45      +HEX  15
                   30-        +HEX  1547      48                                                              
                   31-        CHEXA1  16      1       38      37      39      40      48      47      +HEX  16
                   32-        +HEX  1649      50                                                              
                   33-        CHEXA1  17      1       42      41      43      44      52      51      +HEX  17
                   34-        +HEX  1753      54                                                              
                   35-        CHEXA1  18      1       44      43      45      46      54      53      +HEX  18
                   36-        +HEX  1855      56                                                              
                   37-        CHEXA1  19      1       46      45      47      48      56      55      +HEX  19
                   38-        +HEX  1957      58                                                              
                   39-        CHEXA1  20      1       48      47      49      50      58      57      +HEX  20
                   40-        +HEX  2059      60                                                              
                   41-        CHEXA1  21      1       52      51      53      54      62      61      +HEX  21
                   42-        +HEX  2163      64                                                              
                   43-        CHEXA1  22      1       54      53      55      56      64      63      +HEX  22
                   44-        +HEX  2265      66                                                              
                   45-        CHEXA1  23      1       56      55      57      58      66      65      +HEX  23
                   46-        +HEX  2367      68                                                              
                   47-        CHEXA1  24      1       58      57      59      60      68      67      +HEX  24
1     1 X 4 X 10  CANTILEVER BEAM USING CUBIC CHEXA1 ELEMENTS.              /    95 SUN SOLARIS NASTRAN    / MAY 17, 95 / PAGE     7
      NASTRAN DEMONSTRATION PROBLEM NO. D01-08-1A                                                                                   

      TWO PLANES OF SYMMETRY, PURE BENDING MOMENT                                                                                   

                                                  S O R T E D   B U L K    D A T A    E C H O                                       
                     CARD                                                                                                           
                     COUNT        ---1--- +++2+++ ---3--- +++4+++ ---5--- +++6+++ ---7--- +++8+++ ---9--- +++10+++                  
                   48-        +HEX  2469      70                                                              
                   49-        CHEXA1  25      1       62      61      63      64      72      71      +HEX  25
                   50-        +HEX  2573      74                                                              
                   51-        CHEXA1  26      1       64      63      65      66      74      73      +HEX  26
                   52-        +HEX  2675      76                                                              
                   53-        CHEXA1  27      1       66      65      67      68      76      75      +HEX  27
                   54-        +HEX  2777      78                                                              
                   55-        CHEXA1  28      1       68      67      69      70      78      77      +HEX  28
                   56-        +HEX  2879      80                                                              
                   57-        CHEXA1  29      1       72      71      73      74      82      81      +HEX  29
                   58-        +HEX  2983      84                                                              
                   59-        CHEXA1  30      1       74      73      75      76      84      83      +HEX  30
                   60-        +HEX  3085      86                                                              
                   61-        CHEXA1  31      1       76      75      77      78      86      85      +HEX  31
                   62-        +HEX  3187      88                                                              
                   63-        CHEXA1  32      1       78      77      79      80      88      87      +HEX  32
                   64-        +HEX  3289      90                                                              
                   65-        CHEXA1  33      1       82      81      83      84      92      91      +HEX  33
                   66-        +HEX  3393      94                                                              
                   67-        CHEXA1  34      1       84      83      85      86      94      93      +HEX  34
                   68-        +HEX  3495      96                                                              
                   69-        CHEXA1  35      1       86      85      87      88      96      95      +HEX  35
                   70-        +HEX  3597      98                                                              
                   71-        CHEXA1  36      1       88      87      89      90      98      97      +HEX  36
                   72-        +HEX  3699      100                                                             
                   73-        CHEXA1  37      1       92      91      93      94      102     101     +HEX  37
                   74-        +HEX  37103     104                                                             
                   75-        CHEXA1  38      1       94      93      95      96      104     103     +HEX  38
                   76-        +HEX  38105     106                                                             
                   77-        CHEXA1  39      1       96      95      97      98      106     105     +HEX  39
                   78-        +HEX  39107     108                                                             
                   79-        CHEXA1  40      1       98      97      99      100     108     107     +HEX  40
                   80-        +HEX  40109     110                                                             
                   81-        CNGRNT  1       2       THRU    40                                              
                   82-        FORCE   10      103             5.818182-1.0    .0      .0                      
                   83-        FORCE   10      104             5.818182-1.0    .0      .0                      
                   84-        FORCE   10      105             5.818182-2.0    .0      .0                      
                   85-        FORCE   10      106             5.818182-2.0    .0      .0                      
                   86-        FORCE   10      107             5.818182-3.0    .0      .0                      
                   87-        FORCE   10      108             5.818182-3.0    .0      .0                      
                   88-        FORCE   10      109             5.818182-2.0    .0      .0                      
                   89-        FORCE   10      110             5.818182-2.0    .0      .0                      
                   90-        GRID    1               .00     .00     .00             456                     
                   91-        GRID    2               .00     .00     2.00000         456                     
                   92-        GRID    3               .00     2.00000 .00             456                     
                   93-        GRID    4               .00     2.00000 2.00000         456                     
                   94-        GRID    5               .00     4.00000 .00             456                     
1     1 X 4 X 10  CANTILEVER BEAM USING CUBIC CHEXA1 ELEMENTS.              /    95 SUN SOLARIS NASTRAN    / MAY 17, 95 / PAGE     8
      NASTRAN DEMONSTRATION PROBLEM NO. D01-08-1A                                                                                   

      TWO PLANES OF SYMMETRY, PURE BENDING MOMENT                                                                                   

                                                  S O R T E D   B U L K    D A T A    E C H O                                       
                     CARD                                                                                                           
                     COUNT        ---1--- +++2+++ ---3--- +++4+++ ---5--- +++6+++ ---7--- +++8+++ ---9--- +++10+++                  
                   95-        GRID    6               .00     4.00000 2.00000         456                     
                   96-        GRID    7               .00     6.00000 .00             456                     
                   97-        GRID    8               .00     6.00000 2.00000         456                     
                   98-        GRID    9               .00     8.00000 .00             456                     
                   99-        GRID    10              .00     8.00000 2.00000         456                     
                  100-        GRID    11              2.00000 .00     .00             456                     
                  101-        GRID    12              2.00000 .00     2.00000         456                     
                  102-        GRID    13              2.00000 2.00000 .00             456                     
                  103-        GRID    14              2.00000 2.00000 2.00000         456                     
                  104-        GRID    15              2.00000 4.00000 .00             456                     
                  105-        GRID    16              2.00000 4.00000 2.00000         456                     
                  106-        GRID    17              2.00000 6.00000 .00             456                     
                  107-        GRID    18              2.00000 6.00000 2.00000         456                     
                  108-        GRID    19              2.00000 8.00000 .00             456                     
                  109-        GRID    20              2.00000 8.00000 2.00000         456                     
                  110-        GRID    21              4.00000 .00     .00             456                     
                  111-        GRID    22              4.00000 .00     2.00000         456                     
                  112-        GRID    23              4.00000 2.00000 .00             456                     
                  113-        GRID    24              4.00000 2.00000 2.00000         456                     
                  114-        GRID    25              4.00000 4.00000 .00             456                     
                  115-        GRID    26              4.00000 4.00000 2.00000         456                     
                  116-        GRID    27              4.00000 6.00000 .00             456                     
                  117-        GRID    28              4.00000 6.00000 2.00000         456                     
                  118-        GRID    29              4.00000 8.00000 .00             456                     
                  119-        GRID    30              4.00000 8.00000 2.00000         456                     
                  120-        GRID    31              6.00000 .00     .00             456                     
                  121-        GRID    32              6.00000 .00     2.00000         456                     
                  122-        GRID    33              6.00000 2.00000 .00             456                     
                  123-        GRID    34              6.00000 2.00000 2.00000         456                     
                  124-        GRID    35              6.00000 4.00000 .00             456                     
                  125-        GRID    36              6.00000 4.00000 2.00000         456                     
                  126-        GRID    37              6.00000 6.00000 .00             456                     
                  127-        GRID    38              6.00000 6.00000 2.00000         456                     
                  128-        GRID    39              6.00000 8.00000 .00             456                     
                  129-        GRID    40              6.00000 8.00000 2.00000         456                     
                  130-        GRID    41              8.00000 .00     .00             456                     
                  131-        GRID    42              8.00000 .00     2.00000         456                     
                  132-        GRID    43              8.00000 2.00000 .00             456                     
                  133-        GRID    44              8.00000 2.00000 2.00000         456                     
                  134-        GRID    45              8.00000 4.00000 .00             456                     
                  135-        GRID    46              8.00000 4.00000 2.00000         456                     
                  136-        GRID    47              8.00000 6.00000 .00             456                     
                  137-        GRID    48              8.00000 6.00000 2.00000         456                     
                  138-        GRID    49              8.00000 8.00000 .00             456                     
                  139-        GRID    50              8.00000 8.00000 2.00000         456                     
                  140-        GRID    51              10.0000 .00     .00             456                     
                  141-        GRID    52              10.0000 .00     2.00000         456                     
1     1 X 4 X 10  CANTILEVER BEAM USING CUBIC CHEXA1 ELEMENTS.              /    95 SUN SOLARIS NASTRAN    / MAY 17, 95 / PAGE     9
      NASTRAN DEMONSTRATION PROBLEM NO. D01-08-1A                                                                                   

      TWO PLANES OF SYMMETRY, PURE BENDING MOMENT                                                                                   

                                                  S O R T E D   B U L K    D A T A    E C H O                                       
                     CARD                                                                                                           
                     COUNT        ---1--- +++2+++ ---3--- +++4+++ ---5--- +++6+++ ---7--- +++8+++ ---9--- +++10+++                  
                  142-        GRID    53              10.0000 2.00000 .00             456                     
                  143-        GRID    54              10.0000 2.00000 2.00000         456                     
                  144-        GRID    55              10.0000 4.00000 .00             456                     
                  145-        GRID    56              10.0000 4.00000 2.00000         456                     
                  146-        GRID    57              10.0000 6.00000 .00             456                     
                  147-        GRID    58              10.0000 6.00000 2.00000         456                     
                  148-        GRID    59              10.0000 8.00000 .00             456                     
                  149-        GRID    60              10.0000 8.00000 2.00000         456                     
                  150-        GRID    61              12.0000 .00     .00             456                     
                  151-        GRID    62              12.0000 .00     2.00000         456                     
                  152-        GRID    63              12.0000 2.00000 .00             456                     
                  153-        GRID    64              12.0000 2.00000 2.00000         456                     
                  154-        GRID    65              12.0000 4.00000 .00             456                     
                  155-        GRID    66              12.0000 4.00000 2.00000         456                     
                  156-        GRID    67              12.0000 6.00000 .00             456                     
                  157-        GRID    68              12.0000 6.00000 2.00000         456                     
                  158-        GRID    69              12.0000 8.00000 .00             456                     
                  159-        GRID    70              12.0000 8.00000 2.00000         456                     
                  160-        GRID    71              14.0000 .00     .00             456                     
                  161-        GRID    72              14.0000 .00     2.00000         456                     
                  162-        GRID    73              14.0000 2.00000 .00             456                     
                  163-        GRID    74              14.0000 2.00000 2.00000         456                     
                  164-        GRID    75              14.0000 4.00000 .00             456                     
                  165-        GRID    76              14.0000 4.00000 2.00000         456                     
                  166-        GRID    77              14.0000 6.00000 .00             456                     
                  167-        GRID    78              14.0000 6.00000 2.00000         456                     
                  168-        GRID    79              14.0000 8.00000 .00             456                     
                  169-        GRID    80              14.0000 8.00000 2.00000         456                     
                  170-        GRID    81              16.0000 .00     .00             456                     
                  171-        GRID    82              16.0000 .00     2.00000         456                     
                  172-        GRID    83              16.0000 2.00000 .00             456                     
                  173-        GRID    84              16.0000 2.00000 2.00000         456                     
                  174-        GRID    85              16.0000 4.00000 .00             456                     
                  175-        GRID    86              16.0000 4.00000 2.00000         456                     
                  176-        GRID    87              16.0000 6.00000 .00             456                     
                  177-        GRID    88              16.0000 6.00000 2.00000         456                     
                  178-        GRID    89              16.0000 8.00000 .00             456                     
                  179-        GRID    90              16.0000 8.00000 2.00000         456                     
                  180-        GRID    91              18.0000 .00     .00             456                     
                  181-        GRID    92              18.0000 .00     2.00000         456                     
                  182-        GRID    93              18.0000 2.00000 .00             456                     
                  183-        GRID    94              18.0000 2.00000 2.00000         456                     
                  184-        GRID    95              18.0000 4.00000 .00             456                     
                  185-        GRID    96              18.0000 4.00000 2.00000         456                     
                  186-        GRID    97              18.0000 6.00000 .00             456                     
                  187-        GRID    98              18.0000 6.00000 2.00000         456                     
                  188-        GRID    99              18.0000 8.00000 .00             456                     
1     1 X 4 X 10  CANTILEVER BEAM USING CUBIC CHEXA1 ELEMENTS.              /    95 SUN SOLARIS NASTRAN    / MAY 17, 95 / PAGE    10
      NASTRAN DEMONSTRATION PROBLEM NO. D01-08-1A                                                                                   

      TWO PLANES OF SYMMETRY, PURE BENDING MOMENT                                                                                   

                                                  S O R T E D   B U L K    D A T A    E C H O                                       
                     CARD                                                                                                           
                     COUNT        ---1--- +++2+++ ---3--- +++4+++ ---5--- +++6+++ ---7--- +++8+++ ---9--- +++10+++                  
                  189-        GRID    100             18.0000 8.00000 2.00000         456                     
                  190-        GRID    101             20.0000 .00     .00             456                     
                  191-        GRID    102             20.0000 .00     2.00000         456                     
                  192-        GRID    103             20.0000 2.00000 .00             456                     
                  193-        GRID    104             20.0000 2.00000 2.00000         456                     
                  194-        GRID    105             20.0000 4.00000 .00             456                     
                  195-        GRID    106             20.0000 4.00000 2.00000         456                     
                  196-        GRID    107             20.0000 6.00000 .00             456                     
                  197-        GRID    108             20.0000 6.00000 2.00000         456                     
                  198-        GRID    109             20.0000 8.00000 .00             456                     
                  199-        GRID    110             20.0000 8.00000 2.00000         456                     
                  200-        MAT1    1       3.0+6           .2      1.0     .001    10.0            +MAT1   
                  201-        SPC     10      1       123     .0      2       13      .0                      
                  202-        SPC1    10      1       3       4       5       6       7       8       +3      
                  203-        +3      9       10                                                              
                  204-        SPC1    10      3       3       5       7       9                               
                  205-        SPC1    10      3       11      13      15      17      19                      
                  206-        SPC1    10      3       21      23      25      27      29                      
                  207-        SPC1    10      3       31      33      35      37      39                      
                  208-        SPC1    10      3       41      43      45      47      49                      
                  209-        SPC1    10      3       51      53      55      57      59                      
                  210-        SPC1    10      3       61      63      65      67      69                      
                  211-        SPC1    10      3       71      73      75      77      79                      
                  212-        SPC1    10      3       81      83      85      87      89                      
                  213-        SPC1    10      3       91      93      95      97      99                      
                  214-        SPC1    10      3       101     103     105     107     109                     
                  215-        SPC1    10      13      11      12      21      22      31      32      +1      
                  216-        +1      41      42      51      52      61      62      71      72      +2      
                  217-        +2      81      82      91      92      101     102                             
                              ENDDATA
1     1 X 4 X 10  CANTILEVER BEAM USING CUBIC CHEXA1 ELEMENTS.              /    95 SUN SOLARIS NASTRAN    / MAY 17, 95 / PAGE    11
      NASTRAN DEMONSTRATION PROBLEM NO. D01-08-1A                                                                                   
0     TWO PLANES OF SYMMETRY, PURE BENDING MOMENT                                                                                   
0*** USER INFORMATION MESSAGES FROM RESEQUENCING PROCESSOR - BANDIT     (CRI= 1,  MTH= 3,  MPC= 0,  DEP=-1,  PCH=-1)

                               BEFORE RESEQUENCING - - -
                                        BANDWIDTH           14
                                        PROFILE           1341
                                        MAX WAVEFRONT       14
                                        AVG WAVEFRONT   12.191
                                        RMS WAVEFRONT   12.468
                                        RMS BANDWIDTH   12.561

                               AFTER RESEQUENCING BY GIBBS-POOLE-STOCKMEYER (GPS) ALGORITHM - - -
                                        BANDWIDTH           14
                                        PROFILE           1341
                                        MAX WAVEFRONT       14
                                        AVG WAVEFRONT   12.191
                                        RMS WAVEFRONT   12.468
                                        RMS BANDWIDTH   12.561


                                                     *** BANDIT SUMMARY ***

                                                                        BEFORE     AFTER
                                        BANDWIDTH (B)                       14        14
                                        PROFILE (P)                       1341      1341
                                        MAXIMUM WAVEFRONT (C-MAX)           14        14
                                        AVERAGE WAVEFRONT (C-AVG)       12.191    12.191
                                        RMS WAVEFRONT (C-RMS)           12.468    12.468
                                        RMS BANDWITCH (B-RMS)           12.561    12.561
                                        NUMBER OF GRID POINTS (N)                    110
                                        NUMBER OF ELEMENTS (NON-RIGID)                40
                                        NUMBER OF RIGID ELEMENTS PROCESSED*            0
                                        NUMBER OF MPC  EQUATIONS PROCESSED*            0
                                        NUMBER OF COMPONENTS                           1
                                        MAXIMUM NODAL DEGREE                          17
                                        MINIMUM NODAL DEGREE                           7
                                        NUMBER OF UNIQUE EDGES                       751
                                        MATRIX DENSITY, PERCENT                   13.322
                                        NUMBER OF POINTS OF ZERO DEGREE                0
                                        BANDIT OPEN CORE                         1998969
                                        CRITERION*                         RMS WAVEFRONT
                                        METHOD USED*                                 GPS

                               (* THESE DEFAULT OPTIONS CAN BE OVERRIDDEN BY THE NASTRAN CARD)


                               BANDIT FINDS GRID POINT RE-SEQUENCING NOT NECESSARY
0         **NO ERRORS FOUND - EXECUTE NASTRAN PROGRAM**
0*** USER INFORMATION MESSAGE 238, TURN DIAG 38 ON FOR ADDITIONAL ELEMENT PROCESSING INFORMATION

0*** USER INFORMATION MESSAGE 3113,
     EMG MODULE PROCESSING DOUBLE PRECISION HEXA1    ELEMENTS (ELEMENT TYPE  41) STARTING WITH ID        1
0*** USER INFORMATION MESSAGE 3035
     FOR SUBCASE NUMBER     1, EPSILON SUB E =  -7.8471834E-15
0*** SYSTEM WARNING MESSAGE 3022
+                                 (SEE PROG. MANUAL SEC. 4.9.7, OR USERS' MANUAL P. 6.5-3)
     DATA BLOCK ONRGY1   MAY BE REQUIRED AS INPUT AND IS NOT OUTPUT BY A PREVIOUS MODULE IN THE CURRENT DMAP ROUTE.
1     1 X 4 X 10  CANTILEVER BEAM USING CUBIC CHEXA1 ELEMENTS.              /    95 SUN SOLARIS NASTRAN    / MAY 17, 95 / PAGE    12
      NASTRAN DEMONSTRATION PROBLEM NO. D01-08-1A                                                                                   
0     TWO PLANES OF SYMMETRY, PURE BENDING MOMENT                                                                                   
 
                                             D I S P L A C E M E N T   V E C T O R
 
      POINT ID.   TYPE          T1             T2             T3             R1             R2             R3
             1      G      0.0            0.0            0.0            0.0            0.0            0.0                           
             2      G      0.0           -7.236303E-07   0.0            0.0            0.0            0.0                           
             3      G      0.0           -2.220805E-08   0.0            0.0            0.0            0.0                           
             4      G      0.0           -2.878438E-07   2.802273E-07   0.0            0.0            0.0                           
             5      G      0.0            5.597231E-07   0.0            0.0            0.0            0.0                           
             6      G      0.0            4.899793E-07   7.203020E-07   0.0            0.0            0.0                           
             7      G      0.0            1.508277E-06   0.0            0.0            0.0            0.0                           
             8      G      0.0            1.768772E-06   1.210187E-06   0.0            0.0            0.0                           
             9      G      0.0            2.579086E-06   0.0            0.0            0.0            0.0                           
            10      G      0.0            3.079503E-06   1.240823E-06   0.0            0.0            0.0                           
            11      G      0.0            7.828518E-07   0.0            0.0            0.0            0.0                           
            12      G      0.0            4.831079E-07   0.0            0.0            0.0            0.0                           
            13      G     -1.847828E-06   9.493548E-07   0.0            0.0            0.0            0.0                           
            14      G     -2.220059E-06   7.019580E-07   3.779402E-07   0.0            0.0            0.0                           
            15      G     -3.847553E-06   1.508382E-06   0.0            0.0            0.0            0.0                           
            16      G     -4.186309E-06   1.365887E-06   8.076747E-07   0.0            0.0            0.0                           
            17      G     -5.980957E-06   2.368505E-06   0.0            0.0            0.0            0.0                           
            18      G     -5.892221E-06   2.435727E-06   1.286841E-06   0.0            0.0            0.0                           
            19      G     -9.563634E-06   3.828580E-06   0.0            0.0            0.0            0.0                           
            20      G     -6.211963E-06   3.791745E-06   1.813249E-06   0.0            0.0            0.0                           
            21      G      0.0            3.721138E-06   0.0            0.0            0.0            0.0                           
            22      G      0.0            3.496175E-06   0.0            0.0            0.0            0.0                           
            23      G     -3.840255E-06   3.920522E-06   0.0            0.0            0.0            0.0                           
            24      G     -4.248565E-06   3.713418E-06   4.029023E-07   0.0            0.0            0.0                           
            25      G     -7.868655E-06   4.490614E-06   0.0            0.0            0.0            0.0                           
            26      G     -8.253402E-06   4.322316E-06   8.323428E-07   0.0            0.0            0.0                           
            27      G     -1.221326E-05   5.452979E-06   0.0            0.0            0.0            0.0                           
            28      G     -1.193466E-05   5.342733E-06   1.287832E-06   0.0            0.0            0.0                           
            29      G     -1.798615E-05   6.770431E-06   0.0            0.0            0.0            0.0                           
            30      G     -1.417472E-05   6.658906E-06   1.486481E-06   0.0            0.0            0.0                           
            31      G      0.0            8.738137E-06   0.0            0.0            0.0            0.0                           
            32      G      0.0            8.530267E-06   0.0            0.0            0.0            0.0                           
            33      G     -5.865585E-06   8.949984E-06   0.0            0.0            0.0            0.0                           
            34      G     -6.276462E-06   8.749302E-06   4.060279E-07   0.0            0.0            0.0                           
            35      G     -1.195537E-05   9.545230E-06   0.0            0.0            0.0            0.0                           
            36      G     -1.231907E-05   9.356126E-06   8.375354E-07   0.0            0.0            0.0                           
            37      G     -1.836820E-05   1.050080E-05   0.0            0.0            0.0            0.0                           
            38      G     -1.804433E-05   1.036518E-05   1.273038E-06   0.0            0.0            0.0                           
            39      G     -2.621468E-05   1.179138E-05   0.0            0.0            0.0            0.0                           
            40      G     -2.232071E-05   1.169130E-05   1.394593E-06   0.0            0.0            0.0                           
            41      G      0.0            1.581650E-05   0.0            0.0            0.0            0.0                           
            42      G      0.0            1.561344E-05   0.0            0.0            0.0            0.0                           
            43      G     -7.903643E-06   1.603535E-05   0.0            0.0            0.0            0.0                           
            44      G     -8.311622E-06   1.583155E-05   4.062445E-07   0.0            0.0            0.0                           
            45      G     -1.603938E-05   1.663356E-05   0.0            0.0            0.0            0.0                           
            46      G     -1.639610E-05   1.643881E-05   8.367012E-07   0.0            0.0            0.0                           
            47      G     -2.450196E-05   1.758555E-05   0.0            0.0            0.0            0.0                           
1     1 X 4 X 10  CANTILEVER BEAM USING CUBIC CHEXA1 ELEMENTS.              /    95 SUN SOLARIS NASTRAN    / MAY 17, 95 / PAGE    13
      NASTRAN DEMONSTRATION PROBLEM NO. D01-08-1A                                                                                   
0     TWO PLANES OF SYMMETRY, PURE BENDING MOMENT                                                                                   
 
                                             D I S P L A C E M E N T   V E C T O R
 
      POINT ID.   TYPE          T1             T2             T3             R1             R2             R3
            48      G     -2.416898E-05   1.744821E-05   1.267842E-06   0.0            0.0            0.0                           
            49      G     -3.440270E-05   1.887117E-05   0.0            0.0            0.0            0.0                           
            50      G     -3.049380E-05   1.877862E-05   1.373055E-06   0.0            0.0            0.0                           
            51      G      0.0            2.494817E-05   0.0            0.0            0.0            0.0                           
            52      G      0.0            2.474773E-05   0.0            0.0            0.0            0.0                           
            53      G     -9.941075E-06   2.516834E-05   0.0            0.0            0.0            0.0                           
            54      G     -1.034769E-05   2.496247E-05   4.055171E-07   0.0            0.0            0.0                           
            55      G     -2.011959E-05   2.576441E-05   0.0            0.0            0.0            0.0                           
            56      G     -2.047524E-05   2.556668E-05   8.358465E-07   0.0            0.0            0.0                           
            57      G     -3.063173E-05   2.671282E-05   0.0            0.0            0.0            0.0                           
            58      G     -3.029779E-05   2.657510E-05   1.267082E-06   0.0            0.0            0.0                           
            59      G     -4.258355E-05   2.799574E-05   0.0            0.0            0.0            0.0                           
            60      G     -3.867095E-05   2.790772E-05   1.368984E-06   0.0            0.0            0.0                           
            61      G      0.0            3.613058E-05   0.0            0.0            0.0            0.0                           
            62      G      0.0            3.593479E-05   0.0            0.0            0.0            0.0                           
            63      G     -1.197344E-05   3.635066E-05   0.0            0.0            0.0            0.0                           
            64      G     -1.237863E-05   3.614348E-05   4.040002E-07   0.0            0.0            0.0                           
            65      G     -2.419332E-05   3.694095E-05   0.0            0.0            0.0            0.0                           
            66      G     -2.454928E-05   3.673978E-05   8.346207E-07   0.0            0.0            0.0                           
            67      G     -3.676029E-05   3.788170E-05   0.0            0.0            0.0            0.0                           
            68      G     -3.642750E-05   3.774329E-05   1.267979E-06   0.0            0.0            0.0                           
            69      G     -5.077138E-05   3.916018E-05   0.0            0.0            0.0            0.0                           
            70      G     -4.685427E-05   3.907730E-05   1.370512E-06   0.0            0.0            0.0                           
            71      G      0.0            4.936553E-05   0.0            0.0            0.0            0.0                           
            72      G      0.0            4.917779E-05   0.0            0.0            0.0            0.0                           
            73      G     -1.399455E-05   4.958560E-05   0.0            0.0            0.0            0.0                           
            74      G     -1.439835E-05   4.937762E-05   4.004611E-07   0.0            0.0            0.0                           
            75      G     -2.825233E-05   5.016658E-05   0.0            0.0            0.0            0.0                           
            76      G     -2.860983E-05   4.996204E-05   8.313656E-07   0.0            0.0            0.0                           
            77      G     -4.288674E-05   5.109474E-05   0.0            0.0            0.0            0.0                           
            78      G     -4.255546E-05   5.095637E-05   1.269488E-06   0.0            0.0            0.0                           
            79      G     -5.898596E-05   5.236638E-05   0.0            0.0            0.0            0.0                           
            80      G     -5.505293E-05   5.229194E-05   1.375944E-06   0.0            0.0            0.0                           
            81      G      0.0            6.465213E-05   0.0            0.0            0.0            0.0                           
            82      G      0.0            6.447650E-05   0.0            0.0            0.0            0.0                           
            83      G     -1.599204E-05   6.487409E-05   0.0            0.0            0.0            0.0                           
            84      G     -1.640083E-05   6.466798E-05   3.929152E-07   0.0            0.0            0.0                           
            85      G     -3.228031E-05   6.544771E-05   0.0            0.0            0.0            0.0                           
            86      G     -3.264940E-05   6.523987E-05   8.234044E-07   0.0            0.0            0.0                           
            87      G     -4.900961E-05   6.636985E-05   0.0            0.0            0.0            0.0                           
            88      G     -4.867631E-05   6.622972E-05   1.267805E-06   0.0            0.0            0.0                           
            89      G     -6.727674E-05   6.764138E-05   0.0            0.0            0.0            0.0                           
            90      G     -6.327896E-05   6.756941E-05   1.384972E-06   0.0            0.0            0.0                           
            91      G      0.0            8.196688E-05   0.0            0.0            0.0            0.0                           
            92      G      0.0            8.183186E-05   0.0            0.0            0.0            0.0                           
            93      G     -1.794250E-05   8.219639E-05   0.0            0.0            0.0            0.0                           
            94      G     -1.839103E-05   8.200815E-05   3.930135E-07   0.0            0.0            0.0                           
1     1 X 4 X 10  CANTILEVER BEAM USING CUBIC CHEXA1 ELEMENTS.              /    95 SUN SOLARIS NASTRAN    / MAY 17, 95 / PAGE    14
      NASTRAN DEMONSTRATION PROBLEM NO. D01-08-1A                                                                                   
0     TWO PLANES OF SYMMETRY, PURE BENDING MOMENT                                                                                   
 
                                             D I S P L A C E M E N T   V E C T O R
 
      POINT ID.   TYPE          T1             T2             T3             R1             R2             R3
            95      G     -3.625804E-05   8.280518E-05   0.0            0.0            0.0            0.0                           
            96      G     -3.666116E-05   8.258449E-05   8.181784E-07   0.0            0.0            0.0                           
            97      G     -5.512622E-05   8.378747E-05   0.0            0.0            0.0            0.0                           
            98      G     -5.479647E-05   8.356768E-05   1.243331E-06   0.0            0.0            0.0                           
            99      G     -7.578575E-05   8.516679E-05   0.0            0.0            0.0            0.0                           
           100      G     -7.152418E-05   8.495418E-05   1.372395E-06   0.0            0.0            0.0                           
           101      G      0.0            1.011092E-04   0.0            0.0            0.0            0.0                           
           102      G      0.0            1.013765E-04   0.0            0.0            0.0            0.0                           
           103      G     -1.990230E-05   1.014986E-04   0.0            0.0            0.0            0.0                           
           104      G     -2.037665E-05   1.013609E-04   5.232301E-07   0.0            0.0            0.0                           
           105      G     -4.023005E-05   1.022861E-04   0.0            0.0            0.0            0.0                           
           106      G     -4.064284E-05   1.019533E-04   9.452079E-07   0.0            0.0            0.0                           
           107      G     -6.123682E-05   1.036613E-04   0.0            0.0            0.0            0.0                           
           108      G     -6.085171E-05   1.029487E-04   1.108042E-06   0.0            0.0            0.0                           
           109      G     -8.441132E-05   1.059195E-04   0.0            0.0            0.0            0.0                           
           110      G     -7.993243E-05   1.042387E-04   7.041944E-07   0.0            0.0            0.0                           
1     1 X 4 X 10  CANTILEVER BEAM USING CUBIC CHEXA1 ELEMENTS.              /    95 SUN SOLARIS NASTRAN    / MAY 17, 95 / PAGE    15
      NASTRAN DEMONSTRATION PROBLEM NO. D01-08-1A                                                                                   
0     TWO PLANES OF SYMMETRY, PURE BENDING MOMENT                                                                                   
 
                                                     L O A D   V E C T O R
 
      POINT ID.   TYPE          T1             T2             T3             R1             R2             R3
           103      G     -5.818182E+00   0.0            0.0            0.0            0.0            0.0                           
           104      G     -5.818182E+00   0.0            0.0            0.0            0.0            0.0                           
           105      G     -1.163636E+01   0.0            0.0            0.0            0.0            0.0                           
           106      G     -1.163636E+01   0.0            0.0            0.0            0.0            0.0                           
           107      G     -1.745455E+01   0.0            0.0            0.0            0.0            0.0                           
           108      G     -1.745455E+01   0.0            0.0            0.0            0.0            0.0                           
           109      G     -1.163636E+01   0.0            0.0            0.0            0.0            0.0                           
           110      G     -1.163636E+01   0.0            0.0            0.0            0.0            0.0                           
1     1 X 4 X 10  CANTILEVER BEAM USING CUBIC CHEXA1 ELEMENTS.              /    95 SUN SOLARIS NASTRAN    / MAY 17, 95 / PAGE    16
      NASTRAN DEMONSTRATION PROBLEM NO. D01-08-1A                                                                                   
0     TWO PLANES OF SYMMETRY, PURE BENDING MOMENT                                                                                   
 
                               F O R C E S   O F   S I N G L E - P O I N T   C O N S T R A I N T
 
      POINT ID.   TYPE          T1             T2             T3             R1             R2             R3
             1      G     -3.200193E-01  -4.328371E-12   3.076815E-01   0.0            0.0            0.0                           
             2      G      2.355000E-01   0.0            4.435807E-01   0.0            0.0            0.0                           
             3      G      5.076888E+00   0.0            5.005272E-01   0.0            0.0            0.0                           
             4      G      7.243148E+00   0.0            0.0            0.0            0.0            0.0                           
             5      G      1.102149E+01   0.0            6.664348E-01   0.0            0.0            0.0                           
             6      G      1.306333E+01   0.0            0.0            0.0            0.0            0.0                           
             7      G      1.721528E+01   0.0            1.560230E-01   0.0            0.0            0.0                           
             8      G      1.747314E+01   0.0            0.0            0.0            0.0            0.0                           
             9      G      1.613257E+01   0.0           -1.425851E+00   0.0            0.0            0.0                           
            10      G      6.728694E+00   0.0            0.0            0.0            0.0            0.0                           
            11      G     -8.547883E-01   0.0           -1.664067E-01   0.0            0.0            0.0                           
            12      G      9.104427E-01   0.0            4.051717E-01   0.0            0.0            0.0                           
            13      G      0.0            0.0            3.330743E-01   0.0            0.0            0.0                           
            15      G      0.0            0.0            9.531790E-02   0.0            0.0            0.0                           
            17      G      0.0            0.0           -6.038411E-01   0.0            0.0            0.0                           
            19      G      0.0            0.0           -9.006622E-01   0.0            0.0            0.0                           
            21      G     -9.155623E-01   0.0           -2.911960E-01   0.0            0.0            0.0                           
            22      G      1.009436E+00   0.0            3.321466E-01   0.0            0.0            0.0                           
            23      G      0.0            0.0           -2.410587E-02   0.0            0.0            0.0                           
            25      G      0.0            0.0           -1.193371E-01   0.0            0.0            0.0                           
            27      G      0.0            0.0           -3.702234E-02   0.0            0.0            0.0                           
            29      G      0.0            0.0           -4.042901E-01   0.0            0.0            0.0                           
            31      G     -9.644368E-01   0.0           -3.186193E-01   0.0            0.0            0.0                           
            32      G      1.001274E+00   0.0            3.225394E-01   0.0            0.0            0.0                           
            33      G      0.0            0.0           -5.361385E-02   0.0            0.0            0.0                           
            35      G      0.0            0.0           -1.145025E-01   0.0            0.0            0.0                           
            37      G      0.0            0.0            1.953256E-01   0.0            0.0            0.0                           
            39      G      0.0            0.0           -2.194339E-01   0.0            0.0            0.0                           
            41      G     -9.878631E-01   0.0           -3.234900E-01   0.0            0.0            0.0                           
            42      G      9.854240E-01   0.0            3.239129E-01   0.0            0.0            0.0                           
            43      G      0.0            0.0           -4.480178E-02   0.0            0.0            0.0                           
            45      G      0.0            0.0           -9.384078E-02   0.0            0.0            0.0                           
            47      G      0.0            0.0            2.601616E-01   0.0            0.0            0.0                           
            49      G      0.0            0.0           -1.721291E-01   0.0            0.0            0.0                           
            51      G     -9.992784E-01   0.0           -3.221905E-01   0.0            0.0            0.0                           
            52      G      9.662942E-01   0.0            3.227056E-01   0.0            0.0            0.0                           
            53      G      0.0            0.0           -3.672881E-02   0.0            0.0            0.0                           
            55      G      0.0            0.0           -8.623786E-02   0.0            0.0            0.0                           
            57      G      0.0            0.0            2.728207E-01   0.0            0.0            0.0                           
            59      G      0.0            0.0           -1.605400E-01   0.0            0.0            0.0                           
            61      G     -1.018168E+00   0.0           -3.201928E-01   0.0            0.0            0.0                           
            62      G      9.349450E-01   0.0            3.179084E-01   0.0            0.0            0.0                           
            63      G      0.0            0.0           -2.760579E-02   0.0            0.0            0.0                           
            65      G      0.0            0.0           -8.333493E-02   0.0            0.0            0.0                           
            67      G      0.0            0.0            2.696600E-01   0.0            0.0            0.0                           
            69      G      0.0            0.0           -1.578923E-01   0.0            0.0            0.0                           
            71      G     -1.050108E+00   0.0           -3.179487E-01   0.0            0.0            0.0                           
1     1 X 4 X 10  CANTILEVER BEAM USING CUBIC CHEXA1 ELEMENTS.              /    95 SUN SOLARIS NASTRAN    / MAY 17, 95 / PAGE    17
      NASTRAN DEMONSTRATION PROBLEM NO. D01-08-1A                                                                                   
0     TWO PLANES OF SYMMETRY, PURE BENDING MOMENT                                                                                   
 
                               F O R C E S   O F   S I N G L E - P O I N T   C O N S T R A I N T
 
      POINT ID.   TYPE          T1             T2             T3             R1             R2             R3
            72      G      8.823858E-01   0.0            3.099854E-01   0.0            0.0            0.0                           
            73      G      0.0            0.0           -8.672502E-03   0.0            0.0            0.0                           
            75      G      0.0            0.0           -7.274164E-02   0.0            0.0            0.0                           
            77      G      0.0            0.0            2.596842E-01   0.0            0.0            0.0                           
            79      G      0.0            0.0           -1.692700E-01   0.0            0.0            0.0                           
            81      G     -1.096077E+00   0.0           -3.183673E-01   0.0            0.0            0.0                           
            82      G      8.210829E-01   0.0            3.028427E-01   0.0            0.0            0.0                           
            83      G      0.0            0.0            3.378375E-02   0.0            0.0            0.0                           
            85      G      0.0            0.0           -4.628116E-02   0.0            0.0            0.0                           
            87      G      0.0            0.0            2.737601E-01   0.0            0.0            0.0                           
            89      G      0.0            0.0           -2.570263E-01   0.0            0.0            0.0                           
            91      G     -1.093214E+00   0.0           -3.496839E-01   0.0            0.0            0.0                           
            92      G      8.544708E-01   0.0            2.707089E-01   0.0            0.0            0.0                           
            93      G      0.0            0.0           -1.200761E-02   0.0            0.0            0.0                           
            95      G      0.0            0.0           -1.059262E-01   0.0            0.0            0.0                           
            97      G      0.0            0.0            3.824981E-01   0.0            0.0            0.0                           
            99      G      0.0            0.0            5.936363E-03   0.0            0.0            0.0                           
           101      G     -5.077267E-01   0.0           -4.601036E-01   0.0            0.0            0.0                           
           102      G      3.423530E-01   0.0           -3.337049E-01   0.0            0.0            0.0                           
           103      G      0.0            0.0           -1.268459E+00   0.0            0.0            0.0                           
           105      G      0.0            0.0           -9.431822E-01   0.0            0.0            0.0                           
           107      G      0.0            0.0            1.654901E+00   0.0            0.0            0.0                           
           109      G      0.0            0.0            2.152148E+00   0.0            0.0            0.0                           
1     1 X 4 X 10  CANTILEVER BEAM USING CUBIC CHEXA1 ELEMENTS.              /    95 SUN SOLARIS NASTRAN    / MAY 17, 95 / PAGE    18
      NASTRAN DEMONSTRATION PROBLEM NO. D01-08-1A                                                                                   
0     TWO PLANES OF SYMMETRY, PURE BENDING MOMENT                                                                                   
 
                    S T R E S S E S   I N   S O L I D   H E X A H E D R O N   E L E M E N T S   ( C H E X A 1 )
 
                                                                                                           OCTAHEDRAL    PRESSURE
      ELEMENT-ID        SIGMA-XX      SIGMA-YY      SIGMA-ZZ       TAU-YZ        TAU-XZ        TAU-XY        TAU-0          P
               1     -1.576126E+00  2.958350E-02 -5.028161E-02 -1.336058E-01 -2.204831E-01 -1.107740E-02  7.682881E-01  5.322748E-01
               2     -4.543242E+00  3.648633E-02 -8.283961E-02  2.509910E-02 -2.434309E-01 -4.949611E-02  2.141064E+00  1.529865E+00
               3     -7.392510E+00  5.535716E-02  4.060616E-02  1.625120E-01 -1.629294E-01 -6.108123E-02  3.512870E+00  2.432183E+00
               4     -9.955628E+00 -1.071121E-01  1.310855E-01  2.671177E-01  4.647440E-01  1.216547E-01  4.721166E+00  3.310552E+00
               5     -1.614058E+00 -1.360381E-02 -2.959606E-02 -2.806550E-02 -2.868141E-01 -3.302363E-02  7.871940E-01  5.524191E-01
               6     -4.534679E+00 -4.400611E-03 -3.028661E-05  1.496398E-02 -3.943402E-01 -8.965731E-03  2.160795E+00  1.513037E+00
               7     -7.494325E+00 -4.297674E-02  7.008879E-02  9.484351E-02 -2.210109E-01  3.158975E-02  3.545087E+00  2.489071E+00
               8     -9.838358E+00  8.677578E-02  2.116143E-01  5.691540E-02  9.494026E-01  1.039982E-02  4.772072E+00  3.179989E+00
               9     -1.629150E+00 -9.889126E-03 -2.406824E-02 -4.046082E-03 -2.964836E-01 -1.670873E-02  7.977528E-01  5.543692E-01
              10     -4.570040E+00 -2.057052E-02  1.168949E-02  1.659775E-02 -4.123003E-01  1.732588E-03  2.178495E+00  1.526307E+00
              11     -7.469863E+00 -1.516819E-03  8.975640E-02  4.351068E-02 -1.920817E-01  8.438945E-03  3.545976E+00  2.460541E+00
              12     -9.835840E+00  1.328111E-02  6.658131E-02 -2.788568E-02  1.084055E+00  6.535530E-03  4.738986E+00  3.251992E+00
              13     -1.635826E+00 -6.270885E-03 -2.379012E-02 -1.618862E-04 -2.977535E-01 -3.914356E-03  8.018350E-01  5.552958E-01
              14     -4.574477E+00 -1.008272E-02  1.539746E-02  1.164985E-02 -4.086206E-01 -5.950620E-04  2.183370E+00  1.523054E+00
              15     -7.469188E+00 -5.460739E-03  8.519366E-02  3.230429E-02 -1.791415E-01  1.183987E-03  3.543114E+00  2.463152E+00
              16     -9.834611E+00  4.434586E-04  2.182162E-02 -3.874397E-02  1.115780E+00  3.325701E-03  4.730010E+00  3.270782E+00
              17     -1.635057E+00 -4.718781E-03 -2.363586E-02 -3.643036E-04 -2.972760E-01  3.789663E-03  8.017595E-01  5.544707E-01
              18     -4.573621E+00 -1.023674E-02  1.482880E-02  8.808613E-03 -4.068058E-01  4.512072E-04  2.182567E+00  1.523010E+00
              19     -7.469590E+00 -8.566856E-03  8.218201E-02  3.012180E-02 -1.759400E-01 -2.728760E-03  3.541744E+00  2.465325E+00
              20     -9.835216E+00 -2.504349E-03  1.090306E-02 -3.910828E-02  1.122833E+00 -1.512051E-03  4.728192E+00  3.275605E+00
              21     -1.631439E+00 -6.843567E-03 -2.427769E-02 -3.600121E-04 -2.965500E-01  1.356506E-02  7.993981E-01  5.541866E-01
              22     -4.567224E+00 -1.629066E-02  1.332760E-02  6.801605E-03 -4.063549E-01  3.351927E-03  2.177777E+00  1.523396E+00
              23     -7.466712E+00 -1.474380E-02  8.104759E-02  2.894688E-02 -1.761217E-01 -8.238822E-03  3.538694E+00  2.466803E+00
              24     -9.839874E+00 -5.101204E-03  9.043336E-03 -3.794003E-02  1.124380E+00 -8.681178E-03  4.729559E+00  3.278644E+00
              25     -1.623712E+00 -1.071739E-02 -2.565479E-02  2.574921E-04 -2.955208E-01  2.999973E-02  7.947855E-01  5.533614E-01
              26     -4.551358E+00 -2.662277E-02  1.085758E-02  4.893303E-03 -4.065099E-01  9.416103E-03  2.167452E+00  1.522375E+00
              27     -7.457133E+00 -2.575684E-02  8.031261E-02  2.830219E-02 -1.779594E-01 -1.707709E-02  3.531545E+00  2.467526E+00
              28     -9.852229E+00 -1.009560E-02  9.496182E-03 -3.508854E-02  1.125708E+00 -2.233887E-02  4.734452E+00  3.284276E+00
              29     -1.609839E+00 -1.332092E-02 -2.805901E-02  1.757622E-03 -2.951562E-01  5.622578E-02  7.883039E-01  5.504064E-01
              30     -4.520524E+00 -3.636932E-02  6.625652E-03  3.610611E-03 -4.099102E-01  1.980495E-02  2.150327E+00  1.516756E+00
              31     -7.433674E+00 -3.355980E-02  7.936215E-02  2.889347E-02 -1.827412E-01 -2.927661E-02  3.518691E+00  2.462624E+00
              32     -9.878480E+00 -1.687431E-02  9.097576E-03 -3.086185E-02  1.133265E+00 -4.675579E-02  4.746234E+00  3.295419E+00
              33     -1.591774E+00 -8.911133E-03 -2.540112E-02  1.225471E-02 -2.982492E-01  8.828449E-02  7.846181E-01  5.420286E-01
              34     -4.463443E+00 -1.529312E-02  1.390314E-02  6.919861E-03 -4.217277E-01  3.219414E-02  2.131957E+00  1.488278E+00
              35     -7.395667E+00 -2.238846E-02  7.124901E-02  1.391411E-02 -1.976213E-01 -4.557657E-02  3.502012E+00  2.448936E+00
              36     -9.922865E+00  2.910614E-03 -6.815434E-03 -5.610466E-02  1.165877E+00 -7.490349E-02  4.773274E+00  3.308923E+00
              37     -1.575201E+00  4.468918E-02  5.376720E-02  1.180191E-01 -2.816248E-01  8.877182E-02  8.085924E-01  4.922483E-01
              38     -4.399051E+00  1.033859E-01  1.453304E-01  1.848793E-02 -3.961353E-01  3.708935E-02  2.157080E+00  1.383445E+00
              39     -7.320324E+00  9.962082E-02  6.610298E-02 -1.196098E-01 -2.058382E-01 -3.526402E-02  3.495450E+00  2.384867E+00
              40     -1.001950E+01  3.826904E-02 -4.023714E-01 -4.855537E-01  1.083998E+00 -9.059048E-02  4.741730E+00  3.461200E+00
1     1 X 4 X 10  CANTILEVER BEAM USING CUBIC CHEXA1 ELEMENTS.              /    95 SUN SOLARIS NASTRAN    / MAY 17, 95 / PAGE    19
      NASTRAN DEMONSTRATION PROBLEM NO. D01-08-1A                                                                                   

      TWO PLANES OF SYMMETRY, PURE BENDING MOMENT                                                                                   




0*** SYSTEM WARNING MESSAGE 3022
+                                 (SEE PROG. MANUAL SEC. 4.9.7, OR USERS' MANUAL P. 6.5-3)
     DATA BLOCK ONRGY1   MAY BE REQUIRED AS INPUT AND IS NOT OUTPUT BY A PREVIOUS MODULE IN THE CURRENT DMAP ROUTE.




                                        * * * END OF JOB * * *
1
 JOB TITLE =  1 X 4 X 10  CANTILEVER BEAM USING CUBIC CHEXA1 ELEMENTS.           
 DATE:  5/17/95
 END TIME: 14:58:22
 TOTAL WALL CLOCK TIME      2 SEC.
 
