





                                  ****
                                *      *
                               *        *
                               *  N A S T R A N
                               *        *
                                *      *
                                  ****


                             SUN COMPUTER SYSTEMS    
                                SOLARIS VERSION

                          SYSTEM RELEASE -  1995 ED.

                                DISTRIBUTED BY

         COMPUTER SOFTWARE MANAGEMENT AND INFORMATION CENTER (COSMIC)
                 UNIVERSITY OF GEORGIA, ATHENS, GEORGIA 30602
                 PHONE: (706)542-3265      FAX: (706)542-4807
1                                                                           /    95 SUN SOLARIS NASTRAN    / MAY 17, 95 / PAGE     2
                                                                                                                                    
0                                                                                                                                   
                                                                                                         
                                                                                                         
                         INSTALLATION CENTER USER INFORMATION GIVEN IN THIS SECTION                      
                                                                                                         
                                     *********************************************                       
                                     *                                           *                       
                                     *  PLEASE READ THE COMMENT IN DEMO PROBLEM  *                       
                                     *  D01002A ABOUT SYSTEM TIMING CONSTANTS    *                       
                                     *                                           *                       
                                     *********************************************                       
                                                                                                         
                         ===X=    TOP OF PAGE REQUEST IF 'X' IS REPLACED BY '='                          
                                                                                                         
1                                                                           /    95 SUN SOLARIS NASTRAN    / MAY 17, 95 / PAGE     3
                                                                                                                                    
0                                                                                                                                   
0*** USER INFORMATION MESSAGE 225, GINO TIME CONSTANTS ARE BEING COMPUTED
     (SEE NASINFO FILE FOR ELIMINATION OF THESE COMPUTATIONS)
1                                                                           /    95 SUN SOLARIS NASTRAN    / MAY 17, 95 / PAGE     4
                                                                                                                                    
0        N A S T R A N    E X E C U T I V E    C O N T R O L    D E C K    E C H O                                                  
0                                                                                                                                   
                                                                                                                                    
                                                                                                                                    
     ID    D03071A,NASTRAN                                                           
     APP   DISPLACEMENT                                                              
     SOL   3,0                                                                       
     TIME  60                                                                        
     CEND                                                                            


0*** USER INFORMATION MESSAGE, TURN DIAG 48 ON FOR NASTRAN RELEASE NEWS, DIAG DEFINITION, NEW DMAP
         MODULES AND NEW BULKDATA CARDS INFORMATION
1     VIBRATIONS OF A LINEARLY TAPERED CANTILEVER PLATE                     /    95 SUN SOLARIS NASTRAN    / MAY 17, 95 / PAGE     5
      NASTRAN DEMONSTRATION PROBLEM NO. D03-07-1A                                                                                   
0                                                                                                                                   
0                                        C A S E    C O N T R O L   D E C K   E C H O                                               
                 CARD                                                                                                               
                 COUNT                                                                                                              
                  1      TITLE    = VIBRATIONS OF A LINEARLY TAPERED CANTILEVER PLATE                    
                  2      SUBTITLE = NASTRAN DEMONSTRATION PROBLEM NO. D03-07-1A                          
                  3      METHOD = 3                                                                      
                  4      SPC    =  2                                                                     
                  5      OUTPUT                                                                          
                  6      VECTOR = ALL                                                                    
                  7      BEGIN BULK                                                                      


                        (NO. OF UNSORTED BULK DATA CARDS READ =   115, INCLUDING   0 COMMENT CARDS)
0*** USER INFORMATION MESSAGE 207, BULK DATA DECK IS NOT SORTED. NASTRAN WILL RE-ORDER THE INPUT DECK.
1     VIBRATIONS OF A LINEARLY TAPERED CANTILEVER PLATE                     /    95 SUN SOLARIS NASTRAN    / MAY 17, 95 / PAGE     6
      NASTRAN DEMONSTRATION PROBLEM NO. D03-07-1A                                                                                   
0                                                                                                                                   
0                                                 S O R T E D   B U L K    D A T A    E C H O                                       
                     CARD                                                                                                           
                     COUNT        ---1--- +++2+++ ---3--- +++4+++ ---5--- +++6+++ ---7--- +++8+++ ---9--- +++10+++                  
                    1-        CTRPLT1 1       6       13      8       3       2       1       9       +TR1    
                    2-        +TR1                                                                            
                    3-        CTRPLT1 2       7       1       10      11      12      13      9       +TR2    
                    4-        +TR2                                                                            
                    5-        CTRPLT1 3       8       23      18      13      12      11      19      +TR3    
                    6-        +TR3                                                                            
                    7-        CTRPLT1 4       9       11      20      21      22      23      19      +TR4    
                    8-        +TR4                                                                            
                    9-        CTRPLT1 5       10      33      28      23      22      21      29      +TR5    
                   10-        +TR5                                                                            
                   11-        CTRPLT1 6       11      21      30      31      32      33      29      +TR6    
                   12-        +TR6                                                                            
                   13-        CTRPLT1 7       12      43      38      33      32      31      39      +TR7    
                   14-        +TR7                                                                            
                   15-        CTRPLT1 8       13      31      40      41      42      43      39      +TR8    
                   16-        +TR8                                                                            
                   17-        CTRPLT1 9       14      15      6       5       4       3       7       +TR9    
                   18-        +TR9                                                                            
                   19-        CTRPLT1 10      15      3       8       13      14      15      7       +TR10   
                   20-        +TR10                                                                           
                   21-        CTRPLT1 11      16      25      16      15      14      13      17      +TR11   
                   22-        +TR11                                                                           
                   23-        CTRPLT1 12      17      13      18      23      24      25      17      +TR12   
                   24-        +TR12                                                                           
                   25-        CTRPLT1 13      18      35      26      25      24      23      27      +TR13   
                   26-        +TR13                                                                           
                   27-        CTRPLT1 14      19      23      28      33      34      35      27      +TR14   
                   28-        +TR14                                                                           
                   29-        CTRPLT1 15      20      45      36      35      34      33      37      +TR15   
                   30-        +TR15                                                                           
                   31-        CTRPLT1 16      21      33      38      43      44      45      37      +TR16   
                   32-        +TR16                                                                           
                   33-        EIGR    3       INV     .0001   4000.0  8       8       0               +ABC    
                   34-        +ABC    MAX                                                                     
                   35-        GRDSET                                                  126                     
                   36-        GRID    1               0.0     0.0     0.0                                     
                   37-        GRID    2               0.0     .625    0.0                                     
                   38-        GRID    3               0.0     1.25    0.0                                     
                   39-        GRID    4               0.0     1.875   0.0                                     
                   40-        GRID    5               0.0     2.5     0.0                                     
                   41-        GRID    6               .625    2.5     0.0                                     
                   42-        GRID    7               .625    1.875   0.0                                     
                   43-        GRID    8               .625    1.25    0.0                                     
                   44-        GRID    9               .625    .625    0.0                                     
                   45-        GRID    10              .625    0.0     0.0                                     
                   46-        GRID    11              1.25    0.0     0.0                                     
                   47-        GRID    12              1.25    .625    0.0                                     
1     VIBRATIONS OF A LINEARLY TAPERED CANTILEVER PLATE                     /    95 SUN SOLARIS NASTRAN    / MAY 17, 95 / PAGE     7
      NASTRAN DEMONSTRATION PROBLEM NO. D03-07-1A                                                                                   

                                                                                                                                    

                                                  S O R T E D   B U L K    D A T A    E C H O                                       
                     CARD                                                                                                           
                     COUNT        ---1--- +++2+++ ---3--- +++4+++ ---5--- +++6+++ ---7--- +++8+++ ---9--- +++10+++                  
                   48-        GRID    13              1.25    1.25    0.0                                     
                   49-        GRID    14              1.25    1.875   0.0                                     
                   50-        GRID    15              1.25    2.5     0.0                                     
                   51-        GRID    16              1.875   2.5     0.0                                     
                   52-        GRID    17              1.875   1.875   0.0                                     
                   53-        GRID    18              1.875   1.25    0.0                                     
                   54-        GRID    19              1.875   .625    0.0                                     
                   55-        GRID    20              1.875   0.0     0.0                                     
                   56-        GRID    21              2.5     0.0     0.0                                     
                   57-        GRID    22              2.5     .625    0.0                                     
                   58-        GRID    23              2.5     1.25    0.0                                     
                   59-        GRID    24              2.5     1.875   0.0                                     
                   60-        GRID    25              2.5     2.5     0.0                                     
                   61-        GRID    26              3.125   2.5     0.0                                     
                   62-        GRID    27              3.125   1.875   0.0                                     
                   63-        GRID    28              3.125   1.25    0.0                                     
                   64-        GRID    29              3.125   .625    0.0                                     
                   65-        GRID    30              3.125   0.0     0.0                                     
                   66-        GRID    31              3.75    0.0     0.0                                     
                   67-        GRID    32              3.75    .625    0.0                                     
                   68-        GRID    33              3.75    1.25    0.0                                     
                   69-        GRID    34              3.75    1.875   0.0                                     
                   70-        GRID    35              3.75    2.5     0.0                                     
                   71-        GRID    36              4.375   2.5     0.0                                     
                   72-        GRID    37              4.375   1.875   0.0                                     
                   73-        GRID    38              4.315   1.25    0.0                                     
                   74-        GRID    39              4.375   .625    0.0                                     
                   75-        GRID    40              4.375   0.0     0.0                                     
                   76-        GRID    41              5.0     0.0     0.0                                     
                   77-        GRID    42              5.0     .625    0.0                                     
                   78-        GRID    43              5.0     1.25    0.0                                     
                   79-        GRID    44              5.0     1.875   0.0                                     
                   80-        GRID    45              5.0     2.5     0.0                                     
                   81-        MAT1    4       3.0+7           .3      7.3698-4                                
                   82-        PARAM   COUPMASS1                                                               
                   83-        PTRPLT1 6       4       4.3877-5        1.0E-10                         +TP2    
                   84-        +TP2                                                                            
                   85-        PTRPLT1 7       4       1.0E-10         4.3877-5                        +TP3    
                   86-        +TP3                                                                            
                   87-        PTRPLT1 8       4       4.3877-5        1.0E-10                         +TP4    
                   88-        +TP4                                                                            
                   89-        PTRPLT1 9       4       1.0E-10         4.3877-5                        +TP5    
                   90-        +TP5                                                                            
                   91-        PTRPLT1 10      4       4.3877-5        1.0E-10                         +TP6    
                   92-        +TP6                                                                            
                   93-        PTRPLT1 11      4       1.0E-10         4.3877-5                        +TP7    
                   94-        +TP7                                                                            
1     VIBRATIONS OF A LINEARLY TAPERED CANTILEVER PLATE                     /    95 SUN SOLARIS NASTRAN    / MAY 17, 95 / PAGE     8
      NASTRAN DEMONSTRATION PROBLEM NO. D03-07-1A                                                                                   

                                                                                                                                    

                                                  S O R T E D   B U L K    D A T A    E C H O                                       
                     CARD                                                                                                           
                     COUNT        ---1--- +++2+++ ---3--- +++4+++ ---5--- +++6+++ ---7--- +++8+++ ---9--- +++10+++                  
                   95-        PTRPLT1 12      4       4.3877-5        1.0E-10                         +TP8    
                   96-        +TP8                                                                            
                   97-        PTRPLT1 13      4       1.0E-10         4.3877-5                        +TP9    
                   98-        +TP9                                                                            
                   99-        PTRPLT1 14      4       3.5101-4        4.3877-5                        +TP10   
                  100-        +TP10                                                                           
                  101-        PTRPLT1 15      4       4.3877-5        3.5101-4                        +TP11   
                  102-        +TP11                                                                           
                  103-        PTRPLT1 16      4       3.5101-4        4.3877-5                        +TP12   
                  104-        +TP12                                                                           
                  105-        PTRPLT1 17      4       4.3877-5        3.5101-4                        +TP13   
                  106-        +TP13                                                                           
                  107-        PTRPLT1 18      4       3.5101-4        4.3877-5                        +TP14   
                  108-        +TP14                                                                           
                  109-        PTRPLT1 19      4       4.3877-5        3.5101-4                        +TP15   
                  110-        +TP15                                                                           
                  111-        PTRPLT1 20      4       3.5101-4        4.3877-5                        +TP16   
                  112-        +TP16                                                                           
                  113-        PTRPLT1 21      4       4.3877-5        3.5101-4                        +TP17   
                  114-        +TP17                                                                           
                  115-        SPC1    2       345     1       2       3       4       5                       
                              ENDDATA
1     VIBRATIONS OF A LINEARLY TAPERED CANTILEVER PLATE                     /    95 SUN SOLARIS NASTRAN    / MAY 17, 95 / PAGE     9
      NASTRAN DEMONSTRATION PROBLEM NO. D03-07-1A                                                                                   
0                                                                                                                                   
0*** USER INFORMATION MESSAGES FROM RESEQUENCING PROCESSOR - BANDIT     (CRI= 1,  MTH= 3,  MPC= 0,  DEP=-1,  PCH=-1)

                               BEFORE RESEQUENCING - - -
                                        BANDWIDTH           13
                                        PROFILE            399
                                        MAX WAVEFRONT       13
                                        AVG WAVEFRONT    8.867
                                        RMS WAVEFRONT    9.332
                                        RMS BANDWIDTH    9.614

                               AFTER RESEQUENCING BY GIBBS-POOLE-STOCKMEYER (GPS) ALGORITHM - - -
                                        BANDWIDTH           13
                                        PROFILE            344
                                        MAX WAVEFRONT       13
                                        AVG WAVEFRONT    7.644
                                        RMS WAVEFRONT    8.066
                                        RMS BANDWIDTH    8.130


                                                     *** BANDIT SUMMARY ***

                                                                        BEFORE     AFTER
                                        BANDWIDTH (B)                       13        13
                                        PROFILE (P)                        399       344
                                        MAXIMUM WAVEFRONT (C-MAX)           13        13
                                        AVERAGE WAVEFRONT (C-AVG)        8.867     7.644
                                        RMS WAVEFRONT (C-RMS)            9.332     8.066
                                        RMS BANDWITCH (B-RMS)            9.614     8.130
                                        NUMBER OF GRID POINTS (N)                     45
                                        NUMBER OF ELEMENTS (NON-RIGID)                16
                                        NUMBER OF RIGID ELEMENTS PROCESSED*            0
                                        NUMBER OF MPC  EQUATIONS PROCESSED*            0
                                        NUMBER OF COMPONENTS                           1
                                        MAXIMUM NODAL DEGREE                          18
                                        MINIMUM NODAL DEGREE                           5
                                        NUMBER OF UNIQUE EDGES                       186
                                        MATRIX DENSITY, PERCENT                   20.593
                                        NUMBER OF POINTS OF ZERO DEGREE                0
                                        BANDIT OPEN CORE                         1998969
                                        CRITERION*                         RMS WAVEFRONT
                                        METHOD USED*                                 GPS
                                        NO. OF SEQGP CARDS GENERATED                  12

                               (* THESE DEFAULT OPTIONS CAN BE OVERRIDDEN BY THE NASTRAN CARD)
1     VIBRATIONS OF A LINEARLY TAPERED CANTILEVER PLATE                     /    95 SUN SOLARIS NASTRAN    / MAY 17, 95 / PAGE    10
      NASTRAN DEMONSTRATION PROBLEM NO. D03-07-1A                                                                                   
0                                                                                                                                   


                                   S Y S T E M  G E N E R A T E D  S E Q G P  C A R D S

                         SEQGP          1      34       2      39       3      42       4      45
                         SEQGP          5      44       6      43       7      41       8      40
                         SEQGP          9      35      10      30      11      25      12      29
                         SEQGP         13      33      14      37      15      38      16      36
                         SEQGP         17      32      18      28      19      24      20      20
                         SEQGP         21      13      22      18      23      23      24      27
                         SEQGP         25      31      26      26      27      21      28      17
                         SEQGP         29      12      30       9      31       5      32       8
                         SEQGP         33      11      34      19      35      22      36      16
                         SEQGP         37      15      38       7      39       4      40       1
                         SEQGP         41       2      42       3      43       6      44      10
                         SEQGP         45      14
0         **NO ERRORS FOUND - EXECUTE NASTRAN PROGRAM**
0*** USER INFORMATION MESSAGE 238, TURN DIAG 38 ON FOR ADDITIONAL ELEMENT PROCESSING INFORMATION

0*** USER INFORMATION MESSAGE 3113,
     EMG MODULE PROCESSING DOUBLE PRECISION TRPLT1   ELEMENTS (ELEMENT TYPE  74) STARTING WITH ID        1
                        0 ROOTS BELOW   1.579137E+08
                        1 ROOTS BELOW   2.960192E+09
1     VIBRATIONS OF A LINEARLY TAPERED CANTILEVER PLATE                     /    95 SUN SOLARIS NASTRAN    / MAY 17, 95 / PAGE    11
      NASTRAN DEMONSTRATION PROBLEM NO. D03-07-1A                                                                                   
0                                                                                                                                   
 
 
                              E I G E N V A L U E   A N A L Y S I S   S U M M A R Y     (INVERSE POWER METHOD)
0
0                                       NUMBER OF EIGENVALUES EXTRACTED  . . . . . .         1
0                                       NUMBER OF STARTING POINTS USED . . . . . . .         1
0                                       NUMBER OF STARTING POINT MOVES . . . . . . .         0
0                                       NUMBER OF TRIANGULAR DECOMPOSITIONS  . . . .         2
0                                       TOTAL NUMBER OF VECTOR ITERATIONS  . . . . .        14

0                                       REASON FOR TERMINATION . . . . . . . . . . .         7*

0                                       LARGEST OFF-DIAGONAL MODAL MASS TERM . . . .  0.00E+00
0                                                                              . . .         0
                                                  MODE PAIR . . . . . . . . . .
                                                                               . . .         0
0                                       NUMBER OF OFF-DIAGONAL MODAL MASS
                                             TERMS FAILING CRITERION . . . . . . . .         0

0                                       (* 1 OR MORE ROOT OUTSIDE FR.RANGE.
                                         SEE NASTRAN U.M. VOL II, SECTION 2.3.3)
1     VIBRATIONS OF A LINEARLY TAPERED CANTILEVER PLATE                     /    95 SUN SOLARIS NASTRAN    / MAY 17, 95 / PAGE    12
      NASTRAN DEMONSTRATION PROBLEM NO. D03-07-1A                                                                                   
0                                                                                                                                   
 
                                              R E A L   E I G E N V A L U E S

   MODE    EXTRACTION       EIGENVALUE            RADIAN              CYCLIC           GENERALIZED         GENERALIZED
    NO.       ORDER                              FREQUENCY           FREQUENCY            MASS              STIFFNESS


                                     ****************************************************************
                                     *                                                              *
                                     *
+                                             NASTRAN INFORMATION MESSAGE 3307, POTENTIALLY         *
                                     *         1 EIGENVALUE(S) AT LOW FREQ. END NOT FOUND           *
                                     *                                                              *
                                     *        (THIS MESSAGE CAN BE SUPPRESSED BY DIAG 37)           *
                                     ****************************************************************

        1         1        2.957193E+09        5.438008E+04        8.654858E+03        1.943292E-09        5.746690E+00             
1     VIBRATIONS OF A LINEARLY TAPERED CANTILEVER PLATE                     /    95 SUN SOLARIS NASTRAN    / MAY 17, 95 / PAGE    13
      NASTRAN DEMONSTRATION PROBLEM NO. D03-07-1A                                                                                   
0                                                                                                                                   
      EIGENVALUE =  0.295719E+10    (CYCLIC FREQUENCY =  8.654858E+03 HZ)

                                         R E A L   E I G E N V E C T O R   N O .          1
 
      POINT ID.   TYPE          T1             T2             T3             R1             R2             R3
             1      G      0.0            0.0            0.0            0.0            0.0            0.0                           
             2      G      0.0            0.0            0.0            0.0            0.0            0.0                           
             3      G      0.0            0.0            0.0            0.0            0.0            0.0                           
             4      G      0.0            0.0            0.0            0.0            0.0            0.0                           
             5      G      0.0            0.0            0.0            0.0            0.0            0.0                           
             6      G      0.0            0.0           -2.367597E-04   6.207179E-04   8.764167E-04   0.0                           
             7      G      0.0            0.0           -5.472823E-04   4.627575E-04   1.575365E-03   0.0                           
             8      G      0.0            0.0           -7.078947E-04   1.616370E-04   2.296494E-03   0.0                           
             9      G      0.0            0.0           -7.660137E-04   1.968803E-04   2.388769E-03   0.0                           
            10      G      0.0            0.0           -6.404227E-04  -3.320629E-04   3.082140E-03   0.0                           
            11      G      0.0            0.0           -3.451006E-03   6.581811E-04   5.256683E-03   0.0                           
            12      G      0.0            0.0           -3.146443E-03   6.410062E-04   4.870544E-03   0.0                           
            13      G      0.0            0.0           -2.689518E-03   6.112823E-04   4.043003E-03   0.0                           
            14      G      0.0            0.0           -2.060640E-03   1.301469E-03   3.190235E-03   0.0                           
            15      G      0.0            0.0           -1.191785E-03   1.374496E-03   2.439661E-03   0.0                           
            16      G      0.0            0.0           -3.087104E-03   2.265441E-03   3.587943E-03   0.0                           
            17      G      0.0            0.0           -4.420016E-03   2.084067E-03   4.258297E-03   0.0                           
            18      G      0.0            0.0           -5.570282E-03   1.682298E-03   5.250180E-03   0.0                           
            19      G      0.0            0.0           -6.587490E-03   1.676956E-03   6.029991E-03   0.0                           
            20      G      0.0            0.0           -7.674930E-03   3.195101E-03   7.951039E-03   0.0                           
            21      G      0.0            0.0           -1.332390E-02   7.178554E-03   1.038664E-02   0.0                           
            22      G      0.0            0.0           -1.086381E-02   2.681606E-03   7.462550E-03   0.0                           
            23      G      0.0            0.0           -9.198150E-03   2.491323E-03   6.390381E-03   0.0                           
            24      G      0.0            0.0           -7.485257E-03   2.934663E-03   5.456801E-03   0.0                           
            25      G      0.0            0.0           -5.613262E-03   2.970474E-03   4.711364E-03   0.0                           
            26      G      0.0            0.0           -8.806698E-03   3.778720E-03   5.467258E-03   0.0                           
            27      G      0.0            0.0           -1.112815E-02   3.722506E-03   6.118124E-03   0.0                           
            28      G      0.0            0.0           -1.339321E-02   3.586684E-03   7.064400E-03   0.0                           
            29      G      0.0            0.0           -1.566167E-02   3.854951E-03   7.762971E-03   0.0                           
            30      G      0.0            0.0           -1.756047E-02  -4.043966E-03   9.219343E-03   0.0                           
            31      G      0.0            0.0           -1.856032E-02  -2.619900E-02  -1.536125E-02   0.0                           
            32      G      0.0            0.0           -2.112206E-02   4.823306E-03   8.992752E-03   0.0                           
            33      G      0.0            0.0           -1.806839E-02   4.793380E-03   7.990171E-03   0.0                           
            34      G      0.0            0.0           -1.518092E-02   4.518526E-03   6.748182E-03   0.0                           
            35      G      0.0            0.0           -1.238757E-02   4.402501E-03   6.126663E-03   0.0                           
            36      G      0.0            0.0           -1.633725E-02   4.959926E-03   6.487089E-03   0.0                           
            37      G      0.0            0.0           -1.945641E-02   5.139407E-03   6.914446E-03   0.0                           
            38      G      0.0            0.0           -2.303207E-02   6.570884E-03   7.652429E-03   0.0                           
            39      G      0.0            0.0           -2.929381E-02   1.457551E-02   1.492443E-02   0.0                           
            40      G      0.0            0.0           -9.875836E-02   5.192699E-01   2.123086E-01   0.0                           
            41      G      0.0            0.0           -2.008132E-01   1.000000E+00   4.841382E-02   0.0                           
            42      G      0.0            0.0           -3.140337E-02   6.793135E-03   8.069154E-04   0.0                           
            43      G      0.0            0.0           -2.760707E-02   7.523733E-03   7.236272E-03   0.0                           
            44      G      0.0            0.0           -2.369626E-02   5.461853E-03   6.658241E-03   0.0                           
            45      G      0.0            0.0           -2.043810E-02   5.114045E-03   6.606174E-03   0.0                           




                                        * * * END OF JOB * * *
1
 JOB TITLE =  VIBRATIONS OF A LINEARLY TAPERED CANTILEVER PLATE                  
 DATE:  5/17/95
 END TIME: 15:43:56
 TOTAL WALL CLOCK TIME      3 SEC.
 
