





                                  ****
                                *      *
                               *        *
                               *  N A S T R A N
                               *        *
                                *      *
                                  ****


                             SUN COMPUTER SYSTEMS    
                                SOLARIS VERSION

                          SYSTEM RELEASE -  1995 ED.

                                DISTRIBUTED BY

         COMPUTER SOFTWARE MANAGEMENT AND INFORMATION CENTER (COSMIC)
                 UNIVERSITY OF GEORGIA, ATHENS, GEORGIA 30602
                 PHONE: (706)542-3265      FAX: (706)542-4807
1                                                                           /    95 SUN SOLARIS NASTRAN    / MAY 17, 95 / PAGE     2
                                                                                                                                    
0                                                                                                                                   
                                                                                                         
                                                                                                         
                         INSTALLATION CENTER USER INFORMATION GIVEN IN THIS SECTION                      
                                                                                                         
                                     *********************************************                       
                                     *                                           *                       
                                     *  PLEASE READ THE COMMENT IN DEMO PROBLEM  *                       
                                     *  D01002A ABOUT SYSTEM TIMING CONSTANTS    *                       
                                     *                                           *                       
                                     *********************************************                       
                                                                                                         
                         ===X=    TOP OF PAGE REQUEST IF 'X' IS REPLACED BY '='                          
                                                                                                         
1                                                                           /    95 SUN SOLARIS NASTRAN    / MAY 17, 95 / PAGE     3
                                                                                                                                    
0                                                                                                                                   
0*** USER INFORMATION MESSAGE 225, GINO TIME CONSTANTS ARE BEING COMPUTED
     (SEE NASINFO FILE FOR ELIMINATION OF THESE COMPUTATIONS)
1                                                                           /    95 SUN SOLARIS NASTRAN    / MAY 17, 95 / PAGE     4
                                                                                                                                    
0        N A S T R A N    E X E C U T I V E    C O N T R O L    D E C K    E C H O                                                  
0                                                                                                                                   
                                                                                                                                    
                                                                                                                                    
     ID    D07022A,NASTRAN                                                           
     APP   DISPLACEMENT                                                              
     SOL   7,3                                                                       
     TIME  40                                                                        
     CEND                                                                            


0*** USER INFORMATION MESSAGE, TURN DIAG 48 ON FOR NASTRAN RELEASE NEWS, DIAG DEFINITION, NEW DMAP
         MODULES AND NEW BULKDATA CARDS INFORMATION
1     COMPLEX EIGENVALUE ANALYSIS OF A GAS FILLED THIN CYLINDER             /    95 SUN SOLARIS NASTRAN    / MAY 17, 95 / PAGE     5
      NASTRAN DEMONSTRATION PROBLEM NO. D07-02-2A                                                                                   
0     HARMONIC 5 USING 1/20 SYMMETRY.                                                                                               
0                                        C A S E    C O N T R O L   D E C K   E C H O                                               
                 CARD                                                                                                               
                 COUNT                                                                                                              
                  1      TITLE    = COMPLEX EIGENVALUE ANALYSIS OF A GAS FILLED THIN CYLINDER            
                  2      SUBTITLE = NASTRAN DEMONSTRATION PROBLEM NO. D07-02-2A                          
                  3      LABEL    = HARMONIC 5 USING 1/20 SYMMETRY.                                      
                  4       CMETHOD = 1                                                                    
                  5           SPC = 3                                                                    
                  6       AXISYMMETRIC = FLUID                                                           
                  7      OUTPUT                                                                          
                  8          HARMONICS = 5                                                               
                  9            SET 100 = 10,11, 26,27, 42,43, 58,59, 74,75, 81 THRU 96,                  
                 10                      106,107, 122,123, 138,139, 154,155, 170,171                     
                 11       DISPLACEMENT = 100                                                             
                 12      BEGIN BULK                                                                      


                        (NO. OF UNSORTED BULK DATA CARDS READ =   251, INCLUDING   0 COMMENT CARDS)
0*** USER INFORMATION MESSAGE 207, BULK DATA DECK IS NOT SORTED. NASTRAN WILL RE-ORDER THE INPUT DECK.
1     COMPLEX EIGENVALUE ANALYSIS OF A GAS FILLED THIN CYLINDER             /    95 SUN SOLARIS NASTRAN    / MAY 17, 95 / PAGE     6
      NASTRAN DEMONSTRATION PROBLEM NO. D07-02-2A                                                                                   
0     HARMONIC 5 USING 1/20 SYMMETRY.                                                                                               
0                                                 S O R T E D   B U L K    D A T A    E C H O                                       
                     CARD                                                                                                           
                     COUNT        ---1--- +++2+++ ---3--- +++4+++ ---5--- +++6+++ ---7--- +++8+++ ---9--- +++10+++                  
                    1-        AXIF    1       .0      1.8-2   2.88+3  NO                              +AXIF   
                    2-        +AXIF   5                                                                       
                    3-        BDYLIST         10      26      42      58      74      90      106     +BDY-1  
                    4-        +BDY-1  122     138     154     170                                             
                    5-        CFLUID2 1001    17      1                                                       
                    6-        CFLUID2 2001    33      17                                                      
                    7-        CFLUID2 3001    49      33                                                      
                    8-        CFLUID2 4001    65      49                                                      
                    9-        CFLUID2 5001    81      65                                                      
                   10-        CFLUID2 6001    97      81                                                      
                   11-        CFLUID2 7001    113     97                                                      
                   12-        CFLUID2 8001    129     113                                                     
                   13-        CFLUID2 9001    145     129                                                     
                   14-        CFLUID2 10001   161     145                                                     
                   15-        CFLUID4 1002    18      2       1       17                                      
                   16-        CFLUID4 1003    19      3       2       18                                      
                   17-        CFLUID4 1004    20      4       3       19                                      
                   18-        CFLUID4 1005    21      5       4       20                                      
                   19-        CFLUID4 1006    22      6       5       21                                      
                   20-        CFLUID4 1007    23      7       6       22                                      
                   21-        CFLUID4 1008    24      8       7       23                                      
                   22-        CFLUID4 1009    25      9       8       24                                      
                   23-        CFLUID4 1010    26      10      9       25                                      
                   24-        CFLUID4 2002    34      18      17      33                                      
                   25-        CFLUID4 2003    35      19      18      34                                      
                   26-        CFLUID4 2004    36      20      19      35                                      
                   27-        CFLUID4 2005    37      21      20      36                                      
                   28-        CFLUID4 2006    38      22      21      37                                      
                   29-        CFLUID4 2007    39      23      22      38                                      
                   30-        CFLUID4 2008    40      24      23      39                                      
                   31-        CFLUID4 2009    41      25      24      40                                      
                   32-        CFLUID4 2010    42      26      25      41                                      
                   33-        CFLUID4 3002    50      34      33      49                                      
                   34-        CFLUID4 3003    51      35      34      50                                      
                   35-        CFLUID4 3004    52      36      35      51                                      
                   36-        CFLUID4 3005    53      37      36      52                                      
                   37-        CFLUID4 3006    54      38      37      53                                      
                   38-        CFLUID4 3007    55      39      38      54                                      
                   39-        CFLUID4 3008    56      40      39      55                                      
                   40-        CFLUID4 3009    57      41      40      56                                      
                   41-        CFLUID4 3010    58      42      41      57                                      
                   42-        CFLUID4 4002    66      50      49      65                                      
                   43-        CFLUID4 4003    67      51      50      66                                      
                   44-        CFLUID4 4004    68      52      51      67                                      
                   45-        CFLUID4 4005    69      53      52      68                                      
                   46-        CFLUID4 4006    70      54      53      69                                      
                   47-        CFLUID4 4007    71      55      54      70                                      
1     COMPLEX EIGENVALUE ANALYSIS OF A GAS FILLED THIN CYLINDER             /    95 SUN SOLARIS NASTRAN    / MAY 17, 95 / PAGE     7
      NASTRAN DEMONSTRATION PROBLEM NO. D07-02-2A                                                                                   

      HARMONIC 5 USING 1/20 SYMMETRY.                                                                                               

                                                  S O R T E D   B U L K    D A T A    E C H O                                       
                     CARD                                                                                                           
                     COUNT        ---1--- +++2+++ ---3--- +++4+++ ---5--- +++6+++ ---7--- +++8+++ ---9--- +++10+++                  
                   48-        CFLUID4 4008    72      56      55      71                                      
                   49-        CFLUID4 4009    73      57      56      72                                      
                   50-        CFLUID4 4010    74      58      57      73                                      
                   51-        CFLUID4 5002    82      66      65      81                                      
                   52-        CFLUID4 5003    83      67      66      82                                      
                   53-        CFLUID4 5004    84      68      67      83                                      
                   54-        CFLUID4 5005    85      69      68      84                                      
                   55-        CFLUID4 5006    86      70      69      85                                      
                   56-        CFLUID4 5007    87      71      70      86                                      
                   57-        CFLUID4 5008    88      72      71      87                                      
                   58-        CFLUID4 5009    89      73      72      88                                      
                   59-        CFLUID4 5010    90      74      73      89                                      
                   60-        CFLUID4 6002    98      82      81      97                                      
                   61-        CFLUID4 6003    99      83      82      98                                      
                   62-        CFLUID4 6004    100     84      83      99                                      
                   63-        CFLUID4 6005    101     85      84      100                                     
                   64-        CFLUID4 6006    102     86      85      101                                     
                   65-        CFLUID4 6007    103     87      86      102                                     
                   66-        CFLUID4 6008    104     88      87      103                                     
                   67-        CFLUID4 6009    105     89      88      104                                     
                   68-        CFLUID4 6010    106     90      89      105                                     
                   69-        CFLUID4 7002    114     98      97      113                                     
                   70-        CFLUID4 7003    115     99      98      114                                     
                   71-        CFLUID4 7004    116     100     99      115                                     
                   72-        CFLUID4 7005    117     101     100     116                                     
                   73-        CFLUID4 7006    118     102     101     117                                     
                   74-        CFLUID4 7007    119     103     102     118                                     
                   75-        CFLUID4 7008    120     104     103     119                                     
                   76-        CFLUID4 7009    121     105     104     120                                     
                   77-        CFLUID4 7010    122     106     105     121                                     
                   78-        CFLUID4 8002    130     114     113     129                                     
                   79-        CFLUID4 8003    131     115     114     130                                     
                   80-        CFLUID4 8004    132     116     115     131                                     
                   81-        CFLUID4 8005    133     117     116     132                                     
                   82-        CFLUID4 8006    134     118     117     133                                     
                   83-        CFLUID4 8007    135     119     118     134                                     
                   84-        CFLUID4 8008    136     120     119     135                                     
                   85-        CFLUID4 8009    137     121     120     136                                     
                   86-        CFLUID4 8010    138     122     121     137                                     
                   87-        CFLUID4 9002    146     130     129     145                                     
                   88-        CFLUID4 9003    147     131     130     146                                     
                   89-        CFLUID4 9004    148     132     131     147                                     
                   90-        CFLUID4 9005    149     133     132     148                                     
                   91-        CFLUID4 9006    150     134     133     149                                     
                   92-        CFLUID4 9007    151     135     134     150                                     
                   93-        CFLUID4 9008    152     136     135     151                                     
                   94-        CFLUID4 9009    153     137     136     152                                     
1     COMPLEX EIGENVALUE ANALYSIS OF A GAS FILLED THIN CYLINDER             /    95 SUN SOLARIS NASTRAN    / MAY 17, 95 / PAGE     8
      NASTRAN DEMONSTRATION PROBLEM NO. D07-02-2A                                                                                   

      HARMONIC 5 USING 1/20 SYMMETRY.                                                                                               

                                                  S O R T E D   B U L K    D A T A    E C H O                                       
                     CARD                                                                                                           
                     COUNT        ---1--- +++2+++ ---3--- +++4+++ ---5--- +++6+++ ---7--- +++8+++ ---9--- +++10+++                  
                   95-        CFLUID4 9010    154     138     137     153                                     
                   96-        CFLUID4 10002   162     146     145     161                                     
                   97-        CFLUID4 10003   163     147     146     162                                     
                   98-        CFLUID4 10004   164     148     147     163                                     
                   99-        CFLUID4 10005   165     149     148     164                                     
                  100-        CFLUID4 10006   166     150     149     165                                     
                  101-        CFLUID4 10007   167     151     150     166                                     
                  102-        CFLUID4 10008   168     152     151     167                                     
                  103-        CFLUID4 10009   169     153     152     168                                     
                  104-        CFLUID4 10010   170     154     153     169                                     
                  105-        CORD2C  1               .0      .0      .0      .0      .0      1.0     +CORD2C 
                  106-        +CORD2C 1.0     .0      .0                                                      
                  107-        CQUAD1  1011    1       27      28      12      11                              
                  108-        CQUAD1  1012    1       28      29      13      12                              
                  109-        CQUAD1  1013    1       29      30      14      13                              
                  110-        CQUAD1  2011    1       43      44      28      27                              
                  111-        CQUAD1  2012    1       44      45      29      28                              
                  112-        CQUAD1  2013    1       45      46      30      29                              
                  113-        CQUAD1  3011    1       59      60      44      43                              
                  114-        CQUAD1  3012    1       60      61      45      44                              
                  115-        CQUAD1  3013    1       61      62      46      45                              
                  116-        CQUAD1  4011    1       75      76      60      59                              
                  117-        CQUAD1  4012    1       76      77      61      60                              
                  118-        CQUAD1  4013    1       77      78      62      61                              
                  119-        CQUAD1  5011    1       91      92      76      75                              
                  120-        CQUAD1  5012    1       92      93      77      76                              
                  121-        CQUAD1  5013    1       93      94      78      77                              
                  122-        CQUAD1  6011    1       107     108     92      91                              
                  123-        CQUAD1  6012    1       108     109     93      92                              
                  124-        CQUAD1  6013    1       109     110     94      93                              
                  125-        CQUAD1  7011    1       123     124     108     107                             
                  126-        CQUAD1  7012    1       124     125     109     108                             
                  127-        CQUAD1  7013    1       125     126     110     109                             
                  128-        CQUAD1  8011    1       139     140     124     123                             
                  129-        CQUAD1  8012    1       140     141     125     124                             
                  130-        CQUAD1  8013    1       141     142     126     125                             
                  131-        CQUAD1  9011    1       155     156     140     139                             
                  132-        CQUAD1  9012    1       156     157     141     140                             
                  133-        CQUAD1  9013    1       157     158     142     141                             
                  134-        CQUAD1  10011   1       171     172     156     155                             
                  135-        CQUAD1  10012   1       172     173     157     156                             
                  136-        CQUAD1  10013   1       173     174     158     157                             
                  137-        EIGC    1       DET     MAX                                             +EIGC   
                  138-        +EIGC   1.0     .0      1.0     20.0    20.0    1       1                       
                  139-        FLSYM   20      S       A                                                       
                  140-        FSLIST          AXIS    1       2       3       4       5       6       +FSL-2  
                  141-        +FSL-2  7       8       9       10                                              
1     COMPLEX EIGENVALUE ANALYSIS OF A GAS FILLED THIN CYLINDER             /    95 SUN SOLARIS NASTRAN    / MAY 17, 95 / PAGE     9
      NASTRAN DEMONSTRATION PROBLEM NO. D07-02-2A                                                                                   

      HARMONIC 5 USING 1/20 SYMMETRY.                                                                                               

                                                  S O R T E D   B U L K    D A T A    E C H O                                       
                     CARD                                                                                                           
                     COUNT        ---1--- +++2+++ ---3--- +++4+++ ---5--- +++6+++ ---7--- +++8+++ ---9--- +++10+++                  
                  142-        FSLIST          170     169     168     167     166     165     164     +FSL-1  
                  143-        +FSL-1  163     162     161     AXIS                                            
                  144-        GRIDB   11                      .00             1               10              
                  145-        GRIDB   12                      6.00000         1               10              
                  146-        GRIDB   13                      12.0000         1               10              
                  147-        GRIDB   14                      18.0000         1               10              
                  148-        GRIDB   27                      .00             1               26              
                  149-        GRIDB   28                      6.00000         1               26              
                  150-        GRIDB   29                      12.0000         1               26              
                  151-        GRIDB   30                      18.0000         1               26              
                  152-        GRIDB   43                      .00             1               42              
                  153-        GRIDB   44                      6.00000         1               42              
                  154-        GRIDB   45                      12.0000         1               42              
                  155-        GRIDB   46                      18.0000         1               42              
                  156-        GRIDB   59                      .00             1               58              
                  157-        GRIDB   60                      6.00000         1               58              
                  158-        GRIDB   61                      12.0000         1               58              
                  159-        GRIDB   62                      18.0000         1               58              
                  160-        GRIDB   75                      .00             1               74              
                  161-        GRIDB   76                      6.00000         1               74              
                  162-        GRIDB   77                      12.0000         1               74              
                  163-        GRIDB   78                      18.0000         1               74              
                  164-        GRIDB   91                      .00             1               90              
                  165-        GRIDB   92                      6.00000         1               90              
                  166-        GRIDB   93                      12.0000         1               90              
                  167-        GRIDB   94                      18.0000         1               90              
                  168-        GRIDB   107                     .00             1               106             
                  169-        GRIDB   108                     6.00000         1               106             
                  170-        GRIDB   109                     12.0000         1               106             
                  171-        GRIDB   110                     18.0000         1               106             
                  172-        GRIDB   123                     .00             1               122             
                  173-        GRIDB   124                     6.00000         1               122             
                  174-        GRIDB   125                     12.0000         1               122             
                  175-        GRIDB   126                     18.0000         1               122             
                  176-        GRIDB   139                     .00             1               138             
                  177-        GRIDB   140                     6.00000         1               138             
                  178-        GRIDB   141                     12.0000         1               138             
                  179-        GRIDB   142                     18.0000         1               138             
                  180-        GRIDB   155                     .00             1               154             
                  181-        GRIDB   156                     6.00000         1               154             
                  182-        GRIDB   157                     12.0000         1               154             
                  183-        GRIDB   158                     18.0000         1               154             
                  184-        GRIDB   171                     .00             1               170             
                  185-        GRIDB   172                     6.00000         1               170             
                  186-        GRIDB   173                     12.0000         1               170             
                  187-        GRIDB   174                     18.0000         1               170             
                  188-        MAT1    2       1.6+5   6.0+4           6.0-2                                   
1     COMPLEX EIGENVALUE ANALYSIS OF A GAS FILLED THIN CYLINDER             /    95 SUN SOLARIS NASTRAN    / MAY 17, 95 / PAGE    10
      NASTRAN DEMONSTRATION PROBLEM NO. D07-02-2A                                                                                   

      HARMONIC 5 USING 1/20 SYMMETRY.                                                                                               

                                                  S O R T E D   B U L K    D A T A    E C H O                                       
                     CARD                                                                                                           
                     COUNT        ---1--- +++2+++ ---3--- +++4+++ ---5--- +++6+++ ---7--- +++8+++ ---9--- +++10+++                  
                  189-        PQUAD1  1       2       .01     2       8.3333-8                        +PQUAD1 
                  190-        +PQUAD1 .0      .005                                                            
                  191-        RINGFL  1       1.00000         10.0000 2       2.00000         10.0000         
                  192-        RINGFL  3       3.00000         10.0000 4       4.00000         10.0000         
                  193-        RINGFL  5       5.00000         10.0000 6       6.00000         10.0000         
                  194-        RINGFL  7       7.00000         10.0000 8       8.00000         10.0000         
                  195-        RINGFL  9       9.00000         10.0000 10      10.0000         10.0000         
                  196-        RINGFL  17      1.00000         9.00000 18      2.00000         9.00000         
                  197-        RINGFL  19      3.00000         9.00000 20      4.00000         9.00000         
                  198-        RINGFL  21      5.00000         9.00000 22      6.00000         9.00000         
                  199-        RINGFL  23      7.00000         9.00000 24      8.00000         9.00000         
                  200-        RINGFL  25      9.00000         9.00000 26      10.0000         9.00000         
                  201-        RINGFL  33      1.00000         8.00000 34      2.00000         8.00000         
                  202-        RINGFL  35      3.00000         8.00000 36      4.00000         8.00000         
                  203-        RINGFL  37      5.00000         8.00000 38      6.00000         8.00000         
                  204-        RINGFL  39      7.00000         8.00000 40      8.00000         8.00000         
                  205-        RINGFL  41      9.00000         8.00000 42      10.0000         8.00000         
                  206-        RINGFL  49      1.00000         7.00000 50      2.00000         7.00000         
                  207-        RINGFL  51      3.00000         7.00000 52      4.00000         7.00000         
                  208-        RINGFL  53      5.00000         7.00000 54      6.00000         7.00000         
                  209-        RINGFL  55      7.00000         7.00000 56      8.00000         7.00000         
                  210-        RINGFL  57      9.00000         7.00000 58      10.0000         7.00000         
                  211-        RINGFL  65      1.00000         6.00000 66      2.00000         6.00000         
                  212-        RINGFL  67      3.00000         6.00000 68      4.00000         6.00000         
                  213-        RINGFL  69      5.00000         6.00000 70      6.00000         6.00000         
                  214-        RINGFL  71      7.00000         6.00000 72      8.00000         6.00000         
                  215-        RINGFL  73      9.00000         6.00000 74      10.0000         6.00000         
                  216-        RINGFL  81      1.00000         5.00000 82      2.00000         5.00000         
                  217-        RINGFL  83      3.00000         5.00000 84      4.00000         5.00000         
                  218-        RINGFL  85      5.00000         5.00000 86      6.00000         5.00000         
                  219-        RINGFL  87      7.00000         5.00000 88      8.00000         5.00000         
                  220-        RINGFL  89      9.00000         5.00000 90      10.0000         5.00000         
                  221-        RINGFL  97      1.00000         4.00000 98      2.00000         4.00000         
                  222-        RINGFL  99      3.00000         4.00000 100     4.00000         4.00000         
                  223-        RINGFL  101     5.00000         4.00000 102     6.00000         4.00000         
                  224-        RINGFL  103     7.00000         4.00000 104     8.00000         4.00000         
                  225-        RINGFL  105     9.00000         4.00000 106     10.0000         4.00000         
                  226-        RINGFL  113     1.00000         3.00000 114     2.00000         3.00000         
                  227-        RINGFL  115     3.00000         3.00000 116     4.00000         3.00000         
                  228-        RINGFL  117     5.00000         3.00000 118     6.00000         3.00000         
                  229-        RINGFL  119     7.00000         3.00000 120     8.00000         3.00000         
                  230-        RINGFL  121     9.00000         3.00000 122     10.0000         3.00000         
                  231-        RINGFL  129     1.00000         2.00000 130     2.00000         2.00000         
                  232-        RINGFL  131     3.00000         2.00000 132     4.00000         2.00000         
                  233-        RINGFL  133     5.00000         2.00000 134     6.00000         2.00000         
                  234-        RINGFL  135     7.00000         2.00000 136     8.00000         2.00000         
                  235-        RINGFL  137     9.00000         2.00000 138     10.0000         2.00000         
1     COMPLEX EIGENVALUE ANALYSIS OF A GAS FILLED THIN CYLINDER             /    95 SUN SOLARIS NASTRAN    / MAY 17, 95 / PAGE    11
      NASTRAN DEMONSTRATION PROBLEM NO. D07-02-2A                                                                                   

      HARMONIC 5 USING 1/20 SYMMETRY.                                                                                               

                                                  S O R T E D   B U L K    D A T A    E C H O                                       
                     CARD                                                                                                           
                     COUNT        ---1--- +++2+++ ---3--- +++4+++ ---5--- +++6+++ ---7--- +++8+++ ---9--- +++10+++                  
                  236-        RINGFL  145     1.00000         1.00000 146     2.00000         1.00000         
                  237-        RINGFL  147     3.00000         1.00000 148     4.00000         1.00000         
                  238-        RINGFL  149     5.00000         1.00000 150     6.00000         1.00000         
                  239-        RINGFL  151     7.00000         1.00000 152     8.00000         1.00000         
                  240-        RINGFL  153     9.00000         1.00000 154     10.0000         1.00000         
                  241-        RINGFL  161     1.00000         .00     162     2.00000         .00             
                  242-        RINGFL  163     3.00000         .00     164     4.00000         .00             
                  243-        RINGFL  165     5.00000         .00     166     6.00000         .00             
                  244-        RINGFL  167     7.00000         .00     168     8.00000         .00             
                  245-        RINGFL  169     9.00000         .00     170     10.0000         .00             
                  246-        SPC1    3       126     11      12      13      14                      H=5     
                  247-        SPC1    3       126     171     172     173     174                     H=5     
                  248-        SPC1    3       135     14      30      46      62      78      94      H=5     
                  249-        SPC1    3       135     110     126     142     158     174             H=5     
                  250-        SPC1    3       246     11      27      43      59      75      91      H=5     
                  251-        SPC1    3       246     107     123     139     155     171             H=5     
                              ENDDATA
0*** USER INFORMATION MESSAGE - GRID-POINT RESEQUENCING PROCESSOR BANDIT IS NOT USED DUE TO
     THE PRESENCE OF AXISYMMETRIC FLUID DATA
0          **NO ERRORS FOUND - EXECUTE NASTRAN PROGRAM**
0*** USER INFORMATION MESSAGE 238, TURN DIAG 38 ON FOR ADDITIONAL ELEMENT PROCESSING INFORMATION

1     COMPLEX EIGENVALUE ANALYSIS OF A GAS FILLED THIN CYLINDER             /    95 SUN SOLARIS NASTRAN    / MAY 17, 95 / PAGE    12
      NASTRAN DEMONSTRATION PROBLEM NO. D07-02-2A                                                                                   

      HARMONIC 5 USING 1/20 SYMMETRY.                                                                                               




0*** USER INFORMATION MESSAGE 3113,
     EMG MODULE PROCESSING DOUBLE PRECISION FLUID2   ELEMENTS (ELEMENT TYPE  43) STARTING WITH ID  1001012
0*** USER INFORMATION MESSAGE 3113,
     EMG MODULE PROCESSING DOUBLE PRECISION FLUID4   ELEMENTS (ELEMENT TYPE  45) STARTING WITH ID  1002012
0*** USER INFORMATION MESSAGE 3113,
     EMG MODULE PROCESSING DOUBLE PRECISION FLMASS   ELEMENTS (ELEMENT TYPE  46) STARTING WITH ID  1000012
0*** USER INFORMATION MESSAGE 3113,
     EMG MODULE PROCESSING DOUBLE PRECISION QUAD1    ELEMENTS (ELEMENT TYPE  19) STARTING WITH ID     1011
0*** USER INFORMATION MESSAGE 3028      B =   21     BBAR =   29
                                        C =   18     CBAR =    9
                                        R =   49
0*** USER INFORMATION MESSAGE 3027, UNSYMMETRIC COMPLEX  DECOMPOSITION OF DATA BLOCK SCRATCH2 (N =   270)
     TIME ESTIMATE =        0 SECONDS
0*** USER INFORMATION MESSAGE 3028      B =   21     BBAR =   29
                                        C =   18     CBAR =    9
                                        R =   49
0*** USER INFORMATION MESSAGE 3027, UNSYMMETRIC COMPLEX  DECOMPOSITION OF DATA BLOCK SCRATCH2 (N =   270)
     TIME ESTIMATE =        0 SECONDS
0*** USER INFORMATION MESSAGE 3028      B =   21     BBAR =   29
                                        C =   18     CBAR =    9
                                        R =   49
0*** USER INFORMATION MESSAGE 3027, UNSYMMETRIC COMPLEX  DECOMPOSITION OF DATA BLOCK SCRATCH2 (N =   270)
     TIME ESTIMATE =        0 SECONDS
0*** USER INFORMATION MESSAGE 3028      B =   21     BBAR =   29
                                        C =   18     CBAR =    9
                                        R =   49
0*** USER INFORMATION MESSAGE 3027, UNSYMMETRIC COMPLEX  DECOMPOSITION OF DATA BLOCK SCRATCH2 (N =   270)
     TIME ESTIMATE =        0 SECONDS
0*** USER INFORMATION MESSAGE 3028      B =   21     BBAR =   29
                                        C =   18     CBAR =    9
                                        R =   49
0*** USER INFORMATION MESSAGE 3027, UNSYMMETRIC COMPLEX  DECOMPOSITION OF DATA BLOCK SCRATCH2 (N =   270)
     TIME ESTIMATE =        0 SECONDS
0*** USER INFORMATION MESSAGE 3028      B =   21     BBAR =   29
                                        C =   18     CBAR =    9
                                        R =   49
0*** USER INFORMATION MESSAGE 3027, UNSYMMETRIC COMPLEX  DECOMPOSITION OF DATA BLOCK SCRATCH2 (N =   270)
     TIME ESTIMATE =        0 SECONDS
0*** USER INFORMATION MESSAGE 3028      B =   21     BBAR =   29
                                        C =   18     CBAR =    9
                                        R =   49
0*** USER INFORMATION MESSAGE 3027, UNSYMMETRIC COMPLEX  DECOMPOSITION OF DATA BLOCK SCRATCH2 (N =   270)
     TIME ESTIMATE =        0 SECONDS
0*** USER INFORMATION MESSAGE 3028      B =   21     BBAR =   29
                                        C =   18     CBAR =    9
                                        R =   49
1     COMPLEX EIGENVALUE ANALYSIS OF A GAS FILLED THIN CYLINDER             /    95 SUN SOLARIS NASTRAN    / MAY 17, 95 / PAGE    13
      NASTRAN DEMONSTRATION PROBLEM NO. D07-02-2A                                                                                   

      HARMONIC 5 USING 1/20 SYMMETRY.                                                                                               




0*** USER INFORMATION MESSAGE 3027, UNSYMMETRIC COMPLEX  DECOMPOSITION OF DATA BLOCK SCRATCH2 (N =   270)
     TIME ESTIMATE =        0 SECONDS
0*** USER INFORMATION MESSAGE 3028      B =   21     BBAR =   29
                                        C =   18     CBAR =    9
                                        R =   49
0*** USER INFORMATION MESSAGE 3027, UNSYMMETRIC COMPLEX  DECOMPOSITION OF DATA BLOCK SCRATCH2 (N =   270)
     TIME ESTIMATE =        0 SECONDS
0*** USER INFORMATION MESSAGE 3028      B =   21     BBAR =   29
                                        C =   18     CBAR =    9
                                        R =   49
0*** USER INFORMATION MESSAGE 3027, UNSYMMETRIC COMPLEX  DECOMPOSITION OF DATA BLOCK SCRATCH2 (N =   270)
     TIME ESTIMATE =        0 SECONDS
0*** USER INFORMATION MESSAGE 3028      B =   21     BBAR =   29
                                        C =   18     CBAR =    9
                                        R =   49
0*** USER INFORMATION MESSAGE 3027, UNSYMMETRIC COMPLEX  DECOMPOSITION OF DATA BLOCK SCRATCH2 (N =   270)
     TIME ESTIMATE =        0 SECONDS
0*** USER INFORMATION MESSAGE 3028      B =   21     BBAR =   29
                                        C =   18     CBAR =    9
                                        R =   49
0*** USER INFORMATION MESSAGE 3027, UNSYMMETRIC COMPLEX  DECOMPOSITION OF DATA BLOCK SCRATCH2 (N =   270)
     TIME ESTIMATE =        0 SECONDS
1     COMPLEX EIGENVALUE ANALYSIS OF A GAS FILLED THIN CYLINDER             /    95 SUN SOLARIS NASTRAN    / MAY 17, 95 / PAGE    14
      NASTRAN DEMONSTRATION PROBLEM NO. D07-02-2A                                                                                   
0     HARMONIC 5 USING 1/20 SYMMETRY.                                                                                               
 
 
                    C O M P L E X   E I G E N V A L U E   A N A L Y S I S   S U M M A R Y     (DETERMINANT METHOD)
0
0                                       NUMBER OF EIGENVALUES EXTRACTED  . . . . . .        1
0                                       NUMBER OF PASSES THROUGH STARTING POINTS . .        1
0                                       NUMBER OF CRITERIA CHANGES . . . . . . . . .        0
0                                       NUMBER OF STARTING POINT MOVES . . . . . . .        0
0                                       NUMBER OF TRIANGULAR DECOMPOSITIONS  . . . .       12
0                                       NUMBER OF FAILURES TO ITERATE TO A ROOT  . .        0
0                                       NUMBER OF PREDICTIONS OUTSIDE REGION . . . .        0
0
0                                       REASON FOR TERMINATION . . . . . . . . . . .        1*

0                                       (* NO. OF ROOTS DESIRED WERE FOUND.
                                         SEE NASTRAN U.M. VOL II, SECTION 2.7.3)
1     COMPLEX EIGENVALUE ANALYSIS OF A GAS FILLED THIN CYLINDER             /    95 SUN SOLARIS NASTRAN    / MAY 17, 95 / PAGE    15
      NASTRAN DEMONSTRATION PROBLEM NO. D07-02-2A                                                                                   
0     HARMONIC 5 USING 1/20 SYMMETRY.                                                                                               
 
                    C O M P L E X   E I G E N V A L U E   A N A L Y S I S   S U M M A R Y     (DETERMINANT METHOD)
0                                        S W E P T   D E T E R M I N A N T   F U N C T I O N

                                          - P -                                   - DET(P) -
          STARTING POINT          REAL             IMAG                    MAGNITUDE         PHASE     SCALE FACTOR
                    1          1.000000E+00    2.500000E+00              2.306401E+00         5.1657        361                     
                    2          1.000000E+00    7.500000E+00              8.867628E+00        17.7315        360                     
                    3          1.000000E+00    1.250000E+01              7.329873E+00        47.8212        359                     
                    4          1.000000E+00    1.750000E+01              0.0                  0.0                                   
1     COMPLEX EIGENVALUE ANALYSIS OF A GAS FILLED THIN CYLINDER             /    95 SUN SOLARIS NASTRAN    / MAY 17, 95 / PAGE    16
      NASTRAN DEMONSTRATION PROBLEM NO. D07-02-2A                                                                                   
0     HARMONIC 5 USING 1/20 SYMMETRY.                                                                                               
 
                                        C O M P L E X   E I G E N V A L U E   S U M M A R Y
0                ROOT     EXTRACTION                  EIGENVALUE                     FREQUENCY              DAMPING
                  NO.        ORDER             (REAL)           (IMAG)                (CYCLES)            COEFFICIENT
                      1           1          9.915575E-18     6.590021E+00          1.048834E+00         -3.009270E-18              
1     COMPLEX EIGENVALUE ANALYSIS OF A GAS FILLED THIN CYLINDER             /    95 SUN SOLARIS NASTRAN    / MAY 17, 95 / PAGE    17
      NASTRAN DEMONSTRATION PROBLEM NO. D07-02-2A                                                                                   
0     HARMONIC 5 USING 1/20 SYMMETRY.                                                                                               
      COMPLEX EIGENVALUE =  9.915575E-18,  6.590021E+00    (CYCLIC FREQUENCY =  1.048834E+00HZ)
                                       C O M P L E X   E I G E N V E C T O R   NO.          1
                                                          (REAL/IMAGINARY)
 
      POINT ID.   TYPE          T1             T2             T3             R1             R2             R3
0           11      G      0.0            0.0            4.210155E-02   0.0           -2.351226E-01   0.0                           
                           0.0            0.0            2.112055E-17   0.0           -7.624402E-14   0.0                           
0           27      G      2.337823E-01   0.0            4.004095E-02   0.0           -2.236149E-01   0.0                           
                           1.239072E-15   0.0            1.714491E-17   0.0            3.722252E-14   0.0                           
0           43      G      4.446804E-01   0.0            3.406087E-02   0.0           -1.902182E-01   0.0                           
                           1.881799E-16   0.0            1.615101E-17   0.0           -1.067689E-14   0.0                           
0           59      G      6.120501E-01   0.0            2.474667E-02   0.0           -1.382016E-01   0.0                           
                           6.493533E-16   0.0            2.397803E-17   0.0            1.484236E-15   0.0                           
0           75      G      7.195080E-01   0.0            1.301009E-02   0.0           -7.265688E-02   0.0                           
                           2.193224E-15   0.0            1.855295E-17   0.0           -1.547797E-14   0.0                           
0           91      G      7.565355E-01   0.0            5.190891E-16   0.0           -1.580193E-13   0.0                           
                           2.863780E-15   0.0           -8.748766E-18   0.0            2.809148E-14   0.0                           
0           92      G      6.551837E-01  -7.276373E-02  -4.498130E-16  -5.535026E-11  -2.824077E-13   1.818829E-01                  
                          -7.831996E-16  -1.036977E-16   3.881394E-18   3.691389E-12  -4.633658E-15  -7.246916E-15                  
0           93      G      3.782857E-01  -1.260315E-01   6.860676E-16  -2.224554E-11  -7.291080E-13   3.150529E-01                  
                          -1.435866E-15   7.619962E-18   2.253856E-18   3.578926E-13   5.541024E-18  -1.479664E-14                  
0           94      G      0.0           -1.455292E-01   0.0            3.865656E-11   0.0            3.638218E-01                  
                           0.0            8.150046E-17   0.0            1.843810E-12   0.0            3.078929E-14                  
0          107      G      7.195080E-01   0.0           -1.301009E-02   0.0            7.265688E-02   0.0                           
                           1.027038E-15   0.0           -2.936170E-17   0.0            9.989274E-15   0.0                           
0          123      G      6.120501E-01   0.0           -2.474667E-02   0.0            1.382016E-01   0.0                           
                          -7.328416E-16   0.0           -1.747622E-17   0.0            4.727027E-15   0.0                           
0          139      G      4.446804E-01   0.0           -3.406087E-02   0.0            1.902182E-01   0.0                           
                           2.981724E-16   0.0           -5.549320E-18   0.0           -1.462701E-14   0.0                           
0          155      G      2.337823E-01   0.0           -4.004095E-02   0.0            2.236149E-01   0.0                           
                           2.259484E-16   0.0           -8.282568E-18   0.0            1.393360E-14   0.0                           
0          171      G      0.0            0.0           -4.210155E-02   0.0            2.351226E-01   0.0                           
                           0.0            0.0           -8.613870E-18   0.0           -6.765201E-16   0.0                           
1     COMPLEX EIGENVALUE ANALYSIS OF A GAS FILLED THIN CYLINDER             /    95 SUN SOLARIS NASTRAN    / MAY 17, 95 / PAGE    18
      NASTRAN DEMONSTRATION PROBLEM NO. D07-02-2A                                                                                   
0     HARMONIC 5 USING 1/20 SYMMETRY.                                                                                               
      COMPLEX EIGENVALUE =  9.915575E-18,  6.590021E+00    (CYCLIC FREQUENCY =  1.048834E+00HZ)
                                       C O M P L E X   E I G E N V E C T O R   NO.          1
                                                          (REAL/IMAGINARY)
 
     HARMONIC   POINT-ID     T1        POINT-ID     T1        POINT-ID     T1        POINT-ID     T1        POINT-ID     T1
0          5        10   0.0               26   3.090170E-01      42   5.877852E-01      58   8.090170E-01      74   9.510565E-01
                         0.0                   -2.650422E-18          -1.325211E-18          -1.325211E-18           0.0
0          5        81  -8.609773E-06      82   8.941122E-05      83   1.300925E-03      84   6.568529E-03      85   2.205637E-02
                         2.299140E-20           2.329472E-20           3.105963E-20           4.141284E-20           8.282568E-20
0          5        86   5.895907E-02      87   1.360715E-01      88   2.834775E-01      89   5.478450E-01      90   1.000000E+00
                         0.0                    3.313027E-19           0.0                    1.325211E-18           0.0
0          5       106   9.510565E-01     122   8.090170E-01     138   5.877852E-01     154   3.090170E-01     170   0.0
                         5.300843E-18           3.975632E-18           0.0                    0.0                    0.0




                                        * * * END OF JOB * * *
1
 JOB TITLE =  COMPLEX EIGENVALUE ANALYSIS OF A GAS FILLED THIN CYLINDER          
 DATE:  5/17/95
 END TIME: 15:58:27
 TOTAL WALL CLOCK TIME      3 SEC.
 
