





                                  ****
                                *      *
                               *        *
                               *  N A S T R A N
                               *        *
                                *      *
                                  ****


                             SUN COMPUTER SYSTEMS    
                                SOLARIS VERSION

                          SYSTEM RELEASE -  1995 ED.

                                DISTRIBUTED BY

         COMPUTER SOFTWARE MANAGEMENT AND INFORMATION CENTER (COSMIC)
                 UNIVERSITY OF GEORGIA, ATHENS, GEORGIA 30602
                 PHONE: (706)542-3265      FAX: (706)542-4807
1                                                                           /    95 SUN SOLARIS NASTRAN    / MAY 17, 95 / PAGE     2
                                                                                                                                    
0                                                                                                                                   
                                                                                                         
                                                                                                         
                         INSTALLATION CENTER USER INFORMATION GIVEN IN THIS SECTION                      
                                                                                                         
                                     *********************************************                       
                                     *                                           *                       
                                     *  PLEASE READ THE COMMENT IN DEMO PROBLEM  *                       
                                     *  D01002A ABOUT SYSTEM TIMING CONSTANTS    *                       
                                     *                                           *                       
                                     *********************************************                       
                                                                                                         
                         ===X=    TOP OF PAGE REQUEST IF 'X' IS REPLACED BY '='                          
                                                                                                         
1                                                                           /    95 SUN SOLARIS NASTRAN    / MAY 17, 95 / PAGE     3
                                                                                                                                    
0                                                                                                                                   
0*** USER INFORMATION MESSAGE 225, GINO TIME CONSTANTS ARE BEING COMPUTED
     (SEE NASINFO FILE FOR ELIMINATION OF THESE COMPUTATIONS)
1                                                                           /    95 SUN SOLARIS NASTRAN    / MAY 17, 95 / PAGE     4
                                                                                                                                    
0        N A S T R A N    E X E C U T I V E    C O N T R O L    D E C K    E C H O                                                  
0                                                                                                                                   
                                                                                                                                    
                                                                                                                                    
     ID    D08013A,NASTRAN                                                           
     APP   DISPLACEMENT                                                              
     SOL   8,1                                                                       
     DIAG  14                                                                        
     TIME  12                                                                        
     ALTER 1 $                                                                       
     PARAM   //C,N,NOP/V,N,TRUE=-1 $                                                 
     INPUT,  ,,,,/G1,G2,,G4,/C,N,3/C,N,1 $                                           
     EQUIV   G1,GEOM1/TRUE / G2,GEOM2/TRUE / G4,GEOM4/TRUE $                         
     ENDALTER $                                                                      
     CEND                                                                            


0*** USER INFORMATION MESSAGE, TURN DIAG 48 ON FOR NASTRAN RELEASE NEWS, DIAG DEFINITION, NEW DMAP
         MODULES AND NEW BULKDATA CARDS INFORMATION
1     FREQUENCY RESPONSE OF A 10X10 PLATE                                   /    95 SUN SOLARIS NASTRAN    / MAY 17, 95 / PAGE     5
      NASTRAN DEMONSTRATION PROBLEM NO. D08-01-3A                                                                                   
0                                                                                                                                   
0                                        C A S E    C O N T R O L   D E C K   E C H O                                               
                 CARD                                                                                                               
                 COUNT                                                                                                              
                  1      TITLE    = FREQUENCY RESPONSE OF A 10X10 PLATE                                  
                  2      SUBTITLE = NASTRAN DEMONSTRATION PROBLEM NO. D08-01-3A                          
                  3           SPC = 10010                                                                
                  4         DLOAD = 8                                                                    
                  5      FREQUENCY= 8                                                                    
                  6      OUTPUT                                                                          
                  7         SET 1 = 1,4,7,11  45,55,  78,88,  111,114,117,121                            
                  8         DISPLACEMENT(SORT2,PHASE) = 1                                                
                  9         SPCFORCE(SORT2,PHASE) = 1                                                    
                 10      BEGIN BULK                                                                      


                        (NO. OF UNSORTED BULK DATA CARDS READ =   106, INCLUDING   0 COMMENT CARDS)
0*** USER INFORMATION MESSAGE 207, BULK DATA DECK IS NOT SORTED. NASTRAN WILL RE-ORDER THE INPUT DECK.
1     FREQUENCY RESPONSE OF A 10X10 PLATE                                   /    95 SUN SOLARIS NASTRAN    / MAY 17, 95 / PAGE     6
      NASTRAN DEMONSTRATION PROBLEM NO. D08-01-3A                                                                                   
0                                                                                                                                   
0                                                 S O R T E D   B U L K    D A T A    E C H O                                       
                     CARD                                                                                                           
                     COUNT        ---1--- +++2+++ ---3--- +++4+++ ---5--- +++6+++ ---7--- +++8+++ ---9--- +++10+++                  
                    1-        DAREA  *37              1               3               2.5000000E-01           
                    2-        DAREA  *37              2               3               4.9384417E-01           
                    3-        DAREA  *37              3               3               4.7552826E-01           
                    4-        DAREA  *37              4               3               4.4550326E-01           
                    5-        DAREA  *37              5               3               4.0450850E-01           
                    6-        DAREA  *37              6               3               3.5355339E-01           
                    7-        DAREA  *37              7               3               2.9389263E-01           
                    8-        DAREA  *37              8               3               2.2699525E-01           
                    9-        DAREA  *37              9               3               1.5450850E-01           
                   10-        DAREA  *37              10              3               7.8217242E-02           
                   11-        DAREA  *37              12              3               4.9384417E-01           
                   12-        DAREA  *37              13              3               9.7552826E-01           
                   13-        DAREA  *37              14              3               9.3934743E-01           
                   14-        DAREA  *37              15              3               8.8003676E-01           
                   15-        DAREA  *37              16              3               7.9905665E-01           
                   16-        DAREA  *37              17              3               6.9840112E-01           
                   17-        DAREA  *37              18              3               5.8054864E-01           
                   18-        DAREA  *37              19              3               4.4840113E-01           
                   19-        DAREA  *37              20              3               3.0521249E-01           
                   20-        DAREA  *37              21              3               1.5450851E-01           
                   21-        DAREA  *37              23              3               4.7552826E-01           
                   22-        DAREA  *37              24              3               9.3934743E-01           
                   23-        DAREA  *37              25              3               9.0450849E-01           
                   24-        DAREA  *37              26              3               8.4739757E-01           
                   25-        DAREA  *37              27              3               7.6942088E-01           
                   26-        DAREA  *37              28              3               6.7249851E-01           
                   27-        DAREA  *37              29              3               5.5901700E-01           
                   28-        DAREA  *37              30              3               4.3177063E-01           
                   29-        DAREA  *37              31              3               2.9389264E-01           
                   30-        DAREA  *37              32              3               1.4877803E-01           
                   31-        DAREA  *37              34              3               4.4550326E-01           
                   32-        DAREA  *37              35              3               8.8003676E-01           
                   33-        DAREA  *37              36              3               8.4739757E-01           
                   34-        DAREA  *37              37              3               7.9389263E-01           
                   35-        DAREA  *37              38              3               7.2083942E-01           
                   36-        DAREA  *37              39              3               6.3003676E-01           
                   37-        DAREA  *37              40              3               5.2372050E-01           
                   38-        DAREA  *37              41              3               4.0450851E-01           
                   39-        DAREA  *37              42              3               2.7533617E-01           
                   40-        DAREA  *37              43              3               1.3938414E-01           
                   41-        DAREA  *37              45              3               4.0450850E-01           
                   42-        DAREA  *37              46              3               7.9905665E-01           
                   43-        DAREA  *37              47              3               7.6942088E-01           
                   44-        DAREA  *37              48              3               7.2083942E-01           
                   45-        DAREA  *37              49              3               6.5450849E-01           
                   46-        DAREA  *37              50              3               5.7206140E-01           
                   47-        DAREA  *37              51              3               4.7552826E-01           
1     FREQUENCY RESPONSE OF A 10X10 PLATE                                   /    95 SUN SOLARIS NASTRAN    / MAY 17, 95 / PAGE     7
      NASTRAN DEMONSTRATION PROBLEM NO. D08-01-3A                                                                                   

                                                                                                                                    

                                                  S O R T E D   B U L K    D A T A    E C H O                                       
                     CARD                                                                                                           
                     COUNT        ---1--- +++2+++ ---3--- +++4+++ ---5--- +++6+++ ---7--- +++8+++ ---9--- +++10+++                  
                   48-        DAREA  *37              52              3               3.6728603E-01           
                   49-        DAREA  *37              53              3               2.5000001E-01           
                   50-        DAREA  *37              54              3               1.2655815E-01           
                   51-        DAREA  *37              56              3               3.5355339E-01           
                   52-        DAREA  *37              57              3               6.9840112E-01           
                   53-        DAREA  *37              58              3               6.7249851E-01           
                   54-        DAREA  *37              59              3               6.3003676E-01           
                   55-        DAREA  *37              60              3               5.7206140E-01           
                   56-        DAREA  *37              61              3               5.0000000E-01           
                   57-        DAREA  *37              62              3               4.1562694E-01           
                   58-        DAREA  *37              63              3               3.2101976E-01           
                   59-        DAREA  *37              64              3               2.1850802E-01           
                   60-        DAREA  *37              65              3               1.1061588E-01           
                   61-        DAREA  *37              67              3               2.9389263E-01           
                   62-        DAREA  *37              68              3               5.8054864E-01           
                   63-        DAREA  *37              69              3               5.5901700E-01           
                   64-        DAREA  *37              70              3               5.2372050E-01           
                   65-        DAREA  *37              71              3               4.7552826E-01           
                   66-        DAREA  *37              72              3               4.1562694E-01           
                   67-        DAREA  *37              73              3               3.4549151E-01           
                   68-        DAREA  *37              74              3               2.6684893E-01           
                   69-        DAREA  *37              75              3               1.8163564E-01           
                   70-        DAREA  *37              76              3               9.1949883E-02           
                   71-        DAREA  *37              78              3               2.2699525E-01           
                   72-        DAREA  *37              79              3               4.4840113E-01           
                   73-        DAREA  *37              80              3               4.3177063E-01           
                   74-        DAREA  *37              81              3               4.0450851E-01           
                   75-        DAREA  *37              82              3               3.6728603E-01           
                   76-        DAREA  *37              83              3               3.2101976E-01           
                   77-        DAREA  *37              84              3               2.6684893E-01           
                   78-        DAREA  *37              85              3               2.0610738E-01           
                   79-        DAREA  *37              86              3               1.4029079E-01           
                   80-        DAREA  *37              87              3               7.1019771E-02           
                   81-        DAREA  *37              89              3               1.5450850E-01           
                   82-        DAREA  *37              90              3               3.0521249E-01           
                   83-        DAREA  *37              91              3               2.9389264E-01           
                   84-        DAREA  *37              92              3               2.7533617E-01           
                   85-        DAREA  *37              93              3               2.5000001E-01           
                   86-        DAREA  *37              94              3               2.1850802E-01           
                   87-        DAREA  *37              95              3               1.8163564E-01           
                   88-        DAREA  *37              96              3               1.4029079E-01           
                   89-        DAREA  *37              97              3               9.5491510E-02           
                   90-        DAREA  *37              98              3               4.8340916E-02           
                   91-        DAREA  *37              100             3               7.8217242E-02           
                   92-        DAREA  *37              101             3               1.5450851E-01           
                   93-        DAREA  *37              102             3               1.4877803E-01           
                   94-        DAREA  *37              103             3               1.3938414E-01           
1     FREQUENCY RESPONSE OF A 10X10 PLATE                                   /    95 SUN SOLARIS NASTRAN    / MAY 17, 95 / PAGE     8
      NASTRAN DEMONSTRATION PROBLEM NO. D08-01-3A                                                                                   

                                                                                                                                    

                                                  S O R T E D   B U L K    D A T A    E C H O                                       
                     CARD                                                                                                           
                     COUNT        ---1--- +++2+++ ---3--- +++4+++ ---5--- +++6+++ ---7--- +++8+++ ---9--- +++10+++                  
                   95-        DAREA  *37              104             3               1.2655815E-01           
                   96-        DAREA  *37              105             3               1.1061588E-01           
                   97-        DAREA  *37              106             3               9.1949883E-02           
                   98-        DAREA  *37              107             3               7.1019771E-02           
                   99-        DAREA  *37              108             3               4.8340916E-02           
                  100-        DAREA  *37              109             3               2.4471748E-02           
                  101-        FREQ    8       .0      8.0     9.0     10.0    11.0                            
                  102-        MAT1    8       3.0+7           .300                                            
                  103-        PQUAD1  101                     8       .6666667                13.55715        
                  104-        RLOAD1  8       37                      1                                       
                  105-        TABLED1 1                                                               +T1     
                  106-        +T1     .0      10.0    100.0   40.0    ENDT                                    
                              ENDDATA
1     FREQUENCY RESPONSE OF A 10X10 PLATE                                   /    95 SUN SOLARIS NASTRAN    / MAY 17, 95 / PAGE     9
      NASTRAN DEMONSTRATION PROBLEM NO. D08-01-3A                                                                                   
0                                                                                                                                   
0         COSMIC / NASTRAN DMAP COMPILER - SOURCE LISTING                                                                           
                                                                                                                                    
                                                                                                                                    
0  OPTIONS IN EFFECT GO      ERR=2   LIST    NODECK  NOREF   NOOSCAR 
   -----------------


       1  BEGIN    DISP 08 - DIRECT FREQUENCY/RANDOM RESPONSE ANALYSIS-APR. 1995 $

       1  PARAM   //C,N,NOP/V,N,TRUE=-1 $                                         

       1  INPUT,  ,,,,/G1,G2,,G4,/C,N,3/C,N,1 $                                   

       1  EQUIV   G1,GEOM1/TRUE / G2,GEOM2/TRUE / G4,GEOM4/TRUE $                 

       2  PRECHK   ALL $                                                          

       3  FILE     KGGX=TAPE/KGG=TAPE/GOD=SAVE/GMD=SAVE/MDD=SAVE/BDD=SAVE $       

       4  PARAM    //*MPY*/CARDNO/0/0 $                                           

       5  GP1      GEOM1,GEOM2,/GPL,EQEXIN,GPDT,CSTM,BGPDT,SIL/S,N,LUSET/         
                   S,N,NOGPDT/ALWAYS=-1 $                                         

       6  ANISOP   GEOM1,EPT,BGPDT,EQEXIN,MPT/MPTA/S,N,ISOP $                     

       7  EQUIV    MPTA,MPT/ISOP $                                                

       8  PLTTRAN  BGPDT,SIL/BGPDP,SIP/LUSET/S,N,LUSEP $                          

       9  PURGE    USET,GM,GO,KAA,BAA,MAA,K4AA,KFS,PSF,QPC,EST,ECT,PLTSETX,PLTPAR,
                   GPSETS,ELSETS/NOGPDT $                                         

      10  COND     LBL5,NOGPDT $                                                  

      11  GP2      GEOM2,EQEXIN/ECT $                                             

      12  PARAML   PCDB//*PRES*////JUMPPLOT $                                     

      13  PURGE    PLTSETX,PLTPAR,GPSETS,ELSETS/JUMPPLOT $                        

      14  COND     P1,JUMPPLOT $                                                  

      15  PLTSET   PCDB,EQEXIN,ECT,EPT/PLTSETX,PLTPAR,GPSETS,ELSETS/S,N,NSIL/     
                   S,N,JUMPPLOT $                                                 

      16  PRTMSG   PLTSETX// $                                                    

      17  PARAM    //*MPY*/PLTFLG/1/1 $                                           
1     FREQUENCY RESPONSE OF A 10X10 PLATE                                   /    95 SUN SOLARIS NASTRAN    / MAY 17, 95 / PAGE    10
      NASTRAN DEMONSTRATION PROBLEM NO. D08-01-3A                                                                                   

                                                                                                                                    

          COSMIC / NASTRAN DMAP COMPILER - SOURCE LISTING                                                                           
                                                                                                                                    
                                                                                                                                    

      18  PARAM    //*MPY*/PFILE/0/0 $                                            

      19  COND     P1,JUMPPLOT $                                                  

      20  PLOT     PLTPAR,GPSETS,ELSETS,CASECC,BGPDT,EQEXIN,SIL,,ECT,,,,/PLOTX1/  
                   NSIL/LUSET/S,N,JUMPPLOT/S,N,PLTFLG/S,N,PFILE $                 

      21  PRTMSG   PLOTX1//$                                                      

      22  LABEL    P1 $                                                           

      23  GP3      GEOM3,EQEXIN,GEOM2/,GPTT/NOGRAV $                              

      24  TA1      ECT,EPT,BGPDT,SIL,GPTT,CSTM,MPT,EQEXIN/EST,GEI,GPECT,,,MPTX,   
                   PCOMPS,EPTX/LUSET/S,N,NOSIMP/1/S,N,NOGENL/GENEL/S,N,COMPS $    

      25  EQUIV    MPTX,MPT/COMPS/EPTX,EPT/COMPS $                                

      26  PURGE    K4GG,MGG,BGG,K4NN,K4FF,K4AA,MNN,MFF,MAA,BNN,BFF,BAA,           
                   KGGX/NOSIMP $                                                  

      27  COND     LBL1,NOSIMP $                                                  

      28  PARAM    //*ADD*/NOKGGX/1/0 $                                           

      29  PARAM    //*ADD*/NOMGG/1/0 $                                            

      30  PARAM    //*ADD*/NOBGG=-1/1/0 $                                         

      31  PARAM    //*ADD*/NOK4GG/1/0 $                                           

      32  EMG      EST,CSTM,MPT,DIT,GEOM2,/KELM,KDICT,MELM,MDICT,BELM,BDICT,/     
                   S,N,NOKGGX/S,N,NOMGG/S,N,NOBGG/S,N,NOK4GG//C,Y,COUPMASS/       
                   C,Y,CPBAR/C,Y,CPROD/C,Y,CPQUAD1/C,Y,CPQUAD2/C,Y,CPTRIA1/       
                   C,Y,CPTRIA2/C,Y,CPTUBE/C,Y,CPQDPLT/C,Y,CPTRPLT/C,Y,CPTRBSC/    
                   C,Y,VOLUME/C,Y,SURFACE $                                       

      33  PURGE    KGGX/NOKGGX/MGG/NOMGG $                                        

      34  COND     LBLKGGX,NOKGGX $                                               

      35  EMA      GPECT,KDICT,KELM/KGGX $                                        

      36  LABEL    LBLKGGX $                                                      

      37  COND     LBLMGG,NOMGG $                                                 
1     FREQUENCY RESPONSE OF A 10X10 PLATE                                   /    95 SUN SOLARIS NASTRAN    / MAY 17, 95 / PAGE    11
      NASTRAN DEMONSTRATION PROBLEM NO. D08-01-3A                                                                                   

                                                                                                                                    

          COSMIC / NASTRAN DMAP COMPILER - SOURCE LISTING                                                                           
                                                                                                                                    
                                                                                                                                    

      38  EMA      GPECT,MDICT,MELM/MGG/-1/C,Y,WTMASS=1.0 $                       

      39  PURGE    MDICT,MELM/ALWAYS $                                            

      40  LABEL    LBLMGG $                                                       

      41  COND     LBLBGG,NOBGG $                                                 

      42  EMA      GPECT,BDICT,BELM/BGG $                                         

      43  PURGE    BDICT,BELM/ALWAYS $                                            

      44  LABEL    LBLBGG $                                                       

      45  COND     LBLK4GG,NOK4GG $                                               

      46  EMA      GPECT,KDICT,KELM/K4GG/NOK4GG $                                 

      47  LABEL    LBLK4GG $                                                      

      48  PURGE    KDICT,KELM/ALWAYS $                                            

      49  PURGE    MNN,MFF,MAA/NOMGG $                                            

      50  PURGE    BNN,BFF,BAA/NOBGG $                                            

      51  COND     LBL1,GRDPNT $                                                  

      52  COND     ERROR4,NOMGG $                                                 

      53  GPWG     BGPDP,CSTM,EQEXIN,MGG/OGPWG/V,Y,GRDPNT=-1/C,Y,WTMASS $         

      54  OFP      OGPWG,,,,,//S,N,CARDNO $                                       

      55  LABEL    LBL1 $                                                         

      56  EQUIV    KGGX,KGG/NOGENL $                                              

      57  COND     LBL11,NOGENL $                                                 

      58  SMA3     GEI,KGGX/KGG/LUSET/NOGENL/NOSIMP $                             

      59  LABEL    LBL11 $                                                        

      60  GPSTGEN  KGG,SIL/GPST $                                                 
1     FREQUENCY RESPONSE OF A 10X10 PLATE                                   /    95 SUN SOLARIS NASTRAN    / MAY 17, 95 / PAGE    12
      NASTRAN DEMONSTRATION PROBLEM NO. D08-01-3A                                                                                   

                                                                                                                                    

          COSMIC / NASTRAN DMAP COMPILER - SOURCE LISTING                                                                           
                                                                                                                                    
                                                                                                                                    

      61  PARAM    //*MPY*/NSKIP/0/0 $                                            

      62  GP4      CASECC,GEOM4,EQEXIN,GPDT,BGPDT,CSTM,GPST/RG,,USET,             
                   ASET,OGPST/LUSET/S,N,MPCF1/S,N,MPCF2/S,N,SINGLE/S,N,OMIT/      
                   S,N,REACT/S,N,NSKIP/S,N,REPEAT/S,N,NOSET/S,N,NOL/S,N,NOA/      
                   C,Y,ASETOUT/C,Y,AUTOSPC $                                      

      63  OFP      OGPST,,,,,//S,N,CARDNO $                                       

      64  PURGE    GM,GMD/MPCF1/GO,GOD/OMIT/KFS,PSF,QPC/SINGLE $                  

      65  EQUIV    KGG,KNN/MPCF1/MGG,MNN/MPCF1/ BGG,BNN/MPCF1/K4GG,K4NN/MPCF1 $   

      66  COND     LBL2,MPCF1 $                                                   

      67  MCE1     USET,RG/GM $                                                   

      68  MCE2     USET,GM,KGG,MGG,BGG,K4GG/KNN,MNN,BNN,K4NN $                    

      69  LABEL    LBL2 $                                                         

      70  EQUIV    KNN,KFF/SINGLE/MNN,MFF/SINGLE/BNN,BFF/SINGLE/K4NN,K4FF/SINGLE $

      71  COND     LBL3,SINGLE $                                                  

      72  SCE1     USET,KNN,MNN,BNN,K4NN/KFF,KFS,,MFF,BFF,K4FF $                  

      73  LABEL    LBL3 $                                                         

      74  EQUIV    KFF,KAA/OMIT $                                                 

      75  EQUIV    MFF,MAA/OMIT $                                                 

      76  EQUIV    BFF,BAA/OMIT $                                                 

      77  EQUIV    K4FF,K4AA/OMIT $                                               

      78  COND     LBL5,OMIT $                                                    

      79  SMP1     USET,KFF,,,/GO,KAA,KOO,LOO,,,,, $                              

      80  COND     LBLM,NOMGG $                                                   

      81  SMP2     USET,GO,MFF/MAA $                                              

      82  LABEL    LBLM $                                                         
1     FREQUENCY RESPONSE OF A 10X10 PLATE                                   /    95 SUN SOLARIS NASTRAN    / MAY 17, 95 / PAGE    13
      NASTRAN DEMONSTRATION PROBLEM NO. D08-01-3A                                                                                   

                                                                                                                                    

          COSMIC / NASTRAN DMAP COMPILER - SOURCE LISTING                                                                           
                                                                                                                                    
                                                                                                                                    

      83  COND     LBLB,NOBGG $                                                   

      84  SMP2     USET,GO,BFF/BAA $                                              

      85  LABEL    LBLB $                                                         

      86  COND     LBL5,NOK4GG $                                                  

      87  SMP2     USET,GO,K4FF/K4AA $                                            

      88  LABEL    LBL5 $                                                         

      89  DPD      DYNAMICS,GPL,SIL,USET/GPLD,SILD,USETD,TFPOOL,DLT,PSDL,FRL,,,,  
                   EQDYN/LUSET/S,N,LUSETD/NOTFL/S,N,NODLT/S,N,NOPSDL/S,N,         
                   NOFRL/NONLFT/NOTRL/NOEED//S,N,NOUE $                           

      90  EQUIV    GO,GOD/NOUE/GM,GMD/NOUE $                                      

      91  PARAM    //*ADD*/NEVER/1/0 $                                            

      92  PARAM    //*MPY*/REPEATF/-1/1 $                                         

      93  BMG      MATPOOL,BGPDT,EQEXIN,CSTM/BDPOOL/S,N,NOKBFL/S,N,NOABFL/        
                   S,N,MFACT $                                                    

      94  PARAM    //*AND*/NOFL/NOABFL/NOKBFL $                                   

      95  PURGE    KBFL/NOKBFL/ ABFL/NOABFL $                                     

      96  COND     LBL13,NOFL $                                                   

      97  MTRXIN,  ,BDPOOL,EQDYN,,/ABFL,KBFL,/LUSETD/S,N,NOABFL/S,N,NOKBFL/       
                   0 $                                                            

      98  LABEL    LBL13 $                                                        

      99  PURGE    OUDVC1,OUDVC2,XYPLTFA,OPPC1,OQPC1,OUPVC1,OESC1,OEFC1,OPPC2,    
                   OQPC2,OUPVC2,OESC2,OEFC2,XYPLTF,PSDF,AUTO,XYPLTR,              
                   K2PP,M2PP,B2PP,K2DD,M2DD,B2DD/NEVER $                          

     100  CASE     CASECC,PSDL/CASEXX/*FREQ*/S,N,REPEATF/S,N,NOLOOP $             

     101  MTRXIN   CASEXX,MATPOOL,EQDYN,,TFPOOL/K2DPP,M2DPP,B2PP/LUSETD/S,N,      
                   NOK2DPP/S,N,NOM2DPP/S,N,NOB2PP $                               

     102  PARAM    //*AND*/NOM2PP/NOABFL/NOM2DPP $                                
1     FREQUENCY RESPONSE OF A 10X10 PLATE                                   /    95 SUN SOLARIS NASTRAN    / MAY 17, 95 / PAGE    14
      NASTRAN DEMONSTRATION PROBLEM NO. D08-01-3A                                                                                   

                                                                                                                                    

          COSMIC / NASTRAN DMAP COMPILER - SOURCE LISTING                                                                           
                                                                                                                                    
                                                                                                                                    

     103  PARAM    //*AND*/NOK2PP/NOFL  /NOK2DPP $                                

     104  EQUIV    K2DPP,K2PP/NOFL/M2DPP,M2PP/NOABFL $                            

     105  COND     LBLFL2,NOFL $                                                  

     106  ADD5     ABFL,KBFL,K2DPP,,/K2PP/(-1.0,0.0) $                            

     107  COND     LBLFL2,NOABFL $                                                

     108  TRNSP    ABFL/ABFLT $                                                   

     109  ADD      ABFLT,M2DPP/M2PP/MFACT/(1.0,0.0) $                             

     110  LABEL    LBLFL2 $                                                       

     111  PARAM    //*AND*/BDEBA/NOUE/NOB2PP $                                    

     112  PARAM    //*AND*/KDEK2/NOGENL/NOSIMP $                                  

     113  PARAM    //*AND*/MDEMA/NOUE/NOM2PP $                                    

     114  PURGE    K2DD/NOK2PP/M2DD/NOM2PP/B2DD/NOB2PP $                          

     115  EQUIV    M2PP,M2DD/NOA/B2PP,B2DD/NOA/K2PP,K2DD/NOA/                     
                   MAA,MDD/MDEMA/BAA,BDD/BDEBA $                                  

     116  COND     LBL18,NOGPDT $                                                 

     117  GKAD     USETD,GM,GO,KAA,BAA,MAA,K4AA,K2PP,M2PP,B2PP/KDD,BDD,MDD,GMD,   
                   GOD,K2DD,M2DD,B2DD/*FREQRESP*/*DISP*/*DIRECT*/C,Y,G=0.0/       
                   0.0/0.0/NOK2PP/NOM2PP/NOB2PP/                                  
                   MPCF1/SINGLE/OMIT/NOUE/NOK4GG/NOBGG/                           
                   KDEK2/-1 $                                                     

     118  LABEL    LBL18 $                                                        

     119  EQUIV    B2DD,BDD/NOBGG/ M2DD,MDD/NOSIMP/ K2DD,KDD/KDEK2 $              

     120  COND     ERROR1,NOFRL $                                                 

     121  COND     ERROR2,NODLT $                                                 

     122  FRRD     CASEXX,USETD,DLT,FRL,GMD,GOD,KDD,BDD,MDD,,DIT/UDVF,PSF,PDF,PPF/
                   *DISP*/*DIRECT*/LUSETD/MPCF1/SINGLE/OMIT/                      
1     FREQUENCY RESPONSE OF A 10X10 PLATE                                   /    95 SUN SOLARIS NASTRAN    / MAY 17, 95 / PAGE    15
      NASTRAN DEMONSTRATION PROBLEM NO. D08-01-3A                                                                                   
0                                                                                                                                   
0         COSMIC / NASTRAN DMAP COMPILER - SOURCE LISTING                                                                           
                                                                                                                                    
                                                                                                                                    
                   NONCUP/FRQSET $                                                

     123  EQUIV    PPF,PDF/NOSET $                                                

     124  VDR      CASEXX,EQDYN,USETD,UDVF,PPF,XYCDB,/OUDVC1,/*FREQRESP*/         
                   *DIRECT*/S,N,NOSORT2/S,N,NOD/S,N,NOP/0 $                       

     125  COND     LBL15,NOD $                                                    

     126  COND     LBL15A,NOSORT2 $                                               

     127  SDR3     OUDVC1,,,,,/OUDVC2,,,,, $                                      

     128  OFP      OUDVC2,,,,,//S,N,CARDNO $                                      

     129  XYTRAN   XYCDB,OUDVC2,,,,/XYPLTFA/*FREQ*/*DSET*/S,N,PFILE/              
                   S,N,CARDNO $                                                   

     130  XYPLOT   XYPLTFA// $                                                    

     131  JUMP     LBL15 $                                                        

     132  LABEL    LBL15A $                                                       

     133  OFP      OUDVC1,,,,,//S,N,CARDNO $                                      

     134  LABEL    LBL15 $                                                        

     135  COND     LBL20,NOP $                                                    

     136  EQUIV    UDVF,UPVC/NOA $                                                

     137  COND     LBL19,NOA $                                                    

     138  SDR1     USETD,,UDVF,,,GOD,GMD,PSF,KFS,,/UPVC,,QPC/1/*DYNAMICS* $       

     139  LABEL    LBL19 $                                                        

     140  SDR2     CASEXX,CSTM,MPT,DIT,EQDYN,SILD,,,BGPDP,PPF,QPC,UPVC,EST,XYCDB, 
                   PPF,/OPPC1,OQPC1,OUPVC1,OESC1,OEFC1,PUPVC1,,/*FREQRESP*/       
                   S,N,NOSORT2 $                                                  

     141  COND     LBL17,NOSORT2 $                                                

     142  SDR3     OPPC1,OQPC1,OUPVC1,OESC1,OEFC1,/OPPC2,OQPC2,OUPVC2,OESC2,      
                   OEFC2, $                                                       

     143  OFP      OPPC2,OQPC2,OUPVC2,OEFC2,OESC2,//S,N,CARDNO $                  
1     FREQUENCY RESPONSE OF A 10X10 PLATE                                   /    95 SUN SOLARIS NASTRAN    / MAY 17, 95 / PAGE    16
      NASTRAN DEMONSTRATION PROBLEM NO. D08-01-3A                                                                                   

                                                                                                                                    

          COSMIC / NASTRAN DMAP COMPILER - SOURCE LISTING                                                                           
                                                                                                                                    
                                                                                                                                    

     144  XYTRAN   XYCDB,OPPC2,OQPC2,OUPVC2,OESC2,OEFC2/XYPLTF/*FREQ*/*PSET*/     
                   S,N,PFILE/S,N,CARDNO $                                         

     145  XYPLOT   XYPLTF// $                                                     

     146  COND     LBL16,NOPSDL $                                                 

     147  RANDOM   XYCDB,DIT,PSDL,OUPVC2,OPPC2,OQPC2,OESC2,OEFC2,CASEXX/PSDF,AUTO/
                   S,N,NORD $                                                     

     148  COND     LBL16,NORD $                                                   

     149  XYTRAN   XYCDB,PSDF,AUTO,,,/XYPLTR/*RAND*/*PSET*/S,N,PFILE/             
                   S,N,CARDNO $                                                   

     150  XYPLOT   XYPLTR// $                                                     

     151  JUMP     LBL16 $                                                        

     152  LABEL    LBL17 $                                                        

     153  PURGE    PSDF/NOSORT2 $                                                 

     154  OFP      OUPVC1,OPPC1,OQPC1,OEFC1,OESC1,//S,N,CARDNO $                  

     155  LABEL    LBL16 $                                                        

     156  PURGE    PSDF/NOPSDL $                                                  

     157  COND     LBL20,JUMPPLOT $                                               

     158  PLOT     PLTPAR,GPSETS,ELSETS,CASEXX,BGPDT,EQEXIN,SIP,,PUPVC1,          
                   GPECT,OESC1,,/PLOTX2/NSIL/LUSEP/JUMPPLOT/PLTFLG/               
                   S,N,PFILE $                                                    

     159  PRTMSG   PLOTX2// $                                                     

     160  LABEL    LBL20 $                                                        

     164  JUMP     FINIS $                                                        

     165  LABEL    ERROR2 $                                                       

     166  PRTPARM  //-2/*DIRFRRD* $                                               

     167  LABEL    ERROR1 $                                                       
1     FREQUENCY RESPONSE OF A 10X10 PLATE                                   /    95 SUN SOLARIS NASTRAN    / MAY 17, 95 / PAGE    17
      NASTRAN DEMONSTRATION PROBLEM NO. D08-01-3A                                                                                   

                                                                                                                                    

          COSMIC / NASTRAN DMAP COMPILER - SOURCE LISTING                                                                           
                                                                                                                                    
                                                                                                                                    

     168  PRTPARM  //-1/*DIRFRRD* $                                               

     169  LABEL    ERROR4 $                                                       

     170  PRTPARM  //-4/*DIRFRRD* $                                               

     171  LABEL    FINIS $                                                        

     172  PURGE    DUMMY/ALWAYS $                                                 

     173  END      $                                                              
0          **NO ERRORS FOUND - EXECUTE NASTRAN PROGRAM**
1     FREQUENCY RESPONSE OF A 10X10 PLATE                                   /    95 SUN SOLARIS NASTRAN    / MAY 17, 95 / PAGE    18
      NASTRAN DEMONSTRATION PROBLEM NO. D08-01-3A                                                                                   
0                                                                                                                                   


                    * U T I L I T Y   M O D U L E   I N P U T *


                    INPUT DATA ECHO (DATA READ VIA FORTRAN, REMEMBER TO RIGHT ADJUST)


                    *   1  **   2  **   3  **   4  **   5  **   6  **   7  **   8  **   9  **  10  *



                           10      10 1.0E+00 1.0E+00     126 0.0E+00 0.0E+00
                            4       5      35      34       0       0
0*** USER INFORMATION MESSAGE 238, TURN DIAG 38 ON FOR ADDITIONAL ELEMENT PROCESSING INFORMATION

0*** USER INFORMATION MESSAGE 3113,
     EMG MODULE PROCESSING DOUBLE PRECISION QUAD1    ELEMENTS (ELEMENT TYPE  19) STARTING WITH ID        1
1     FREQUENCY RESPONSE OF A 10X10 PLATE                                   /    95 SUN SOLARIS NASTRAN    / MAY 17, 95 / PAGE    19
      NASTRAN DEMONSTRATION PROBLEM NO. D08-01-3A                                                                                   
0                                                                                                                                   
      POINT-ID =       1
                         C O M P L E X   F O R C E S   O F   S I N G L E   P O I N T   C O N S T R A I N T
                                                         (MAGNITUDE/PHASE)
 
      FREQUENCY   TYPE          T1             T2             T3             R1             R2             R3
0  0.0              G      0.0            0.0            0.0            6.603571E+01   6.603571E+01   0.0                           
                             0.0            0.0            0.0            0.0          180.0000         0.0                         
0  8.000000E+00     G      0.0            0.0            0.0            2.286568E+02   2.286568E+02   0.0                           
                             0.0            0.0            0.0            0.0          180.0000         0.0                         
0  9.000000E+00     G      0.0            0.0            0.0            4.470245E+02   4.470245E+02   0.0                           
                             0.0            0.0            0.0            0.0          180.0000         0.0                         
0  1.000000E+01     G      0.0            0.0            0.0            2.906904E+04   2.906904E+04   0.0                           
                             0.0            0.0            0.0          180.0000         0.0            0.0                         
0  1.100000E+01     G      0.0            0.0            0.0            4.112285E+02   4.112285E+02   0.0                           
                             0.0            0.0            0.0          180.0000         0.0            0.0                         
1     FREQUENCY RESPONSE OF A 10X10 PLATE                                   /    95 SUN SOLARIS NASTRAN    / MAY 17, 95 / PAGE    20
      NASTRAN DEMONSTRATION PROBLEM NO. D08-01-3A                                                                                   
0                                                                                                                                   
      POINT-ID =       4
                         C O M P L E X   F O R C E S   O F   S I N G L E   P O I N T   C O N S T R A I N T
                                                         (MAGNITUDE/PHASE)
 
      FREQUENCY   TYPE          T1             T2             T3             R1             R2             R3
0  0.0              G      0.0            0.0            0.0            1.176765E+02   0.0            0.0                           
                             0.0            0.0            0.0            0.0            0.0            0.0                         
0  8.000000E+00     G      0.0            0.0            0.0            4.074694E+02   0.0            0.0                           
                             0.0            0.0            0.0            0.0            0.0            0.0                         
0  9.000000E+00     G      0.0            0.0            0.0            7.966035E+02   0.0            0.0                           
                             0.0            0.0            0.0            0.0            0.0            0.0                         
0  1.000000E+01     G      0.0            0.0            0.0            5.180141E+04   0.0            0.0                           
                             0.0            0.0            0.0          180.0000         0.0            0.0                         
0  1.100000E+01     G      0.0            0.0            0.0            7.328146E+02   0.0            0.0                           
                             0.0            0.0            0.0          180.0000         0.0            0.0                         
1     FREQUENCY RESPONSE OF A 10X10 PLATE                                   /    95 SUN SOLARIS NASTRAN    / MAY 17, 95 / PAGE    21
      NASTRAN DEMONSTRATION PROBLEM NO. D08-01-3A                                                                                   
0                                                                                                                                   
      POINT-ID =       7
                         C O M P L E X   F O R C E S   O F   S I N G L E   P O I N T   C O N S T R A I N T
                                                         (MAGNITUDE/PHASE)
 
      FREQUENCY   TYPE          T1             T2             T3             R1             R2             R3
0  0.0              G      0.0            0.0            0.0            7.762963E+01   0.0            0.0                           
                             0.0            0.0            0.0            0.0            0.0            0.0                         
0  8.000000E+00     G      0.0            0.0            0.0            2.688022E+02   0.0            0.0                           
                             0.0            0.0            0.0            0.0            0.0            0.0                         
0  9.000000E+00     G      0.0            0.0            0.0            5.255088E+02   0.0            0.0                           
                             0.0            0.0            0.0            0.0            0.0            0.0                         
0  1.000000E+01     G      0.0            0.0            0.0            3.417271E+04   0.0            0.0                           
                             0.0            0.0            0.0          180.0000         0.0            0.0                         
0  1.100000E+01     G      0.0            0.0            0.0            4.834281E+02   0.0            0.0                           
                             0.0            0.0            0.0          180.0000         0.0            0.0                         
1     FREQUENCY RESPONSE OF A 10X10 PLATE                                   /    95 SUN SOLARIS NASTRAN    / MAY 17, 95 / PAGE    22
      NASTRAN DEMONSTRATION PROBLEM NO. D08-01-3A                                                                                   
0                                                                                                                                   
      POINT-ID =      11
                         C O M P L E X   F O R C E S   O F   S I N G L E   P O I N T   C O N S T R A I N T
                                                         (MAGNITUDE/PHASE)
 
      FREQUENCY   TYPE          T1             T2             T3             R1             R2             R3
0  0.0              G      0.0            0.0            2.149553E+01   1.173293E+00   0.0            0.0                           
                             0.0            0.0          180.0000         0.0            0.0            0.0                         
0  8.000000E+00     G      0.0            0.0            7.443094E+01   4.062674E+00   0.0            0.0                           
                             0.0            0.0          180.0000         0.0            0.0            0.0                         
0  9.000000E+00     G      0.0            0.0            1.455126E+02   7.942535E+00   0.0            0.0                           
                             0.0            0.0          180.0000         0.0            0.0            0.0                         
0  1.000000E+01     G      0.0            0.0            9.462373E+03   5.164860E+02   0.0            0.0                           
                             0.0            0.0            0.0          180.0000         0.0            0.0                         
0  1.100000E+01     G      0.0            0.0            1.338605E+02   7.306528E+00   0.0            0.0                           
                             0.0            0.0            0.0          180.0000         0.0            0.0                         
1     FREQUENCY RESPONSE OF A 10X10 PLATE                                   /    95 SUN SOLARIS NASTRAN    / MAY 17, 95 / PAGE    23
      NASTRAN DEMONSTRATION PROBLEM NO. D08-01-3A                                                                                   
0                                                                                                                                   
      POINT-ID =      45
                         C O M P L E X   F O R C E S   O F   S I N G L E   P O I N T   C O N S T R A I N T
                                                         (MAGNITUDE/PHASE)
 
      FREQUENCY   TYPE          T1             T2             T3             R1             R2             R3
0  0.0              G      0.0            0.0            0.0            0.0            1.068480E+02   0.0                           
                             0.0            0.0            0.0            0.0          180.0000         0.0                         
0  8.000000E+00     G      0.0            0.0            0.0            0.0            3.699745E+02   0.0                           
                             0.0            0.0            0.0            0.0          180.0000         0.0                         
0  9.000000E+00     G      0.0            0.0            0.0            0.0            7.233008E+02   0.0                           
                             0.0            0.0            0.0            0.0          180.0000         0.0                         
0  1.000000E+01     G      0.0            0.0            0.0            0.0            4.703470E+04   0.0                           
                             0.0            0.0            0.0            0.0            0.0            0.0                         
0  1.100000E+01     G      0.0            0.0            0.0            0.0            6.653818E+02   0.0                           
                             0.0            0.0            0.0            0.0            0.0            0.0                         
1     FREQUENCY RESPONSE OF A 10X10 PLATE                                   /    95 SUN SOLARIS NASTRAN    / MAY 17, 95 / PAGE    24
      NASTRAN DEMONSTRATION PROBLEM NO. D08-01-3A                                                                                   
0                                                                                                                                   
      POINT-ID =      55
                         C O M P L E X   F O R C E S   O F   S I N G L E   P O I N T   C O N S T R A I N T
                                                         (MAGNITUDE/PHASE)
 
      FREQUENCY   TYPE          T1             T2             T3             R1             R2             R3
0  0.0              G      0.0            0.0            3.478050E+01   5.615477E-01   0.0            0.0                           
                             0.0            0.0          180.0000       180.0000         0.0            0.0                         
0  8.000000E+00     G      0.0            0.0            1.204318E+02   1.944428E+00   0.0            0.0                           
                             0.0            0.0          180.0000       180.0000         0.0            0.0                         
0  9.000000E+00     G      0.0            0.0            2.354444E+02   3.801361E+00   0.0            0.0                           
                             0.0            0.0          180.0000       180.0000         0.0            0.0                         
0  1.000000E+01     G      0.0            0.0            1.531044E+04   2.471943E+02   0.0            0.0                           
                             0.0            0.0            0.0            0.0            0.0            0.0                         
0  1.100000E+01     G      0.0            0.0            2.165909E+02   3.496963E+00   0.0            0.0                           
                             0.0            0.0            0.0            0.0            0.0            0.0                         
1     FREQUENCY RESPONSE OF A 10X10 PLATE                                   /    95 SUN SOLARIS NASTRAN    / MAY 17, 95 / PAGE    25
      NASTRAN DEMONSTRATION PROBLEM NO. D08-01-3A                                                                                   
0                                                                                                                                   
      POINT-ID =      78
                         C O M P L E X   F O R C E S   O F   S I N G L E   P O I N T   C O N S T R A I N T
                                                         (MAGNITUDE/PHASE)
 
      FREQUENCY   TYPE          T1             T2             T3             R1             R2             R3
0  0.0              G      0.0            0.0            0.0            0.0            5.995917E+01   0.0                           
                             0.0            0.0            0.0            0.0          180.0000         0.0                         
0  8.000000E+00     G      0.0            0.0            0.0            0.0            2.076160E+02   0.0                           
                             0.0            0.0            0.0            0.0          180.0000         0.0                         
0  9.000000E+00     G      0.0            0.0            0.0            0.0            4.058897E+02   0.0                           
                             0.0            0.0            0.0            0.0          180.0000         0.0                         
0  1.000000E+01     G      0.0            0.0            0.0            0.0            2.639414E+04   0.0                           
                             0.0            0.0            0.0            0.0            0.0            0.0                         
0  1.100000E+01     G      0.0            0.0            0.0            0.0            3.733877E+02   0.0                           
                             0.0            0.0            0.0            0.0            0.0            0.0                         
1     FREQUENCY RESPONSE OF A 10X10 PLATE                                   /    95 SUN SOLARIS NASTRAN    / MAY 17, 95 / PAGE    26
      NASTRAN DEMONSTRATION PROBLEM NO. D08-01-3A                                                                                   
0                                                                                                                                   
      POINT-ID =      88
                         C O M P L E X   F O R C E S   O F   S I N G L E   P O I N T   C O N S T R A I N T
                                                         (MAGNITUDE/PHASE)
 
      FREQUENCY   TYPE          T1             T2             T3             R1             R2             R3
0  0.0              G      0.0            0.0            1.951753E+01   8.512338E-01   0.0            0.0                           
                             0.0            0.0          180.0000       180.0000         0.0            0.0                         
0  8.000000E+00     G      0.0            0.0            6.758187E+01   2.947502E+00   0.0            0.0                           
                             0.0            0.0          180.0000       180.0000         0.0            0.0                         
0  9.000000E+00     G      0.0            0.0            1.321227E+02   5.762372E+00   0.0            0.0                           
                             0.0            0.0          180.0000       180.0000         0.0            0.0                         
0  1.000000E+01     G      0.0            0.0            8.591655E+03   3.747147E+02   0.0            0.0                           
                             0.0            0.0            0.0            0.0            0.0            0.0                         
0  1.100000E+01     G      0.0            0.0            1.215428E+02   5.300944E+00   0.0            0.0                           
                             0.0            0.0            0.0            0.0            0.0            0.0                         
1     FREQUENCY RESPONSE OF A 10X10 PLATE                                   /    95 SUN SOLARIS NASTRAN    / MAY 17, 95 / PAGE    27
      NASTRAN DEMONSTRATION PROBLEM NO. D08-01-3A                                                                                   
0                                                                                                                                   
      POINT-ID =     111
                         C O M P L E X   F O R C E S   O F   S I N G L E   P O I N T   C O N S T R A I N T
                                                         (MAGNITUDE/PHASE)
 
      FREQUENCY   TYPE          T1             T2             T3             R1             R2             R3
0  0.0              G      0.0            0.0            2.149553E+01   0.0            1.173293E+00   0.0                           
                             0.0            0.0          180.0000         0.0          180.0000         0.0                         
0  8.000000E+00     G      0.0            0.0            7.443094E+01   0.0            4.062674E+00   0.0                           
                             0.0            0.0          180.0000         0.0          180.0000         0.0                         
0  9.000000E+00     G      0.0            0.0            1.455126E+02   0.0            7.942535E+00   0.0                           
                             0.0            0.0          180.0000         0.0          180.0000         0.0                         
0  1.000000E+01     G      0.0            0.0            9.462373E+03   0.0            5.164860E+02   0.0                           
                             0.0            0.0            0.0            0.0            0.0            0.0                         
0  1.100000E+01     G      0.0            0.0            1.338605E+02   0.0            7.306528E+00   0.0                           
                             0.0            0.0            0.0            0.0            0.0            0.0                         
1     FREQUENCY RESPONSE OF A 10X10 PLATE                                   /    95 SUN SOLARIS NASTRAN    / MAY 17, 95 / PAGE    28
      NASTRAN DEMONSTRATION PROBLEM NO. D08-01-3A                                                                                   
0                                                                                                                                   
      POINT-ID =     114
                         C O M P L E X   F O R C E S   O F   S I N G L E   P O I N T   C O N S T R A I N T
                                                         (MAGNITUDE/PHASE)
 
      FREQUENCY   TYPE          T1             T2             T3             R1             R2             R3
0  0.0              G      0.0            0.0            3.830532E+01   0.0            4.337253E-01   0.0                           
                             0.0            0.0          180.0000         0.0            0.0            0.0                         
0  8.000000E+00     G      0.0            0.0            1.326369E+02   0.0            1.501827E+00   0.0                           
                             0.0            0.0          180.0000         0.0            0.0            0.0                         
0  9.000000E+00     G      0.0            0.0            2.593054E+02   0.0            2.936075E+00   0.0                           
                             0.0            0.0          180.0000         0.0            0.0            0.0                         
0  1.000000E+01     G      0.0            0.0            1.686207E+04   0.0            1.909267E+02   0.0                           
                             0.0            0.0            0.0            0.0          180.0000         0.0                         
0  1.100000E+01     G      0.0            0.0            2.385412E+02   0.0            2.700966E+00   0.0                           
                             0.0            0.0            0.0            0.0          180.0000         0.0                         
1     FREQUENCY RESPONSE OF A 10X10 PLATE                                   /    95 SUN SOLARIS NASTRAN    / MAY 17, 95 / PAGE    29
      NASTRAN DEMONSTRATION PROBLEM NO. D08-01-3A                                                                                   
0                                                                                                                                   
      POINT-ID =     117
                         C O M P L E X   F O R C E S   O F   S I N G L E   P O I N T   C O N S T R A I N T
                                                         (MAGNITUDE/PHASE)
 
      FREQUENCY   TYPE          T1             T2             T3             R1             R2             R3
0  0.0              G      0.0            0.0            2.526951E+01   0.0            7.729041E-01   0.0                           
                             0.0            0.0          180.0000         0.0            0.0            0.0                         
0  8.000000E+00     G      0.0            0.0            8.749881E+01   0.0            2.676276E+00   0.0                           
                             0.0            0.0          180.0000         0.0            0.0            0.0                         
0  9.000000E+00     G      0.0            0.0            1.710604E+02   0.0            5.232125E+00   0.0                           
                             0.0            0.0          180.0000         0.0            0.0            0.0                         
0  1.000000E+01     G      0.0            0.0            1.112369E+04   0.0            3.402338E+02   0.0                           
                             0.0            0.0            0.0            0.0          180.0000         0.0                         
0  1.100000E+01     G      0.0            0.0            1.573625E+02   0.0            4.813157E+00   0.0                           
                             0.0            0.0            0.0            0.0          180.0000         0.0                         
1     FREQUENCY RESPONSE OF A 10X10 PLATE                                   /    95 SUN SOLARIS NASTRAN    / MAY 17, 95 / PAGE    30
      NASTRAN DEMONSTRATION PROBLEM NO. D08-01-3A                                                                                   
0                                                                                                                                   
      POINT-ID =     121
                         C O M P L E X   F O R C E S   O F   S I N G L E   P O I N T   C O N S T R A I N T
                                                         (MAGNITUDE/PHASE)
 
      FREQUENCY   TYPE          T1             T2             T3             R1             R2             R3
0  0.0              G      0.0            0.0            1.426342E+02   4.776810E-01   4.776810E-01   0.0                           
                             0.0            0.0            0.0          180.0000         0.0            0.0                         
0  8.000000E+00     G      0.0            0.0            4.938884E+02   1.654029E+00   1.654029E+00   0.0                           
                             0.0            0.0            0.0          180.0000         0.0            0.0                         
0  9.000000E+00     G      0.0            0.0            9.655529E+02   3.233631E+00   3.233631E+00   0.0                           
                             0.0            0.0            0.0          180.0000         0.0            0.0                         
0  1.000000E+01     G      0.0            0.0            6.278782E+04   2.102761E+02   2.102761E+02   0.0                           
                             0.0            0.0          180.0000         0.0          180.0000         0.0                         
0  1.100000E+01     G      0.0            0.0            8.882352E+02   2.974694E+00   2.974694E+00   0.0                           
                             0.0            0.0          180.0000         0.0          180.0000         0.0                         
1     FREQUENCY RESPONSE OF A 10X10 PLATE                                   /    95 SUN SOLARIS NASTRAN    / MAY 17, 95 / PAGE    31
      NASTRAN DEMONSTRATION PROBLEM NO. D08-01-3A                                                                                   
0                                                                                                                                   
      POINT-ID =       1
                                       C O M P L E X   D I S P L A C E M E N T   V E C T O R
                                                         (MAGNITUDE/PHASE)
 
      FREQUENCY   TYPE          T1             T2             T3             R1             R2             R3
0  0.0              G      0.0            0.0            1.873926E-04   0.0            0.0            0.0                           
                             0.0            0.0            0.0            0.0            0.0            0.0                         
0  8.000000E+00     G      0.0            0.0            6.488702E-04   0.0            0.0            0.0                           
                             0.0            0.0            0.0            0.0            0.0            0.0                         
0  9.000000E+00     G      0.0            0.0            1.268542E-03   0.0            0.0            0.0                           
                             0.0            0.0            0.0            0.0            0.0            0.0                         
0  1.000000E+01     G      0.0            0.0            8.249059E-02   0.0            0.0            0.0                           
                             0.0            0.0          180.0000         0.0            0.0            0.0                         
0  1.100000E+01     G      0.0            0.0            1.166963E-03   0.0            0.0            0.0                           
                             0.0            0.0          180.0000         0.0            0.0            0.0                         
1     FREQUENCY RESPONSE OF A 10X10 PLATE                                   /    95 SUN SOLARIS NASTRAN    / MAY 17, 95 / PAGE    32
      NASTRAN DEMONSTRATION PROBLEM NO. D08-01-3A                                                                                   
0                                                                                                                                   
      POINT-ID =       4
                                       C O M P L E X   D I S P L A C E M E N T   V E C T O R
                                                         (MAGNITUDE/PHASE)
 
      FREQUENCY   TYPE          T1             T2             T3             R1             R2             R3
0  0.0              G      0.0            0.0            1.669681E-04   0.0            1.335168E-05   0.0                           
                             0.0            0.0            0.0            0.0            0.0            0.0                         
0  8.000000E+00     G      0.0            0.0            5.781475E-04   0.0            4.623182E-05   0.0                           
                             0.0            0.0            0.0            0.0            0.0            0.0                         
0  9.000000E+00     G      0.0            0.0            1.130280E-03   0.0            9.038331E-05   0.0                           
                             0.0            0.0            0.0            0.0            0.0            0.0                         
0  1.000000E+01     G      0.0            0.0            7.349966E-02   0.0            5.877432E-03   0.0                           
                             0.0            0.0          180.0000         0.0          180.0000         0.0                         
0  1.100000E+01     G      0.0            0.0            1.039771E-03   0.0            8.314577E-05   0.0                           
                             0.0            0.0          180.0000         0.0          180.0000         0.0                         
1     FREQUENCY RESPONSE OF A 10X10 PLATE                                   /    95 SUN SOLARIS NASTRAN    / MAY 17, 95 / PAGE    33
      NASTRAN DEMONSTRATION PROBLEM NO. D08-01-3A                                                                                   
0                                                                                                                                   
      POINT-ID =       7
                                       C O M P L E X   D I S P L A C E M E N T   V E C T O R
                                                         (MAGNITUDE/PHASE)
 
      FREQUENCY   TYPE          T1             T2             T3             R1             R2             R3
0  0.0              G      0.0            0.0            1.101466E-04   0.0            2.379286E-05   0.0                           
                             0.0            0.0            0.0            0.0            0.0            0.0                         
0  8.000000E+00     G      0.0            0.0            3.813963E-04   0.0            8.238571E-05   0.0                           
                             0.0            0.0            0.0            0.0            0.0            0.0                         
0  9.000000E+00     G      0.0            0.0            7.456306E-04   0.0            1.610642E-04   0.0                           
                             0.0            0.0            0.0            0.0            0.0            0.0                         
0  1.000000E+01     G      0.0            0.0            4.848675E-02   0.0            1.047366E-02   0.0                           
                             0.0            0.0          180.0000         0.0          180.0000         0.0                         
0  1.100000E+01     G      0.0            0.0            6.859234E-04   0.0            1.481668E-04   0.0                           
                             0.0            0.0          180.0000         0.0          180.0000         0.0                         
1     FREQUENCY RESPONSE OF A 10X10 PLATE                                   /    95 SUN SOLARIS NASTRAN    / MAY 17, 95 / PAGE    34
      NASTRAN DEMONSTRATION PROBLEM NO. D08-01-3A                                                                                   
0                                                                                                                                   
      POINT-ID =      11
                                       C O M P L E X   D I S P L A C E M E N T   V E C T O R
                                                         (MAGNITUDE/PHASE)
 
      FREQUENCY   TYPE          T1             T2             T3             R1             R2             R3
0  0.0              G      0.0            0.0            0.0            0.0            2.940959E-05   0.0                           
                             0.0            0.0            0.0            0.0            0.0            0.0                         
0  8.000000E+00     G      0.0            0.0            0.0            0.0            1.018343E-04   0.0                           
                             0.0            0.0            0.0            0.0            0.0            0.0                         
0  9.000000E+00     G      0.0            0.0            0.0            0.0            1.990864E-04   0.0                           
                             0.0            0.0            0.0            0.0            0.0            0.0                         
0  1.000000E+01     G      0.0            0.0            0.0            0.0            1.294616E-02   0.0                           
                             0.0            0.0            0.0            0.0          180.0000         0.0                         
0  1.100000E+01     G      0.0            0.0            0.0            0.0            1.831443E-04   0.0                           
                             0.0            0.0            0.0            0.0          180.0000         0.0                         
1     FREQUENCY RESPONSE OF A 10X10 PLATE                                   /    95 SUN SOLARIS NASTRAN    / MAY 17, 95 / PAGE    35
      NASTRAN DEMONSTRATION PROBLEM NO. D08-01-3A                                                                                   
0                                                                                                                                   
      POINT-ID =      45
                                       C O M P L E X   D I S P L A C E M E N T   V E C T O R
                                                         (MAGNITUDE/PHASE)
 
      FREQUENCY   TYPE          T1             T2             T3             R1             R2             R3
0  0.0              G      0.0            0.0            1.516038E-04   1.728652E-05   0.0            0.0                           
                             0.0            0.0            0.0          180.0000         0.0            0.0                         
0  8.000000E+00     G      0.0            0.0            5.249470E-04   5.985672E-05   0.0            0.0                           
                             0.0            0.0            0.0          180.0000         0.0            0.0                         
0  9.000000E+00     G      0.0            0.0            1.026272E-03   1.170200E-04   0.0            0.0                           
                             0.0            0.0            0.0          180.0000         0.0            0.0                         
0  1.000000E+01     G      0.0            0.0            6.673629E-02   7.609560E-03   0.0            0.0                           
                             0.0            0.0          180.0000         0.0            0.0            0.0                         
0  1.100000E+01     G      0.0            0.0            9.440926E-04   1.076495E-04   0.0            0.0                           
                             0.0            0.0          180.0000         0.0            0.0            0.0                         
1     FREQUENCY RESPONSE OF A 10X10 PLATE                                   /    95 SUN SOLARIS NASTRAN    / MAY 17, 95 / PAGE    36
      NASTRAN DEMONSTRATION PROBLEM NO. D08-01-3A                                                                                   
0                                                                                                                                   
      POINT-ID =      55
                                       C O M P L E X   D I S P L A C E M E N T   V E C T O R
                                                         (MAGNITUDE/PHASE)
 
      FREQUENCY   TYPE          T1             T2             T3             R1             R2             R3
0  0.0              G      0.0            0.0            0.0            0.0            2.379286E-05   0.0                           
                             0.0            0.0            0.0            0.0            0.0            0.0                         
0  8.000000E+00     G      0.0            0.0            0.0            0.0            8.238571E-05   0.0                           
                             0.0            0.0            0.0            0.0            0.0            0.0                         
0  9.000000E+00     G      0.0            0.0            0.0            0.0            1.610642E-04   0.0                           
                             0.0            0.0            0.0            0.0            0.0            0.0                         
0  1.000000E+01     G      0.0            0.0            0.0            0.0            1.047366E-02   0.0                           
                             0.0            0.0            0.0            0.0          180.0000         0.0                         
0  1.100000E+01     G      0.0            0.0            0.0            0.0            1.481668E-04   0.0                           
                             0.0            0.0            0.0            0.0          180.0000         0.0                         
1     FREQUENCY RESPONSE OF A 10X10 PLATE                                   /    95 SUN SOLARIS NASTRAN    / MAY 17, 95 / PAGE    37
      NASTRAN DEMONSTRATION PROBLEM NO. D08-01-3A                                                                                   
0                                                                                                                                   
      POINT-ID =      78
                                       C O M P L E X   D I S P L A C E M E N T   V E C T O R
                                                         (MAGNITUDE/PHASE)
 
      FREQUENCY   TYPE          T1             T2             T3             R1             R2             R3
0  0.0              G      0.0            0.0            8.507448E-05   2.620414E-05   0.0            0.0                           
                             0.0            0.0            0.0          180.0000         0.0            0.0                         
0  8.000000E+00     G      0.0            0.0            2.945809E-04   9.073506E-05   0.0            0.0                           
                             0.0            0.0            0.0          180.0000         0.0            0.0                         
0  9.000000E+00     G      0.0            0.0            5.759062E-04   1.773872E-04   0.0            0.0                           
                             0.0            0.0            0.0          180.0000         0.0            0.0                         
0  1.000000E+01     G      0.0            0.0            3.744994E-02   1.153511E-02   0.0            0.0                           
                             0.0            0.0          180.0000         0.0            0.0            0.0                         
0  1.100000E+01     G      0.0            0.0            5.297899E-04   1.631828E-04   0.0            0.0                           
                             0.0            0.0          180.0000         0.0            0.0            0.0                         
1     FREQUENCY RESPONSE OF A 10X10 PLATE                                   /    95 SUN SOLARIS NASTRAN    / MAY 17, 95 / PAGE    38
      NASTRAN DEMONSTRATION PROBLEM NO. D08-01-3A                                                                                   
0                                                                                                                                   
      POINT-ID =      88
                                       C O M P L E X   D I S P L A C E M E N T   V E C T O R
                                                         (MAGNITUDE/PHASE)
 
      FREQUENCY   TYPE          T1             T2             T3             R1             R2             R3
0  0.0              G      0.0            0.0            0.0            0.0            1.335168E-05   0.0                           
                             0.0            0.0            0.0            0.0            0.0            0.0                         
0  8.000000E+00     G      0.0            0.0            0.0            0.0            4.623182E-05   0.0                           
                             0.0            0.0            0.0            0.0            0.0            0.0                         
0  9.000000E+00     G      0.0            0.0            0.0            0.0            9.038331E-05   0.0                           
                             0.0            0.0            0.0            0.0            0.0            0.0                         
0  1.000000E+01     G      0.0            0.0            0.0            0.0            5.877432E-03   0.0                           
                             0.0            0.0            0.0            0.0          180.0000         0.0                         
0  1.100000E+01     G      0.0            0.0            0.0            0.0            8.314577E-05   0.0                           
                             0.0            0.0            0.0            0.0          180.0000         0.0                         
1     FREQUENCY RESPONSE OF A 10X10 PLATE                                   /    95 SUN SOLARIS NASTRAN    / MAY 17, 95 / PAGE    39
      NASTRAN DEMONSTRATION PROBLEM NO. D08-01-3A                                                                                   
0                                                                                                                                   
      POINT-ID =     111
                                       C O M P L E X   D I S P L A C E M E N T   V E C T O R
                                                         (MAGNITUDE/PHASE)
 
      FREQUENCY   TYPE          T1             T2             T3             R1             R2             R3
0  0.0              G      0.0            0.0            0.0            2.940959E-05   0.0            0.0                           
                             0.0            0.0            0.0          180.0000         0.0            0.0                         
0  8.000000E+00     G      0.0            0.0            0.0            1.018343E-04   0.0            0.0                           
                             0.0            0.0            0.0          180.0000         0.0            0.0                         
0  9.000000E+00     G      0.0            0.0            0.0            1.990864E-04   0.0            0.0                           
                             0.0            0.0            0.0          180.0000         0.0            0.0                         
0  1.000000E+01     G      0.0            0.0            0.0            1.294616E-02   0.0            0.0                           
                             0.0            0.0            0.0            0.0            0.0            0.0                         
0  1.100000E+01     G      0.0            0.0            0.0            1.831443E-04   0.0            0.0                           
                             0.0            0.0            0.0            0.0            0.0            0.0                         
1     FREQUENCY RESPONSE OF A 10X10 PLATE                                   /    95 SUN SOLARIS NASTRAN    / MAY 17, 95 / PAGE    40
      NASTRAN DEMONSTRATION PROBLEM NO. D08-01-3A                                                                                   
0                                                                                                                                   
      POINT-ID =     114
                                       C O M P L E X   D I S P L A C E M E N T   V E C T O R
                                                         (MAGNITUDE/PHASE)
 
      FREQUENCY   TYPE          T1             T2             T3             R1             R2             R3
0  0.0              G      0.0            0.0            0.0            2.620414E-05   0.0            0.0                           
                             0.0            0.0            0.0          180.0000         0.0            0.0                         
0  8.000000E+00     G      0.0            0.0            0.0            9.073506E-05   0.0            0.0                           
                             0.0            0.0            0.0          180.0000         0.0            0.0                         
0  9.000000E+00     G      0.0            0.0            0.0            1.773872E-04   0.0            0.0                           
                             0.0            0.0            0.0          180.0000         0.0            0.0                         
0  1.000000E+01     G      0.0            0.0            0.0            1.153511E-02   0.0            0.0                           
                             0.0            0.0            0.0            0.0            0.0            0.0                         
0  1.100000E+01     G      0.0            0.0            0.0            1.631828E-04   0.0            0.0                           
                             0.0            0.0            0.0            0.0            0.0            0.0                         
1     FREQUENCY RESPONSE OF A 10X10 PLATE                                   /    95 SUN SOLARIS NASTRAN    / MAY 17, 95 / PAGE    41
      NASTRAN DEMONSTRATION PROBLEM NO. D08-01-3A                                                                                   
0                                                                                                                                   
      POINT-ID =     117
                                       C O M P L E X   D I S P L A C E M E N T   V E C T O R
                                                         (MAGNITUDE/PHASE)
 
      FREQUENCY   TYPE          T1             T2             T3             R1             R2             R3
0  0.0              G      0.0            0.0            0.0            1.728652E-05   0.0            0.0                           
                             0.0            0.0            0.0          180.0000         0.0            0.0                         
0  8.000000E+00     G      0.0            0.0            0.0            5.985672E-05   0.0            0.0                           
                             0.0            0.0            0.0          180.0000         0.0            0.0                         
0  9.000000E+00     G      0.0            0.0            0.0            1.170200E-04   0.0            0.0                           
                             0.0            0.0            0.0          180.0000         0.0            0.0                         
0  1.000000E+01     G      0.0            0.0            0.0            7.609560E-03   0.0            0.0                           
                             0.0            0.0            0.0            0.0            0.0            0.0                         
0  1.100000E+01     G      0.0            0.0            0.0            1.076495E-04   0.0            0.0                           
                             0.0            0.0            0.0            0.0            0.0            0.0                         
1     FREQUENCY RESPONSE OF A 10X10 PLATE                                   /    95 SUN SOLARIS NASTRAN    / MAY 17, 95 / PAGE    42
      NASTRAN DEMONSTRATION PROBLEM NO. D08-01-3A                                                                                   
0                                                                                                                                   
      POINT-ID =     121
                                       C O M P L E X   D I S P L A C E M E N T   V E C T O R
                                                         (MAGNITUDE/PHASE)
 
      FREQUENCY   TYPE          T1             T2             T3             R1             R2             R3
0  0.0              G      0.0            0.0            0.0            0.0            0.0            0.0                           
                             0.0            0.0            0.0            0.0            0.0            0.0                         
0  8.000000E+00     G      0.0            0.0            0.0            0.0            0.0            0.0                           
                             0.0            0.0            0.0            0.0            0.0            0.0                         
0  9.000000E+00     G      0.0            0.0            0.0            0.0            0.0            0.0                           
                             0.0            0.0            0.0            0.0            0.0            0.0                         
0  1.000000E+01     G      0.0            0.0            0.0            0.0            0.0            0.0                           
                             0.0            0.0            0.0            0.0            0.0            0.0                         
0  1.100000E+01     G      0.0            0.0            0.0            0.0            0.0            0.0                           
                             0.0            0.0            0.0            0.0            0.0            0.0                         




                                        * * * END OF JOB * * *
1
 JOB TITLE =  FREQUENCY RESPONSE OF A 10X10 PLATE                                
 DATE:  5/17/95
 END TIME: 16: 3: 5
 TOTAL WALL CLOCK TIME      3 SEC.
 
